Copyright 1986-2020 Xilinx, Inc. All Rights Reserved.
--------------------------------------------------------------------------------------------------------------------------------------------------------------------------------------------
| Tool Version : Vivado v.2020.1 (win64) Build 2902540 Wed May 27 19:54:49 MDT 2020
| Date         : Tue Mar  3 11:47:00 2026
| Host         : HU-DOPX-ML05 running 64-bit major release  (build 9200)
| Command      : report_timing_summary -max_paths 10 -file top_alu_timing_summary_routed.rpt -pb top_alu_timing_summary_routed.pb -rpx top_alu_timing_summary_routed.rpx -warn_on_violation
| Design       : top_alu
| Device       : 7a35t-cpg236
| Speed File   : -1  PRODUCTION 1.23 2018-06-13
--------------------------------------------------------------------------------------------------------------------------------------------------------------------------------------------

Timing Summary Report

------------------------------------------------------------------------------------------------
| Timer Settings
| --------------
------------------------------------------------------------------------------------------------

  Enable Multi Corner Analysis               :  Yes
  Enable Pessimism Removal                   :  Yes
  Pessimism Removal Resolution               :  Nearest Common Node
  Enable Input Delay Default Clock           :  No
  Enable Preset / Clear Arcs                 :  No
  Disable Flight Delays                      :  No
  Ignore I/O Paths                           :  No
  Timing Early Launch at Borrowing Latches   :  No
  Borrow Time for Max Delay Exceptions       :  Yes
  Merge Timing Exceptions                    :  Yes

  Corner  Analyze    Analyze    
  Name    Max Paths  Min Paths  
  ------  ---------  ---------  
  Slow    Yes        Yes        
  Fast    Yes        Yes        



check_timing report

Table of Contents
-----------------
1. checking no_clock (0)
2. checking constant_clock (0)
3. checking pulse_width_clock (0)
4. checking unconstrained_internal_endpoints (0)
5. checking no_input_delay (11)
6. checking no_output_delay (13)
7. checking multiple_clock (0)
8. checking generated_clocks (0)
9. checking loops (0)
10. checking partial_input_delay (0)
11. checking partial_output_delay (0)
12. checking latch_loops (0)

1. checking no_clock (0)
------------------------
 There are 0 register/latch pins with no clock.


2. checking constant_clock (0)
------------------------------
 There are 0 register/latch pins with constant_clock.


3. checking pulse_width_clock (0)
---------------------------------
 There are 0 register/latch pins which need pulse_width check


4. checking unconstrained_internal_endpoints (0)
------------------------------------------------
 There are 0 pins that are not constrained for maximum delay.

 There are 0 pins that are not constrained for maximum delay due to constant clock.


5. checking no_input_delay (11)
-------------------------------
 There are 11 input ports with no input delay specified. (HIGH)

 There are 0 input ports with no input delay but user has a false path constraint.


6. checking no_output_delay (13)
--------------------------------
 There are 13 ports with no output delay specified. (HIGH)

 There are 0 ports with no output delay but user has a false path constraint

 There are 0 ports with no output delay but with a timing clock defined on it or propagating through it


7. checking multiple_clock (0)
------------------------------
 There are 0 register/latch pins with multiple clocks.


8. checking generated_clocks (0)
--------------------------------
 There are 0 generated clocks that are not connected to a clock source.


9. checking loops (0)
---------------------
 There are 0 combinational loops in the design.


10. checking partial_input_delay (0)
------------------------------------
 There are 0 input ports with partial input delay specified.


11. checking partial_output_delay (0)
-------------------------------------
 There are 0 ports with partial output delay specified.


12. checking latch_loops (0)
----------------------------
 There are 0 combinational latch loops in the design through latch input



------------------------------------------------------------------------------------------------
| Design Timing Summary
| ---------------------
------------------------------------------------------------------------------------------------

    WNS(ns)      TNS(ns)  TNS Failing Endpoints  TNS Total Endpoints      WHS(ns)      THS(ns)  THS Failing Endpoints  THS Total Endpoints     WPWS(ns)     TPWS(ns)  TPWS Failing Endpoints  TPWS Total Endpoints  
    -------      -------  ---------------------  -------------------      -------      -------  ---------------------  -------------------     --------     --------  ----------------------  --------------------  
      2.887        0.000                      0                  139        0.237        0.000                      0                  139        4.500        0.000                       0                    73  


All user specified timing constraints are met.


------------------------------------------------------------------------------------------------
| Clock Summary
| -------------
------------------------------------------------------------------------------------------------

Clock    Waveform(ns)       Period(ns)      Frequency(MHz)
-----    ------------       ----------      --------------
sys_clk  {0.000 5.000}      10.000          100.000         


------------------------------------------------------------------------------------------------
| Intra Clock Table
| -----------------
------------------------------------------------------------------------------------------------

Clock             WNS(ns)      TNS(ns)  TNS Failing Endpoints  TNS Total Endpoints      WHS(ns)      THS(ns)  THS Failing Endpoints  THS Total Endpoints     WPWS(ns)     TPWS(ns)  TPWS Failing Endpoints  TPWS Total Endpoints  
-----             -------      -------  ---------------------  -------------------      -------      -------  ---------------------  -------------------     --------     --------  ----------------------  --------------------  
sys_clk             2.887        0.000                      0                  139        0.237        0.000                      0                  139        4.500        0.000                       0                    73  


------------------------------------------------------------------------------------------------
| Inter Clock Table
| -----------------
------------------------------------------------------------------------------------------------

From Clock    To Clock          WNS(ns)      TNS(ns)  TNS Failing Endpoints  TNS Total Endpoints      WHS(ns)      THS(ns)  THS Failing Endpoints  THS Total Endpoints  
----------    --------          -------      -------  ---------------------  -------------------      -------      -------  ---------------------  -------------------  


------------------------------------------------------------------------------------------------
| Other Path Groups Table
| -----------------------
------------------------------------------------------------------------------------------------

Path Group    From Clock    To Clock          WNS(ns)      TNS(ns)  TNS Failing Endpoints  TNS Total Endpoints      WHS(ns)      THS(ns)  THS Failing Endpoints  THS Total Endpoints  
----------    ----------    --------          -------      -------  ---------------------  -------------------      -------      -------  ---------------------  -------------------  


------------------------------------------------------------------------------------------------
| Timing Details
| --------------
------------------------------------------------------------------------------------------------


---------------------------------------------------------------------------------------------------
From Clock:  sys_clk
  To Clock:  sys_clk

Setup :            0  Failing Endpoints,  Worst Slack        2.887ns,  Total Violation        0.000ns
Hold  :            0  Failing Endpoints,  Worst Slack        0.237ns,  Total Violation        0.000ns
PW    :            0  Failing Endpoints,  Worst Slack        4.500ns,  Total Violation        0.000ns
---------------------------------------------------------------------------------------------------


Max Delay Paths
--------------------------------------------------------------------------------------
Slack (MET) :             2.887ns  (required time - arrival time)
  Source:                 RF/regs_reg[1][5]/C
                            (rising edge-triggered cell FDRE clocked by sys_clk  {rise@0.000ns fall@5.000ns period=10.000ns})
  Destination:            RF/regs_reg[2][24]/D
                            (rising edge-triggered cell FDRE clocked by sys_clk  {rise@0.000ns fall@5.000ns period=10.000ns})
  Path Group:             sys_clk
  Path Type:              Setup (Max at Slow Process Corner)
  Requirement:            10.000ns  (sys_clk rise@10.000ns - sys_clk rise@0.000ns)
  Data Path Delay:        6.765ns  (logic 1.456ns (21.521%)  route 5.309ns (78.479%))
  Logic Levels:           6  (LUT3=1 LUT5=1 LUT6=4)
  Clock Path Skew:        -0.016ns (DCD - SCD + CPR)
    Destination Clock Delay (DCD):    4.853ns = ( 14.853 - 10.000 ) 
    Source Clock Delay      (SCD):    5.142ns
    Clock Pessimism Removal (CPR):    0.273ns
  Clock Uncertainty:      0.035ns  ((TSJ^2 + TIJ^2)^1/2 + DJ) / 2 + PE
    Total System Jitter     (TSJ):    0.071ns
    Total Input Jitter      (TIJ):    0.000ns
    Discrete Jitter          (DJ):    0.000ns
    Phase Error              (PE):    0.000ns

    Location             Delay type                Incr(ns)  Path(ns)    Netlist Resource(s)
  -------------------------------------------------------------------    -------------------
                         (clock sys_clk rise edge)    0.000     0.000 r  
    W5                                                0.000     0.000 r  clk (IN)
                         net (fo=0)                   0.000     0.000    clk
    W5                   IBUF (Prop_ibuf_I_O)         1.458     1.458 r  clk_IBUF_inst/O
                         net (fo=1, routed)           1.967     3.425    clk_IBUF
    BUFGCTRL_X0Y0        BUFG (Prop_bufg_I_O)         0.096     3.521 r  clk_IBUF_BUFG_inst/O
                         net (fo=72, routed)          1.621     5.142    RF/CLK
    SLICE_X7Y28          FDRE                                         r  RF/regs_reg[1][5]/C
  -------------------------------------------------------------------    -------------------
    SLICE_X7Y28          FDRE (Prop_fdre_C_Q)         0.456     5.598 r  RF/regs_reg[1][5]/Q
                         net (fo=10, routed)          1.277     6.875    RF/Q[5]
    SLICE_X9Y30          LUT5 (Prop_lut5_I2_O)        0.152     7.027 r  RF/regs[2][28]_i_8/O
                         net (fo=4, routed)           0.957     7.984    RF/regs[2][28]_i_8_n_0
    SLICE_X8Y33          LUT6 (Prop_lut6_I1_O)        0.326     8.310 r  RF/regs[2][24]_i_8/O
                         net (fo=2, routed)           0.791     9.101    RF/regs[2][24]_i_8_n_0
    SLICE_X7Y35          LUT6 (Prop_lut6_I0_O)        0.124     9.225 r  RF/regs[2][24]_i_6/O
                         net (fo=1, routed)           0.509     9.734    RF/regs[2][24]_i_6_n_0
    SLICE_X8Y35          LUT6 (Prop_lut6_I5_O)        0.124     9.858 r  RF/regs[2][24]_i_4/O
                         net (fo=1, routed)           0.526    10.385    RF/regs[2][24]_i_4_n_0
    SLICE_X4Y35          LUT6 (Prop_lut6_I4_O)        0.124    10.509 r  RF/regs[2][24]_i_2/O
                         net (fo=2, routed)           0.910    11.418    fsm/regs_reg[2][28][5]
    SLICE_X4Y35          LUT3 (Prop_lut3_I0_O)        0.150    11.568 r  fsm/regs[2][24]_i_1/O
                         net (fo=2, routed)           0.339    11.908    RF/D[6]
    SLICE_X4Y36          FDRE                                         r  RF/regs_reg[2][24]/D
  -------------------------------------------------------------------    -------------------

                         (clock sys_clk rise edge)   10.000    10.000 r  
    W5                                                0.000    10.000 r  clk (IN)
                         net (fo=0)                   0.000    10.000    clk
    W5                   IBUF (Prop_ibuf_I_O)         1.388    11.388 r  clk_IBUF_inst/O
                         net (fo=1, routed)           1.862    13.250    clk_IBUF
    BUFGCTRL_X0Y0        BUFG (Prop_bufg_I_O)         0.091    13.341 r  clk_IBUF_BUFG_inst/O
                         net (fo=72, routed)          1.512    14.853    RF/CLK
    SLICE_X4Y36          FDRE                                         r  RF/regs_reg[2][24]/C
                         clock pessimism              0.273    15.126    
                         clock uncertainty           -0.035    15.091    
    SLICE_X4Y36          FDRE (Setup_fdre_C_D)       -0.296    14.795    RF/regs_reg[2][24]
  -------------------------------------------------------------------
                         required time                         14.795    
                         arrival time                         -11.908    
  -------------------------------------------------------------------
                         slack                                  2.887    

Slack (MET) :             3.069ns  (required time - arrival time)
  Source:                 RF/regs_reg[1][5]/C
                            (rising edge-triggered cell FDRE clocked by sys_clk  {rise@0.000ns fall@5.000ns period=10.000ns})
  Destination:            RF/regs_reg[1][28]/D
                            (rising edge-triggered cell FDRE clocked by sys_clk  {rise@0.000ns fall@5.000ns period=10.000ns})
  Path Group:             sys_clk
  Path Type:              Setup (Max at Slow Process Corner)
  Requirement:            10.000ns  (sys_clk rise@10.000ns - sys_clk rise@0.000ns)
  Data Path Delay:        6.567ns  (logic 1.456ns (22.171%)  route 5.111ns (77.829%))
  Logic Levels:           6  (LUT3=1 LUT5=1 LUT6=4)
  Clock Path Skew:        -0.016ns (DCD - SCD + CPR)
    Destination Clock Delay (DCD):    4.853ns = ( 14.853 - 10.000 ) 
    Source Clock Delay      (SCD):    5.142ns
    Clock Pessimism Removal (CPR):    0.273ns
  Clock Uncertainty:      0.035ns  ((TSJ^2 + TIJ^2)^1/2 + DJ) / 2 + PE
    Total System Jitter     (TSJ):    0.071ns
    Total Input Jitter      (TIJ):    0.000ns
    Discrete Jitter          (DJ):    0.000ns
    Phase Error              (PE):    0.000ns

    Location             Delay type                Incr(ns)  Path(ns)    Netlist Resource(s)
  -------------------------------------------------------------------    -------------------
                         (clock sys_clk rise edge)    0.000     0.000 r  
    W5                                                0.000     0.000 r  clk (IN)
                         net (fo=0)                   0.000     0.000    clk
    W5                   IBUF (Prop_ibuf_I_O)         1.458     1.458 r  clk_IBUF_inst/O
                         net (fo=1, routed)           1.967     3.425    clk_IBUF
    BUFGCTRL_X0Y0        BUFG (Prop_bufg_I_O)         0.096     3.521 r  clk_IBUF_BUFG_inst/O
                         net (fo=72, routed)          1.621     5.142    RF/CLK
    SLICE_X7Y28          FDRE                                         r  RF/regs_reg[1][5]/C
  -------------------------------------------------------------------    -------------------
    SLICE_X7Y28          FDRE (Prop_fdre_C_Q)         0.456     5.598 r  RF/regs_reg[1][5]/Q
                         net (fo=10, routed)          1.277     6.875    RF/Q[5]
    SLICE_X9Y30          LUT5 (Prop_lut5_I2_O)        0.152     7.027 r  RF/regs[2][28]_i_8/O
                         net (fo=4, routed)           0.954     7.981    RF/regs[2][28]_i_8_n_0
    SLICE_X8Y33          LUT6 (Prop_lut6_I0_O)        0.326     8.307 r  RF/regs[2][28]_i_7/O
                         net (fo=2, routed)           0.868     9.175    RF/regs[2][28]_i_7_n_0
    SLICE_X4Y36          LUT6 (Prop_lut6_I0_O)        0.124     9.299 r  RF/regs[2][28]_i_6/O
                         net (fo=2, routed)           0.171     9.470    RF/regs[2][28]_i_6_n_0
    SLICE_X4Y36          LUT6 (Prop_lut6_I5_O)        0.124     9.594 r  RF/regs[2][28]_i_4/O
                         net (fo=1, routed)           0.444    10.038    RF/regs[2][28]_i_4_n_0
    SLICE_X4Y36          LUT6 (Prop_lut6_I4_O)        0.124    10.162 r  RF/regs[2][28]_i_2/O
                         net (fo=1, routed)           0.574    10.736    fsm/regs_reg[2][28][6]
    SLICE_X4Y35          LUT3 (Prop_lut3_I0_O)        0.150    10.886 r  fsm/regs[2][28]_i_1/O
                         net (fo=2, routed)           0.823    11.709    RF/D[7]
    SLICE_X5Y36          FDRE                                         r  RF/regs_reg[1][28]/D
  -------------------------------------------------------------------    -------------------

                         (clock sys_clk rise edge)   10.000    10.000 r  
    W5                                                0.000    10.000 r  clk (IN)
                         net (fo=0)                   0.000    10.000    clk
    W5                   IBUF (Prop_ibuf_I_O)         1.388    11.388 r  clk_IBUF_inst/O
                         net (fo=1, routed)           1.862    13.250    clk_IBUF
    BUFGCTRL_X0Y0        BUFG (Prop_bufg_I_O)         0.091    13.341 r  clk_IBUF_BUFG_inst/O
                         net (fo=72, routed)          1.512    14.853    RF/CLK
    SLICE_X5Y36          FDRE                                         r  RF/regs_reg[1][28]/C
                         clock pessimism              0.273    15.126    
                         clock uncertainty           -0.035    15.091    
    SLICE_X5Y36          FDRE (Setup_fdre_C_D)       -0.313    14.778    RF/regs_reg[1][28]
  -------------------------------------------------------------------
                         required time                         14.778    
                         arrival time                         -11.709    
  -------------------------------------------------------------------
                         slack                                  3.069    

Slack (MET) :             3.144ns  (required time - arrival time)
  Source:                 RF/regs_reg[1][5]/C
                            (rising edge-triggered cell FDRE clocked by sys_clk  {rise@0.000ns fall@5.000ns period=10.000ns})
  Destination:            RF/regs_reg[1][23]/D
                            (rising edge-triggered cell FDRE clocked by sys_clk  {rise@0.000ns fall@5.000ns period=10.000ns})
  Path Group:             sys_clk
  Path Type:              Setup (Max at Slow Process Corner)
  Requirement:            10.000ns  (sys_clk rise@10.000ns - sys_clk rise@0.000ns)
  Data Path Delay:        6.497ns  (logic 1.424ns (21.917%)  route 5.073ns (78.083%))
  Logic Levels:           6  (LUT2=1 LUT5=1 LUT6=4)
  Clock Path Skew:        -0.016ns (DCD - SCD + CPR)
    Destination Clock Delay (DCD):    4.853ns = ( 14.853 - 10.000 ) 
    Source Clock Delay      (SCD):    5.142ns
    Clock Pessimism Removal (CPR):    0.273ns
  Clock Uncertainty:      0.035ns  ((TSJ^2 + TIJ^2)^1/2 + DJ) / 2 + PE
    Total System Jitter     (TSJ):    0.071ns
    Total Input Jitter      (TIJ):    0.000ns
    Discrete Jitter          (DJ):    0.000ns
    Phase Error              (PE):    0.000ns

    Location             Delay type                Incr(ns)  Path(ns)    Netlist Resource(s)
  -------------------------------------------------------------------    -------------------
                         (clock sys_clk rise edge)    0.000     0.000 r  
    W5                                                0.000     0.000 r  clk (IN)
                         net (fo=0)                   0.000     0.000    clk
    W5                   IBUF (Prop_ibuf_I_O)         1.458     1.458 r  clk_IBUF_inst/O
                         net (fo=1, routed)           1.967     3.425    clk_IBUF
    BUFGCTRL_X0Y0        BUFG (Prop_bufg_I_O)         0.096     3.521 r  clk_IBUF_BUFG_inst/O
                         net (fo=72, routed)          1.621     5.142    RF/CLK
    SLICE_X7Y28          FDRE                                         r  RF/regs_reg[1][5]/C
  -------------------------------------------------------------------    -------------------
    SLICE_X7Y28          FDRE (Prop_fdre_C_Q)         0.456     5.598 r  RF/regs_reg[1][5]/Q
                         net (fo=10, routed)          1.277     6.875    RF/Q[5]
    SLICE_X9Y30          LUT5 (Prop_lut5_I2_O)        0.152     7.027 r  RF/regs[2][28]_i_8/O
                         net (fo=4, routed)           0.957     7.984    RF/regs[2][28]_i_8_n_0
    SLICE_X8Y33          LUT6 (Prop_lut6_I1_O)        0.326     8.310 r  RF/regs[2][24]_i_8/O
                         net (fo=2, routed)           0.456     8.766    RF/regs[2][24]_i_8_n_0
    SLICE_X8Y34          LUT6 (Prop_lut6_I2_O)        0.124     8.890 r  RF/regs[2][23]_i_6/O
                         net (fo=1, routed)           0.470     9.360    RF/regs[2][23]_i_6_n_0
    SLICE_X8Y35          LUT6 (Prop_lut6_I5_O)        0.124     9.484 r  RF/regs[2][23]_i_4/O
                         net (fo=1, routed)           0.625    10.109    RF/regs[2][23]_i_4_n_0
    SLICE_X7Y35          LUT6 (Prop_lut6_I4_O)        0.124    10.233 r  RF/regs[2][23]_i_2/O
                         net (fo=2, routed)           0.469    10.702    RF/ALUResult[23]
    SLICE_X7Y35          LUT2 (Prop_lut2_I0_O)        0.118    10.820 r  RF/regs[2][23]_i_1/O
                         net (fo=2, routed)           0.820    11.640    RF/regs[2][23]_i_1_n_0
    SLICE_X5Y35          FDRE                                         r  RF/regs_reg[1][23]/D
  -------------------------------------------------------------------    -------------------

                         (clock sys_clk rise edge)   10.000    10.000 r  
    W5                                                0.000    10.000 r  clk (IN)
                         net (fo=0)                   0.000    10.000    clk
    W5                   IBUF (Prop_ibuf_I_O)         1.388    11.388 r  clk_IBUF_inst/O
                         net (fo=1, routed)           1.862    13.250    clk_IBUF
    BUFGCTRL_X0Y0        BUFG (Prop_bufg_I_O)         0.091    13.341 r  clk_IBUF_BUFG_inst/O
                         net (fo=72, routed)          1.512    14.853    RF/CLK
    SLICE_X5Y35          FDRE                                         r  RF/regs_reg[1][23]/C
                         clock pessimism              0.273    15.126    
                         clock uncertainty           -0.035    15.091    
    SLICE_X5Y35          FDRE (Setup_fdre_C_D)       -0.307    14.784    RF/regs_reg[1][23]
  -------------------------------------------------------------------
                         required time                         14.784    
                         arrival time                         -11.640    
  -------------------------------------------------------------------
                         slack                                  3.144    

Slack (MET) :             3.182ns  (required time - arrival time)
  Source:                 RF/regs_reg[1][21]/C
                            (rising edge-triggered cell FDRE clocked by sys_clk  {rise@0.000ns fall@5.000ns period=10.000ns})
  Destination:            RF/regs_reg[2][17]/D
                            (rising edge-triggered cell FDRE clocked by sys_clk  {rise@0.000ns fall@5.000ns period=10.000ns})
  Path Group:             sys_clk
  Path Type:              Setup (Max at Slow Process Corner)
  Requirement:            10.000ns  (sys_clk rise@10.000ns - sys_clk rise@0.000ns)
  Data Path Delay:        6.653ns  (logic 1.328ns (19.959%)  route 5.325ns (80.041%))
  Logic Levels:           5  (LUT2=1 LUT4=1 LUT6=3)
  Clock Path Skew:        -0.024ns (DCD - SCD + CPR)
    Destination Clock Delay (DCD):    4.852ns = ( 14.852 - 10.000 ) 
    Source Clock Delay      (SCD):    5.149ns
    Clock Pessimism Removal (CPR):    0.273ns
  Clock Uncertainty:      0.035ns  ((TSJ^2 + TIJ^2)^1/2 + DJ) / 2 + PE
    Total System Jitter     (TSJ):    0.071ns
    Total Input Jitter      (TIJ):    0.000ns
    Discrete Jitter          (DJ):    0.000ns
    Phase Error              (PE):    0.000ns

    Location             Delay type                Incr(ns)  Path(ns)    Netlist Resource(s)
  -------------------------------------------------------------------    -------------------
                         (clock sys_clk rise edge)    0.000     0.000 r  
    W5                                                0.000     0.000 r  clk (IN)
                         net (fo=0)                   0.000     0.000    clk
    W5                   IBUF (Prop_ibuf_I_O)         1.458     1.458 r  clk_IBUF_inst/O
                         net (fo=1, routed)           1.967     3.425    clk_IBUF
    BUFGCTRL_X0Y0        BUFG (Prop_bufg_I_O)         0.096     3.521 r  clk_IBUF_BUFG_inst/O
                         net (fo=72, routed)          1.628     5.149    RF/CLK
    SLICE_X7Y34          FDRE                                         r  RF/regs_reg[1][21]/C
  -------------------------------------------------------------------    -------------------
    SLICE_X7Y34          FDRE (Prop_fdre_C_Q)         0.456     5.605 r  RF/regs_reg[1][21]/Q
                         net (fo=10, routed)          1.708     7.313    RF/Q[21]
    SLICE_X10Y30         LUT4 (Prop_lut4_I2_O)        0.152     7.465 r  RF/regs[2][17]_i_7/O
                         net (fo=2, routed)           0.834     8.299    RF/regs[2][17]_i_7_n_0
    SLICE_X8Y31          LUT6 (Prop_lut6_I3_O)        0.348     8.647 r  RF/regs[2][17]_i_5/O
                         net (fo=2, routed)           0.955     9.602    RF/regs[2][17]_i_5_n_0
    SLICE_X4Y33          LUT6 (Prop_lut6_I0_O)        0.124     9.726 r  RF/regs[2][17]_i_4/O
                         net (fo=1, routed)           0.416    10.141    RF/regs[2][17]_i_4_n_0
    SLICE_X4Y34          LUT6 (Prop_lut6_I4_O)        0.124    10.265 r  RF/regs[2][17]_i_2/O
                         net (fo=2, routed)           0.590    10.855    RF/ALUResult[17]
    SLICE_X3Y34          LUT2 (Prop_lut2_I0_O)        0.124    10.979 r  RF/regs[2][17]_i_1/O
                         net (fo=2, routed)           0.824    11.803    RF/regs[2][17]_i_1_n_0
    SLICE_X5Y34          FDRE                                         r  RF/regs_reg[2][17]/D
  -------------------------------------------------------------------    -------------------

                         (clock sys_clk rise edge)   10.000    10.000 r  
    W5                                                0.000    10.000 r  clk (IN)
                         net (fo=0)                   0.000    10.000    clk
    W5                   IBUF (Prop_ibuf_I_O)         1.388    11.388 r  clk_IBUF_inst/O
                         net (fo=1, routed)           1.862    13.250    clk_IBUF
    BUFGCTRL_X0Y0        BUFG (Prop_bufg_I_O)         0.091    13.341 r  clk_IBUF_BUFG_inst/O
                         net (fo=72, routed)          1.511    14.852    RF/CLK
    SLICE_X5Y34          FDRE                                         r  RF/regs_reg[2][17]/C
                         clock pessimism              0.273    15.125    
                         clock uncertainty           -0.035    15.090    
    SLICE_X5Y34          FDRE (Setup_fdre_C_D)       -0.105    14.985    RF/regs_reg[2][17]
  -------------------------------------------------------------------
                         required time                         14.985    
                         arrival time                         -11.803    
  -------------------------------------------------------------------
                         slack                                  3.182    

Slack (MET) :             3.195ns  (required time - arrival time)
  Source:                 RF/regs_reg[2][3]/C
                            (rising edge-triggered cell FDRE clocked by sys_clk  {rise@0.000ns fall@5.000ns period=10.000ns})
  Destination:            RF/regs_reg[2][9]/D
                            (rising edge-triggered cell FDRE clocked by sys_clk  {rise@0.000ns fall@5.000ns period=10.000ns})
  Path Group:             sys_clk
  Path Type:              Setup (Max at Slow Process Corner)
  Requirement:            10.000ns  (sys_clk rise@10.000ns - sys_clk rise@0.000ns)
  Data Path Delay:        6.483ns  (logic 1.516ns (23.383%)  route 4.967ns (76.617%))
  Logic Levels:           6  (LUT2=1 LUT3=1 LUT6=4)
  Clock Path Skew:        -0.023ns (DCD - SCD + CPR)
    Destination Clock Delay (DCD):    4.847ns = ( 14.847 - 10.000 ) 
    Source Clock Delay      (SCD):    5.143ns
    Clock Pessimism Removal (CPR):    0.273ns
  Clock Uncertainty:      0.035ns  ((TSJ^2 + TIJ^2)^1/2 + DJ) / 2 + PE
    Total System Jitter     (TSJ):    0.071ns
    Total Input Jitter      (TIJ):    0.000ns
    Discrete Jitter          (DJ):    0.000ns
    Phase Error              (PE):    0.000ns

    Location             Delay type                Incr(ns)  Path(ns)    Netlist Resource(s)
  -------------------------------------------------------------------    -------------------
                         (clock sys_clk rise edge)    0.000     0.000 r  
    W5                                                0.000     0.000 r  clk (IN)
                         net (fo=0)                   0.000     0.000    clk
    W5                   IBUF (Prop_ibuf_I_O)         1.458     1.458 r  clk_IBUF_inst/O
                         net (fo=1, routed)           1.967     3.425    clk_IBUF
    BUFGCTRL_X0Y0        BUFG (Prop_bufg_I_O)         0.096     3.521 r  clk_IBUF_BUFG_inst/O
                         net (fo=72, routed)          1.622     5.143    RF/CLK
    SLICE_X6Y29          FDRE                                         r  RF/regs_reg[2][3]/C
  -------------------------------------------------------------------    -------------------
    SLICE_X6Y29          FDRE (Prop_fdre_C_Q)         0.518     5.661 r  RF/regs_reg[2][3]/Q
                         net (fo=82, routed)          1.295     6.956    RF/regs_reg[2][3]
    SLICE_X3Y30          LUT6 (Prop_lut6_I3_O)        0.124     7.080 r  RF/regs[2][11]_i_10/O
                         net (fo=2, routed)           0.818     7.898    RF/regs[2][11]_i_10_n_0
    SLICE_X6Y30          LUT3 (Prop_lut3_I2_O)        0.148     8.046 r  RF/regs[2][9]_i_7/O
                         net (fo=2, routed)           0.455     8.501    RF/regs[2][9]_i_7_n_0
    SLICE_X6Y30          LUT6 (Prop_lut6_I0_O)        0.328     8.829 r  RF/regs[2][9]_i_6/O
                         net (fo=1, routed)           0.513     9.342    RF/regs[2][9]_i_6_n_0
    SLICE_X7Y30          LUT6 (Prop_lut6_I5_O)        0.124     9.466 r  RF/regs[2][9]_i_4/O
                         net (fo=1, routed)           0.404     9.870    RF/regs[2][9]_i_4_n_0
    SLICE_X7Y31          LUT6 (Prop_lut6_I4_O)        0.124     9.994 r  RF/regs[2][9]_i_2/O
                         net (fo=2, routed)           0.843    10.837    RF/ALUResult[9]
    SLICE_X7Y30          LUT2 (Prop_lut2_I0_O)        0.150    10.987 r  RF/regs[2][9]_i_1/O
                         net (fo=2, routed)           0.640    11.626    RF/regs[2][9]_i_1_n_0
    SLICE_X7Y30          FDRE                                         r  RF/regs_reg[2][9]/D
  -------------------------------------------------------------------    -------------------

                         (clock sys_clk rise edge)   10.000    10.000 r  
    W5                                                0.000    10.000 r  clk (IN)
                         net (fo=0)                   0.000    10.000    clk
    W5                   IBUF (Prop_ibuf_I_O)         1.388    11.388 r  clk_IBUF_inst/O
                         net (fo=1, routed)           1.862    13.250    clk_IBUF
    BUFGCTRL_X0Y0        BUFG (Prop_bufg_I_O)         0.091    13.341 r  clk_IBUF_BUFG_inst/O
                         net (fo=72, routed)          1.506    14.847    RF/CLK
    SLICE_X7Y30          FDRE                                         r  RF/regs_reg[2][9]/C
                         clock pessimism              0.273    15.120    
                         clock uncertainty           -0.035    15.085    
    SLICE_X7Y30          FDRE (Setup_fdre_C_D)       -0.263    14.822    RF/regs_reg[2][9]
  -------------------------------------------------------------------
                         required time                         14.822    
                         arrival time                         -11.626    
  -------------------------------------------------------------------
                         slack                                  3.195    

Slack (MET) :             3.224ns  (required time - arrival time)
  Source:                 RF/regs_reg[1][1]/C
                            (rising edge-triggered cell FDRE clocked by sys_clk  {rise@0.000ns fall@5.000ns period=10.000ns})
  Destination:            RF/regs_reg[2][19]/D
                            (rising edge-triggered cell FDRE clocked by sys_clk  {rise@0.000ns fall@5.000ns period=10.000ns})
  Path Group:             sys_clk
  Path Type:              Setup (Max at Slow Process Corner)
  Requirement:            10.000ns  (sys_clk rise@10.000ns - sys_clk rise@0.000ns)
  Data Path Delay:        6.463ns  (logic 1.458ns (22.558%)  route 5.005ns (77.442%))
  Logic Levels:           6  (LUT2=1 LUT5=1 LUT6=4)
  Clock Path Skew:        -0.030ns (DCD - SCD + CPR)
    Destination Clock Delay (DCD):    4.854ns = ( 14.854 - 10.000 ) 
    Source Clock Delay      (SCD):    5.144ns
    Clock Pessimism Removal (CPR):    0.260ns
  Clock Uncertainty:      0.035ns  ((TSJ^2 + TIJ^2)^1/2 + DJ) / 2 + PE
    Total System Jitter     (TSJ):    0.071ns
    Total Input Jitter      (TIJ):    0.000ns
    Discrete Jitter          (DJ):    0.000ns
    Phase Error              (PE):    0.000ns

    Location             Delay type                Incr(ns)  Path(ns)    Netlist Resource(s)
  -------------------------------------------------------------------    -------------------
                         (clock sys_clk rise edge)    0.000     0.000 r  
    W5                                                0.000     0.000 r  clk (IN)
                         net (fo=0)                   0.000     0.000    clk
    W5                   IBUF (Prop_ibuf_I_O)         1.458     1.458 r  clk_IBUF_inst/O
                         net (fo=1, routed)           1.967     3.425    clk_IBUF
    BUFGCTRL_X0Y0        BUFG (Prop_bufg_I_O)         0.096     3.521 r  clk_IBUF_BUFG_inst/O
                         net (fo=72, routed)          1.623     5.144    RF/CLK
    SLICE_X5Y30          FDRE                                         r  RF/regs_reg[1][1]/C
  -------------------------------------------------------------------    -------------------
    SLICE_X5Y30          FDRE (Prop_fdre_C_Q)         0.456     5.600 r  RF/regs_reg[1][1]/Q
                         net (fo=12, routed)          1.036     6.637    RF/Q[1]
    SLICE_X7Y31          LUT5 (Prop_lut5_I2_O)        0.152     6.789 r  RF/regs[2][24]_i_9/O
                         net (fo=4, routed)           1.207     7.995    RF/regs[2][24]_i_9_n_0
    SLICE_X9Y33          LUT6 (Prop_lut6_I1_O)        0.326     8.321 r  RF/regs[2][20]_i_8/O
                         net (fo=2, routed)           0.533     8.854    RF/regs[2][20]_i_8_n_0
    SLICE_X6Y33          LUT6 (Prop_lut6_I2_O)        0.124     8.978 r  RF/regs[2][19]_i_6/O
                         net (fo=1, routed)           0.306     9.284    RF/regs[2][19]_i_6_n_0
    SLICE_X6Y34          LUT6 (Prop_lut6_I5_O)        0.124     9.408 r  RF/regs[2][19]_i_4/O
                         net (fo=1, routed)           0.624    10.032    RF/regs[2][19]_i_4_n_0
    SLICE_X3Y34          LUT6 (Prop_lut6_I4_O)        0.124    10.156 r  RF/regs[2][19]_i_2/O
                         net (fo=2, routed)           0.665    10.821    RF/ALUResult[19]
    SLICE_X3Y34          LUT2 (Prop_lut2_I0_O)        0.152    10.973 r  RF/regs[2][19]_i_1/O
                         net (fo=2, routed)           0.634    11.608    RF/regs[2][19]_i_1_n_0
    SLICE_X2Y34          FDRE                                         r  RF/regs_reg[2][19]/D
  -------------------------------------------------------------------    -------------------

                         (clock sys_clk rise edge)   10.000    10.000 r  
    W5                                                0.000    10.000 r  clk (IN)
                         net (fo=0)                   0.000    10.000    clk
    W5                   IBUF (Prop_ibuf_I_O)         1.388    11.388 r  clk_IBUF_inst/O
                         net (fo=1, routed)           1.862    13.250    clk_IBUF
    BUFGCTRL_X0Y0        BUFG (Prop_bufg_I_O)         0.091    13.341 r  clk_IBUF_BUFG_inst/O
                         net (fo=72, routed)          1.513    14.854    RF/CLK
    SLICE_X2Y34          FDRE                                         r  RF/regs_reg[2][19]/C
                         clock pessimism              0.260    15.114    
                         clock uncertainty           -0.035    15.079    
    SLICE_X2Y34          FDRE (Setup_fdre_C_D)       -0.247    14.832    RF/regs_reg[2][19]
  -------------------------------------------------------------------
                         required time                         14.832    
                         arrival time                         -11.608    
  -------------------------------------------------------------------
                         slack                                  3.224    

Slack (MET) :             3.232ns  (required time - arrival time)
  Source:                 RF/regs_reg[1][3]/C
                            (rising edge-triggered cell FDRE clocked by sys_clk  {rise@0.000ns fall@5.000ns period=10.000ns})
  Destination:            RF/regs_reg[2][22]/D
                            (rising edge-triggered cell FDRE clocked by sys_clk  {rise@0.000ns fall@5.000ns period=10.000ns})
  Path Group:             sys_clk
  Path Type:              Setup (Max at Slow Process Corner)
  Requirement:            10.000ns  (sys_clk rise@10.000ns - sys_clk rise@0.000ns)
  Data Path Delay:        6.441ns  (logic 1.480ns (22.978%)  route 4.961ns (77.022%))
  Logic Levels:           6  (LUT2=1 LUT5=1 LUT6=4)
  Clock Path Skew:        -0.017ns (DCD - SCD + CPR)
    Destination Clock Delay (DCD):    4.853ns = ( 14.853 - 10.000 ) 
    Source Clock Delay      (SCD):    5.143ns
    Clock Pessimism Removal (CPR):    0.273ns
  Clock Uncertainty:      0.035ns  ((TSJ^2 + TIJ^2)^1/2 + DJ) / 2 + PE
    Total System Jitter     (TSJ):    0.071ns
    Total Input Jitter      (TIJ):    0.000ns
    Discrete Jitter          (DJ):    0.000ns
    Phase Error              (PE):    0.000ns

    Location             Delay type                Incr(ns)  Path(ns)    Netlist Resource(s)
  -------------------------------------------------------------------    -------------------
                         (clock sys_clk rise edge)    0.000     0.000 r  
    W5                                                0.000     0.000 r  clk (IN)
                         net (fo=0)                   0.000     0.000    clk
    W5                   IBUF (Prop_ibuf_I_O)         1.458     1.458 r  clk_IBUF_inst/O
                         net (fo=1, routed)           1.967     3.425    clk_IBUF
    BUFGCTRL_X0Y0        BUFG (Prop_bufg_I_O)         0.096     3.521 r  clk_IBUF_BUFG_inst/O
                         net (fo=72, routed)          1.622     5.143    RF/CLK
    SLICE_X5Y29          FDRE                                         r  RF/regs_reg[1][3]/C
  -------------------------------------------------------------------    -------------------
    SLICE_X5Y29          FDRE (Prop_fdre_C_Q)         0.456     5.599 r  RF/regs_reg[1][3]/Q
                         net (fo=12, routed)          1.525     7.125    RF/Q[3]
    SLICE_X10Y32         LUT5 (Prop_lut5_I2_O)        0.152     7.277 r  RF/regs[2][26]_i_9/O
                         net (fo=4, routed)           0.874     8.150    RF/regs[2][26]_i_9_n_0
    SLICE_X9Y33          LUT6 (Prop_lut6_I1_O)        0.348     8.498 r  RF/regs[2][22]_i_8/O
                         net (fo=2, routed)           0.425     8.923    RF/regs[2][22]_i_8_n_0
    SLICE_X8Y34          LUT6 (Prop_lut6_I0_O)        0.124     9.047 r  RF/regs[2][22]_i_6/O
                         net (fo=1, routed)           0.567     9.614    RF/regs[2][22]_i_6_n_0
    SLICE_X8Y36          LUT6 (Prop_lut6_I5_O)        0.124     9.738 r  RF/regs[2][22]_i_4/O
                         net (fo=1, routed)           0.389    10.127    RF/regs[2][22]_i_4_n_0
    SLICE_X7Y36          LUT6 (Prop_lut6_I4_O)        0.124    10.251 r  RF/regs[2][22]_i_2/O
                         net (fo=2, routed)           0.647    10.898    RF/ALUResult[22]
    SLICE_X7Y35          LUT2 (Prop_lut2_I0_O)        0.152    11.050 r  RF/regs[2][22]_i_1/O
                         net (fo=2, routed)           0.534    11.584    RF/regs[2][22]_i_1_n_0
    SLICE_X7Y35          FDRE                                         r  RF/regs_reg[2][22]/D
  -------------------------------------------------------------------    -------------------

                         (clock sys_clk rise edge)   10.000    10.000 r  
    W5                                                0.000    10.000 r  clk (IN)
                         net (fo=0)                   0.000    10.000    clk
    W5                   IBUF (Prop_ibuf_I_O)         1.388    11.388 r  clk_IBUF_inst/O
                         net (fo=1, routed)           1.862    13.250    clk_IBUF
    BUFGCTRL_X0Y0        BUFG (Prop_bufg_I_O)         0.091    13.341 r  clk_IBUF_BUFG_inst/O
                         net (fo=72, routed)          1.512    14.853    RF/CLK
    SLICE_X7Y35          FDRE                                         r  RF/regs_reg[2][22]/C
                         clock pessimism              0.273    15.126    
                         clock uncertainty           -0.035    15.091    
    SLICE_X7Y35          FDRE (Setup_fdre_C_D)       -0.275    14.816    RF/regs_reg[2][22]
  -------------------------------------------------------------------
                         required time                         14.816    
                         arrival time                         -11.584    
  -------------------------------------------------------------------
                         slack                                  3.232    

Slack (MET) :             3.235ns  (required time - arrival time)
  Source:                 RF/regs_reg[2][3]/C
                            (rising edge-triggered cell FDRE clocked by sys_clk  {rise@0.000ns fall@5.000ns period=10.000ns})
  Destination:            RF/regs_reg[2][14]/D
                            (rising edge-triggered cell FDRE clocked by sys_clk  {rise@0.000ns fall@5.000ns period=10.000ns})
  Path Group:             sys_clk
  Path Type:              Setup (Max at Slow Process Corner)
  Requirement:            10.000ns  (sys_clk rise@10.000ns - sys_clk rise@0.000ns)
  Data Path Delay:        6.422ns  (logic 1.392ns (21.676%)  route 5.030ns (78.324%))
  Logic Levels:           5  (LUT2=1 LUT4=1 LUT6=3)
  Clock Path Skew:        -0.023ns (DCD - SCD + CPR)
    Destination Clock Delay (DCD):    4.847ns = ( 14.847 - 10.000 ) 
    Source Clock Delay      (SCD):    5.143ns
    Clock Pessimism Removal (CPR):    0.273ns
  Clock Uncertainty:      0.035ns  ((TSJ^2 + TIJ^2)^1/2 + DJ) / 2 + PE
    Total System Jitter     (TSJ):    0.071ns
    Total Input Jitter      (TIJ):    0.000ns
    Discrete Jitter          (DJ):    0.000ns
    Phase Error              (PE):    0.000ns

    Location             Delay type                Incr(ns)  Path(ns)    Netlist Resource(s)
  -------------------------------------------------------------------    -------------------
                         (clock sys_clk rise edge)    0.000     0.000 r  
    W5                                                0.000     0.000 r  clk (IN)
                         net (fo=0)                   0.000     0.000    clk
    W5                   IBUF (Prop_ibuf_I_O)         1.458     1.458 r  clk_IBUF_inst/O
                         net (fo=1, routed)           1.967     3.425    clk_IBUF
    BUFGCTRL_X0Y0        BUFG (Prop_bufg_I_O)         0.096     3.521 r  clk_IBUF_BUFG_inst/O
                         net (fo=72, routed)          1.622     5.143    RF/CLK
    SLICE_X6Y29          FDRE                                         r  RF/regs_reg[2][3]/C
  -------------------------------------------------------------------    -------------------
    SLICE_X6Y29          FDRE (Prop_fdre_C_Q)         0.518     5.661 r  RF/regs_reg[2][3]/Q
                         net (fo=82, routed)          1.250     6.912    RF/regs_reg[2][3]
    SLICE_X3Y32          LUT4 (Prop_lut4_I1_O)        0.150     7.062 r  RF/regs[2][16]_i_7/O
                         net (fo=2, routed)           0.874     7.936    RF/regs[2][16]_i_7_n_0
    SLICE_X2Y32          LUT6 (Prop_lut6_I0_O)        0.326     8.262 r  RF/regs[2][14]_i_5/O
                         net (fo=2, routed)           1.056     9.317    RF/regs[2][14]_i_5_n_0
    SLICE_X8Y32          LUT6 (Prop_lut6_I0_O)        0.124     9.441 r  RF/regs[2][14]_i_4/O
                         net (fo=1, routed)           0.498     9.940    RF/regs[2][14]_i_4_n_0
    SLICE_X9Y32          LUT6 (Prop_lut6_I4_O)        0.124    10.064 r  RF/regs[2][14]_i_2/O
                         net (fo=2, routed)           0.767    10.831    RF/ALUResult[14]
    SLICE_X10Y30         LUT2 (Prop_lut2_I0_O)        0.150    10.981 r  RF/regs[2][14]_i_1/O
                         net (fo=2, routed)           0.584    11.565    RF/regs[2][14]_i_1_n_0
    SLICE_X7Y30          FDRE                                         r  RF/regs_reg[2][14]/D
  -------------------------------------------------------------------    -------------------

                         (clock sys_clk rise edge)   10.000    10.000 r  
    W5                                                0.000    10.000 r  clk (IN)
                         net (fo=0)                   0.000    10.000    clk
    W5                   IBUF (Prop_ibuf_I_O)         1.388    11.388 r  clk_IBUF_inst/O
                         net (fo=1, routed)           1.862    13.250    clk_IBUF
    BUFGCTRL_X0Y0        BUFG (Prop_bufg_I_O)         0.091    13.341 r  clk_IBUF_BUFG_inst/O
                         net (fo=72, routed)          1.506    14.847    RF/CLK
    SLICE_X7Y30          FDRE                                         r  RF/regs_reg[2][14]/C
                         clock pessimism              0.273    15.120    
                         clock uncertainty           -0.035    15.085    
    SLICE_X7Y30          FDRE (Setup_fdre_C_D)       -0.285    14.800    RF/regs_reg[2][14]
  -------------------------------------------------------------------
                         required time                         14.800    
                         arrival time                         -11.565    
  -------------------------------------------------------------------
                         slack                                  3.235    

Slack (MET) :             3.249ns  (required time - arrival time)
  Source:                 RF/regs_reg[2][3]/C
                            (rising edge-triggered cell FDRE clocked by sys_clk  {rise@0.000ns fall@5.000ns period=10.000ns})
  Destination:            RF/regs_reg[1][14]/D
                            (rising edge-triggered cell FDRE clocked by sys_clk  {rise@0.000ns fall@5.000ns period=10.000ns})
  Path Group:             sys_clk
  Path Type:              Setup (Max at Slow Process Corner)
  Requirement:            10.000ns  (sys_clk rise@10.000ns - sys_clk rise@0.000ns)
  Data Path Delay:        6.423ns  (logic 1.392ns (21.672%)  route 5.031ns (78.328%))
  Logic Levels:           5  (LUT2=1 LUT4=1 LUT6=3)
  Clock Path Skew:        -0.022ns (DCD - SCD + CPR)
    Destination Clock Delay (DCD):    4.848ns = ( 14.848 - 10.000 ) 
    Source Clock Delay      (SCD):    5.143ns
    Clock Pessimism Removal (CPR):    0.273ns
  Clock Uncertainty:      0.035ns  ((TSJ^2 + TIJ^2)^1/2 + DJ) / 2 + PE
    Total System Jitter     (TSJ):    0.071ns
    Total Input Jitter      (TIJ):    0.000ns
    Discrete Jitter          (DJ):    0.000ns
    Phase Error              (PE):    0.000ns

    Location             Delay type                Incr(ns)  Path(ns)    Netlist Resource(s)
  -------------------------------------------------------------------    -------------------
                         (clock sys_clk rise edge)    0.000     0.000 r  
    W5                                                0.000     0.000 r  clk (IN)
                         net (fo=0)                   0.000     0.000    clk
    W5                   IBUF (Prop_ibuf_I_O)         1.458     1.458 r  clk_IBUF_inst/O
                         net (fo=1, routed)           1.967     3.425    clk_IBUF
    BUFGCTRL_X0Y0        BUFG (Prop_bufg_I_O)         0.096     3.521 r  clk_IBUF_BUFG_inst/O
                         net (fo=72, routed)          1.622     5.143    RF/CLK
    SLICE_X6Y29          FDRE                                         r  RF/regs_reg[2][3]/C
  -------------------------------------------------------------------    -------------------
    SLICE_X6Y29          FDRE (Prop_fdre_C_Q)         0.518     5.661 r  RF/regs_reg[2][3]/Q
                         net (fo=82, routed)          1.250     6.912    RF/regs_reg[2][3]
    SLICE_X3Y32          LUT4 (Prop_lut4_I1_O)        0.150     7.062 r  RF/regs[2][16]_i_7/O
                         net (fo=2, routed)           0.874     7.936    RF/regs[2][16]_i_7_n_0
    SLICE_X2Y32          LUT6 (Prop_lut6_I0_O)        0.326     8.262 r  RF/regs[2][14]_i_5/O
                         net (fo=2, routed)           1.056     9.317    RF/regs[2][14]_i_5_n_0
    SLICE_X8Y32          LUT6 (Prop_lut6_I0_O)        0.124     9.441 r  RF/regs[2][14]_i_4/O
                         net (fo=1, routed)           0.498     9.940    RF/regs[2][14]_i_4_n_0
    SLICE_X9Y32          LUT6 (Prop_lut6_I4_O)        0.124    10.064 r  RF/regs[2][14]_i_2/O
                         net (fo=2, routed)           0.767    10.831    RF/ALUResult[14]
    SLICE_X10Y30         LUT2 (Prop_lut2_I0_O)        0.150    10.981 r  RF/regs[2][14]_i_1/O
                         net (fo=2, routed)           0.585    11.566    RF/regs[2][14]_i_1_n_0
    SLICE_X7Y31          FDRE                                         r  RF/regs_reg[1][14]/D
  -------------------------------------------------------------------    -------------------

                         (clock sys_clk rise edge)   10.000    10.000 r  
    W5                                                0.000    10.000 r  clk (IN)
                         net (fo=0)                   0.000    10.000    clk
    W5                   IBUF (Prop_ibuf_I_O)         1.388    11.388 r  clk_IBUF_inst/O
                         net (fo=1, routed)           1.862    13.250    clk_IBUF
    BUFGCTRL_X0Y0        BUFG (Prop_bufg_I_O)         0.091    13.341 r  clk_IBUF_BUFG_inst/O
                         net (fo=72, routed)          1.507    14.848    RF/CLK
    SLICE_X7Y31          FDRE                                         r  RF/regs_reg[1][14]/C
                         clock pessimism              0.273    15.121    
                         clock uncertainty           -0.035    15.086    
    SLICE_X7Y31          FDRE (Setup_fdre_C_D)       -0.271    14.815    RF/regs_reg[1][14]
  -------------------------------------------------------------------
                         required time                         14.815    
                         arrival time                         -11.566    
  -------------------------------------------------------------------
                         slack                                  3.249    

Slack (MET) :             3.282ns  (required time - arrival time)
  Source:                 RF/regs_reg[2][3]/C
                            (rising edge-triggered cell FDRE clocked by sys_clk  {rise@0.000ns fall@5.000ns period=10.000ns})
  Destination:            RF/regs_reg[1][31]/D
                            (rising edge-triggered cell FDRE clocked by sys_clk  {rise@0.000ns fall@5.000ns period=10.000ns})
  Path Group:             sys_clk
  Path Type:              Setup (Max at Slow Process Corner)
  Requirement:            10.000ns  (sys_clk rise@10.000ns - sys_clk rise@0.000ns)
  Data Path Delay:        6.363ns  (logic 1.288ns (20.243%)  route 5.075ns (79.757%))
  Logic Levels:           6  (LUT2=1 LUT6=5)
  Clock Path Skew:        -0.017ns (DCD - SCD + CPR)
    Destination Clock Delay (DCD):    4.853ns = ( 14.853 - 10.000 ) 
    Source Clock Delay      (SCD):    5.143ns
    Clock Pessimism Removal (CPR):    0.273ns
  Clock Uncertainty:      0.035ns  ((TSJ^2 + TIJ^2)^1/2 + DJ) / 2 + PE
    Total System Jitter     (TSJ):    0.071ns
    Total Input Jitter      (TIJ):    0.000ns
    Discrete Jitter          (DJ):    0.000ns
    Phase Error              (PE):    0.000ns

    Location             Delay type                Incr(ns)  Path(ns)    Netlist Resource(s)
  -------------------------------------------------------------------    -------------------
                         (clock sys_clk rise edge)    0.000     0.000 r  
    W5                                                0.000     0.000 r  clk (IN)
                         net (fo=0)                   0.000     0.000    clk
    W5                   IBUF (Prop_ibuf_I_O)         1.458     1.458 r  clk_IBUF_inst/O
                         net (fo=1, routed)           1.967     3.425    clk_IBUF
    BUFGCTRL_X0Y0        BUFG (Prop_bufg_I_O)         0.096     3.521 r  clk_IBUF_BUFG_inst/O
                         net (fo=72, routed)          1.622     5.143    RF/CLK
    SLICE_X6Y29          FDRE                                         r  RF/regs_reg[2][3]/C
  -------------------------------------------------------------------    -------------------
    SLICE_X6Y29          FDRE (Prop_fdre_C_Q)         0.518     5.661 r  RF/regs_reg[2][3]/Q
                         net (fo=82, routed)          1.381     7.042    RF/regs_reg[2][3]
    SLICE_X10Y30         LUT6 (Prop_lut6_I2_O)        0.124     7.166 r  RF/regs[2][31]_i_17/O
                         net (fo=2, routed)           0.844     8.011    RF/regs[2][31]_i_17_n_0
    SLICE_X9Y31          LUT6 (Prop_lut6_I1_O)        0.124     8.135 r  RF/regs[2][31]_i_11/O
                         net (fo=1, routed)           0.758     8.893    RF/regs[2][31]_i_11_n_0
    SLICE_X5Y37          LUT6 (Prop_lut6_I2_O)        0.124     9.017 r  RF/regs[2][31]_i_9/O
                         net (fo=1, routed)           0.407     9.424    RF/regs[2][31]_i_9_n_0
    SLICE_X5Y37          LUT6 (Prop_lut6_I1_O)        0.124     9.548 r  RF/regs[2][31]_i_7/O
                         net (fo=1, routed)           0.433     9.981    RF/regs[2][31]_i_7_n_0
    SLICE_X5Y37          LUT6 (Prop_lut6_I4_O)        0.124    10.105 r  RF/regs[2][31]_i_6/O
                         net (fo=2, routed)           0.517    10.621    RF/ALUResult[31]
    SLICE_X4Y37          LUT2 (Prop_lut2_I0_O)        0.150    10.771 r  RF/regs[2][31]_i_2/O
                         net (fo=2, routed)           0.735    11.506    RF/regs[2][31]_i_2_n_0
    SLICE_X5Y36          FDRE                                         r  RF/regs_reg[1][31]/D
  -------------------------------------------------------------------    -------------------

                         (clock sys_clk rise edge)   10.000    10.000 r  
    W5                                                0.000    10.000 r  clk (IN)
                         net (fo=0)                   0.000    10.000    clk
    W5                   IBUF (Prop_ibuf_I_O)         1.388    11.388 r  clk_IBUF_inst/O
                         net (fo=1, routed)           1.862    13.250    clk_IBUF
    BUFGCTRL_X0Y0        BUFG (Prop_bufg_I_O)         0.091    13.341 r  clk_IBUF_BUFG_inst/O
                         net (fo=72, routed)          1.512    14.853    RF/CLK
    SLICE_X5Y36          FDRE                                         r  RF/regs_reg[1][31]/C
                         clock pessimism              0.273    15.126    
                         clock uncertainty           -0.035    15.091    
    SLICE_X5Y36          FDRE (Setup_fdre_C_D)       -0.303    14.788    RF/regs_reg[1][31]
  -------------------------------------------------------------------
                         required time                         14.788    
                         arrival time                         -11.506    
  -------------------------------------------------------------------
                         slack                                  3.282    





Min Delay Paths
--------------------------------------------------------------------------------------
Slack (MET) :             0.237ns  (arrival time - required time)
  Source:                 fsm/FSM_onehot_state_reg[1]/C
                            (rising edge-triggered cell FDRE clocked by sys_clk  {rise@0.000ns fall@5.000ns period=10.000ns})
  Destination:            fsm/rd_init_reg[1]/D
                            (rising edge-triggered cell FDRE clocked by sys_clk  {rise@0.000ns fall@5.000ns period=10.000ns})
  Path Group:             sys_clk
  Path Type:              Hold (Min at Fast Process Corner)
  Requirement:            0.000ns  (sys_clk rise@0.000ns - sys_clk rise@0.000ns)
  Data Path Delay:        0.358ns  (logic 0.190ns (53.029%)  route 0.168ns (46.971%))
  Logic Levels:           1  (LUT4=1)
  Clock Path Skew:        0.014ns (DCD - SCD - CPR)
    Destination Clock Delay (DCD):    1.987ns
    Source Clock Delay      (SCD):    1.474ns
    Clock Pessimism Removal (CPR):    0.499ns

    Location             Delay type                Incr(ns)  Path(ns)    Netlist Resource(s)
  -------------------------------------------------------------------    -------------------
                         (clock sys_clk rise edge)    0.000     0.000 r  
    W5                                                0.000     0.000 r  clk (IN)
                         net (fo=0)                   0.000     0.000    clk
    W5                   IBUF (Prop_ibuf_I_O)         0.226     0.226 r  clk_IBUF_inst/O
                         net (fo=1, routed)           0.631     0.858    clk_IBUF
    BUFGCTRL_X0Y0        BUFG (Prop_bufg_I_O)         0.026     0.884 r  clk_IBUF_BUFG_inst/O
                         net (fo=72, routed)          0.591     1.474    fsm/CLK
    SLICE_X3Y34          FDRE                                         r  fsm/FSM_onehot_state_reg[1]/C
  -------------------------------------------------------------------    -------------------
    SLICE_X3Y34          FDRE (Prop_fdre_C_Q)         0.141     1.615 r  fsm/FSM_onehot_state_reg[1]/Q
                         net (fo=6, routed)           0.168     1.783    fsm/FSM_onehot_state_reg_n_0_[1]
    SLICE_X1Y34          LUT4 (Prop_lut4_I0_O)        0.049     1.832 r  fsm/rd_init[1]_i_1/O
                         net (fo=1, routed)           0.000     1.832    fsm/rd_init[1]_i_1_n_0
    SLICE_X1Y34          FDRE                                         r  fsm/rd_init_reg[1]/D
  -------------------------------------------------------------------    -------------------

                         (clock sys_clk rise edge)    0.000     0.000 r  
    W5                                                0.000     0.000 r  clk (IN)
                         net (fo=0)                   0.000     0.000    clk
    W5                   IBUF (Prop_ibuf_I_O)         0.414     0.414 r  clk_IBUF_inst/O
                         net (fo=1, routed)           0.685     1.099    clk_IBUF
    BUFGCTRL_X0Y0        BUFG (Prop_bufg_I_O)         0.029     1.128 r  clk_IBUF_BUFG_inst/O
                         net (fo=72, routed)          0.860     1.987    fsm/CLK
    SLICE_X1Y34          FDRE                                         r  fsm/rd_init_reg[1]/C
                         clock pessimism             -0.499     1.488    
    SLICE_X1Y34          FDRE (Hold_fdre_C_D)         0.107     1.595    fsm/rd_init_reg[1]
  -------------------------------------------------------------------
                         required time                         -1.595    
                         arrival time                           1.832    
  -------------------------------------------------------------------
                         slack                                  0.237    

Slack (MET) :             0.248ns  (arrival time - required time)
  Source:                 fsm/FSM_onehot_state_reg[1]/C
                            (rising edge-triggered cell FDRE clocked by sys_clk  {rise@0.000ns fall@5.000ns period=10.000ns})
  Destination:            fsm/WriteEnable_init_reg/D
                            (rising edge-triggered cell FDRE clocked by sys_clk  {rise@0.000ns fall@5.000ns period=10.000ns})
  Path Group:             sys_clk
  Path Type:              Hold (Min at Fast Process Corner)
  Requirement:            0.000ns  (sys_clk rise@0.000ns - sys_clk rise@0.000ns)
  Data Path Delay:        0.353ns  (logic 0.186ns (52.647%)  route 0.167ns (47.353%))
  Logic Levels:           1  (LUT5=1)
  Clock Path Skew:        0.014ns (DCD - SCD - CPR)
    Destination Clock Delay (DCD):    1.987ns
    Source Clock Delay      (SCD):    1.474ns
    Clock Pessimism Removal (CPR):    0.499ns

    Location             Delay type                Incr(ns)  Path(ns)    Netlist Resource(s)
  -------------------------------------------------------------------    -------------------
                         (clock sys_clk rise edge)    0.000     0.000 r  
    W5                                                0.000     0.000 r  clk (IN)
                         net (fo=0)                   0.000     0.000    clk
    W5                   IBUF (Prop_ibuf_I_O)         0.226     0.226 r  clk_IBUF_inst/O
                         net (fo=1, routed)           0.631     0.858    clk_IBUF
    BUFGCTRL_X0Y0        BUFG (Prop_bufg_I_O)         0.026     0.884 r  clk_IBUF_BUFG_inst/O
                         net (fo=72, routed)          0.591     1.474    fsm/CLK
    SLICE_X3Y34          FDRE                                         r  fsm/FSM_onehot_state_reg[1]/C
  -------------------------------------------------------------------    -------------------
    SLICE_X3Y34          FDRE (Prop_fdre_C_Q)         0.141     1.615 r  fsm/FSM_onehot_state_reg[1]/Q
                         net (fo=6, routed)           0.167     1.782    fsm/FSM_onehot_state_reg_n_0_[1]
    SLICE_X1Y34          LUT5 (Prop_lut5_I2_O)        0.045     1.827 r  fsm/WriteEnable_init_i_1/O
                         net (fo=1, routed)           0.000     1.827    fsm/WriteEnable_init_i_1_n_0
    SLICE_X1Y34          FDRE                                         r  fsm/WriteEnable_init_reg/D
  -------------------------------------------------------------------    -------------------

                         (clock sys_clk rise edge)    0.000     0.000 r  
    W5                                                0.000     0.000 r  clk (IN)
                         net (fo=0)                   0.000     0.000    clk
    W5                   IBUF (Prop_ibuf_I_O)         0.414     0.414 r  clk_IBUF_inst/O
                         net (fo=1, routed)           0.685     1.099    clk_IBUF
    BUFGCTRL_X0Y0        BUFG (Prop_bufg_I_O)         0.029     1.128 r  clk_IBUF_BUFG_inst/O
                         net (fo=72, routed)          0.860     1.987    fsm/CLK
    SLICE_X1Y34          FDRE                                         r  fsm/WriteEnable_init_reg/C
                         clock pessimism             -0.499     1.488    
    SLICE_X1Y34          FDRE (Hold_fdre_C_D)         0.091     1.579    fsm/WriteEnable_init_reg
  -------------------------------------------------------------------
                         required time                         -1.579    
                         arrival time                           1.827    
  -------------------------------------------------------------------
                         slack                                  0.248    

Slack (MET) :             0.248ns  (arrival time - required time)
  Source:                 fsm/FSM_onehot_state_reg[1]/C
                            (rising edge-triggered cell FDRE clocked by sys_clk  {rise@0.000ns fall@5.000ns period=10.000ns})
  Destination:            fsm/rd_init_reg[0]/D
                            (rising edge-triggered cell FDRE clocked by sys_clk  {rise@0.000ns fall@5.000ns period=10.000ns})
  Path Group:             sys_clk
  Path Type:              Hold (Min at Fast Process Corner)
  Requirement:            0.000ns  (sys_clk rise@0.000ns - sys_clk rise@0.000ns)
  Data Path Delay:        0.354ns  (logic 0.186ns (52.499%)  route 0.168ns (47.501%))
  Logic Levels:           1  (LUT4=1)
  Clock Path Skew:        0.014ns (DCD - SCD - CPR)
    Destination Clock Delay (DCD):    1.987ns
    Source Clock Delay      (SCD):    1.474ns
    Clock Pessimism Removal (CPR):    0.499ns

    Location             Delay type                Incr(ns)  Path(ns)    Netlist Resource(s)
  -------------------------------------------------------------------    -------------------
                         (clock sys_clk rise edge)    0.000     0.000 r  
    W5                                                0.000     0.000 r  clk (IN)
                         net (fo=0)                   0.000     0.000    clk
    W5                   IBUF (Prop_ibuf_I_O)         0.226     0.226 r  clk_IBUF_inst/O
                         net (fo=1, routed)           0.631     0.858    clk_IBUF
    BUFGCTRL_X0Y0        BUFG (Prop_bufg_I_O)         0.026     0.884 r  clk_IBUF_BUFG_inst/O
                         net (fo=72, routed)          0.591     1.474    fsm/CLK
    SLICE_X3Y34          FDRE                                         r  fsm/FSM_onehot_state_reg[1]/C
  -------------------------------------------------------------------    -------------------
    SLICE_X3Y34          FDRE (Prop_fdre_C_Q)         0.141     1.615 f  fsm/FSM_onehot_state_reg[1]/Q
                         net (fo=6, routed)           0.168     1.783    fsm/FSM_onehot_state_reg_n_0_[1]
    SLICE_X1Y34          LUT4 (Prop_lut4_I0_O)        0.045     1.828 r  fsm/rd_init[0]_i_1/O
                         net (fo=1, routed)           0.000     1.828    fsm/rd_init[0]_i_1_n_0
    SLICE_X1Y34          FDRE                                         r  fsm/rd_init_reg[0]/D
  -------------------------------------------------------------------    -------------------

                         (clock sys_clk rise edge)    0.000     0.000 r  
    W5                                                0.000     0.000 r  clk (IN)
                         net (fo=0)                   0.000     0.000    clk
    W5                   IBUF (Prop_ibuf_I_O)         0.414     0.414 r  clk_IBUF_inst/O
                         net (fo=1, routed)           0.685     1.099    clk_IBUF
    BUFGCTRL_X0Y0        BUFG (Prop_bufg_I_O)         0.029     1.128 r  clk_IBUF_BUFG_inst/O
                         net (fo=72, routed)          0.860     1.987    fsm/CLK
    SLICE_X1Y34          FDRE                                         r  fsm/rd_init_reg[0]/C
                         clock pessimism             -0.499     1.488    
    SLICE_X1Y34          FDRE (Hold_fdre_C_D)         0.092     1.580    fsm/rd_init_reg[0]
  -------------------------------------------------------------------
                         required time                         -1.580    
                         arrival time                           1.828    
  -------------------------------------------------------------------
                         slack                                  0.248    

Slack (MET) :             0.297ns  (arrival time - required time)
  Source:                 fsm/FSM_onehot_state_reg[0]/C
                            (rising edge-triggered cell FDSE clocked by sys_clk  {rise@0.000ns fall@5.000ns period=10.000ns})
  Destination:            fsm/FSM_onehot_state_reg[1]/D
                            (rising edge-triggered cell FDRE clocked by sys_clk  {rise@0.000ns fall@5.000ns period=10.000ns})
  Path Group:             sys_clk
  Path Type:              Hold (Min at Fast Process Corner)
  Requirement:            0.000ns  (sys_clk rise@0.000ns - sys_clk rise@0.000ns)
  Data Path Delay:        0.363ns  (logic 0.141ns (38.843%)  route 0.222ns (61.157%))
  Logic Levels:           0  
  Clock Path Skew:        0.000ns (DCD - SCD - CPR)
    Destination Clock Delay (DCD):    1.987ns
    Source Clock Delay      (SCD):    1.474ns
    Clock Pessimism Removal (CPR):    0.513ns

    Location             Delay type                Incr(ns)  Path(ns)    Netlist Resource(s)
  -------------------------------------------------------------------    -------------------
                         (clock sys_clk rise edge)    0.000     0.000 r  
    W5                                                0.000     0.000 r  clk (IN)
                         net (fo=0)                   0.000     0.000    clk
    W5                   IBUF (Prop_ibuf_I_O)         0.226     0.226 r  clk_IBUF_inst/O
                         net (fo=1, routed)           0.631     0.858    clk_IBUF
    BUFGCTRL_X0Y0        BUFG (Prop_bufg_I_O)         0.026     0.884 r  clk_IBUF_BUFG_inst/O
                         net (fo=72, routed)          0.591     1.474    fsm/CLK
    SLICE_X3Y34          FDSE                                         r  fsm/FSM_onehot_state_reg[0]/C
  -------------------------------------------------------------------    -------------------
    SLICE_X3Y34          FDSE (Prop_fdse_C_Q)         0.141     1.615 r  fsm/FSM_onehot_state_reg[0]/Q
                         net (fo=5, routed)           0.222     1.837    fsm/FSM_onehot_state_reg_n_0_[0]
    SLICE_X3Y34          FDRE                                         r  fsm/FSM_onehot_state_reg[1]/D
  -------------------------------------------------------------------    -------------------

                         (clock sys_clk rise edge)    0.000     0.000 r  
    W5                                                0.000     0.000 r  clk (IN)
                         net (fo=0)                   0.000     0.000    clk
    W5                   IBUF (Prop_ibuf_I_O)         0.414     0.414 r  clk_IBUF_inst/O
                         net (fo=1, routed)           0.685     1.099    clk_IBUF
    BUFGCTRL_X0Y0        BUFG (Prop_bufg_I_O)         0.029     1.128 r  clk_IBUF_BUFG_inst/O
                         net (fo=72, routed)          0.860     1.987    fsm/CLK
    SLICE_X3Y34          FDRE                                         r  fsm/FSM_onehot_state_reg[1]/C
                         clock pessimism             -0.513     1.474    
    SLICE_X3Y34          FDRE (Hold_fdre_C_D)         0.066     1.540    fsm/FSM_onehot_state_reg[1]
  -------------------------------------------------------------------
                         required time                         -1.540    
                         arrival time                           1.837    
  -------------------------------------------------------------------
                         slack                                  0.297    

Slack (MET) :             0.369ns  (arrival time - required time)
  Source:                 fsm/FSM_onehot_state_reg[1]/C
                            (rising edge-triggered cell FDRE clocked by sys_clk  {rise@0.000ns fall@5.000ns period=10.000ns})
  Destination:            fsm/FSM_onehot_state_reg[2]/D
                            (rising edge-triggered cell FDRE clocked by sys_clk  {rise@0.000ns fall@5.000ns period=10.000ns})
  Path Group:             sys_clk
  Path Type:              Hold (Min at Fast Process Corner)
  Requirement:            0.000ns  (sys_clk rise@0.000ns - sys_clk rise@0.000ns)
  Data Path Delay:        0.439ns  (logic 0.141ns (32.125%)  route 0.298ns (67.875%))
  Logic Levels:           0  
  Clock Path Skew:        0.000ns (DCD - SCD - CPR)
    Destination Clock Delay (DCD):    1.987ns
    Source Clock Delay      (SCD):    1.474ns
    Clock Pessimism Removal (CPR):    0.513ns

    Location             Delay type                Incr(ns)  Path(ns)    Netlist Resource(s)
  -------------------------------------------------------------------    -------------------
                         (clock sys_clk rise edge)    0.000     0.000 r  
    W5                                                0.000     0.000 r  clk (IN)
                         net (fo=0)                   0.000     0.000    clk
    W5                   IBUF (Prop_ibuf_I_O)         0.226     0.226 r  clk_IBUF_inst/O
                         net (fo=1, routed)           0.631     0.858    clk_IBUF
    BUFGCTRL_X0Y0        BUFG (Prop_bufg_I_O)         0.026     0.884 r  clk_IBUF_BUFG_inst/O
                         net (fo=72, routed)          0.591     1.474    fsm/CLK
    SLICE_X3Y34          FDRE                                         r  fsm/FSM_onehot_state_reg[1]/C
  -------------------------------------------------------------------    -------------------
    SLICE_X3Y34          FDRE (Prop_fdre_C_Q)         0.141     1.615 r  fsm/FSM_onehot_state_reg[1]/Q
                         net (fo=6, routed)           0.298     1.913    fsm/FSM_onehot_state_reg_n_0_[1]
    SLICE_X3Y34          FDRE                                         r  fsm/FSM_onehot_state_reg[2]/D
  -------------------------------------------------------------------    -------------------

                         (clock sys_clk rise edge)    0.000     0.000 r  
    W5                                                0.000     0.000 r  clk (IN)
                         net (fo=0)                   0.000     0.000    clk
    W5                   IBUF (Prop_ibuf_I_O)         0.414     0.414 r  clk_IBUF_inst/O
                         net (fo=1, routed)           0.685     1.099    clk_IBUF
    BUFGCTRL_X0Y0        BUFG (Prop_bufg_I_O)         0.029     1.128 r  clk_IBUF_BUFG_inst/O
                         net (fo=72, routed)          0.860     1.987    fsm/CLK
    SLICE_X3Y34          FDRE                                         r  fsm/FSM_onehot_state_reg[2]/C
                         clock pessimism             -0.513     1.474    
    SLICE_X3Y34          FDRE (Hold_fdre_C_D)         0.070     1.544    fsm/FSM_onehot_state_reg[2]
  -------------------------------------------------------------------
                         required time                         -1.544    
                         arrival time                           1.913    
  -------------------------------------------------------------------
                         slack                                  0.369    

Slack (MET) :             0.435ns  (arrival time - required time)
  Source:                 fsm/init_done_reg/C
                            (rising edge-triggered cell FDRE clocked by sys_clk  {rise@0.000ns fall@5.000ns period=10.000ns})
  Destination:            RF/regs_reg[2][30]/D
                            (rising edge-triggered cell FDRE clocked by sys_clk  {rise@0.000ns fall@5.000ns period=10.000ns})
  Path Group:             sys_clk
  Path Type:              Hold (Min at Fast Process Corner)
  Requirement:            0.000ns  (sys_clk rise@0.000ns - sys_clk rise@0.000ns)
  Data Path Delay:        0.571ns  (logic 0.208ns (36.407%)  route 0.363ns (63.593%))
  Logic Levels:           1  (LUT2=1)
  Clock Path Skew:        0.013ns (DCD - SCD - CPR)
    Destination Clock Delay (DCD):    1.986ns
    Source Clock Delay      (SCD):    1.474ns
    Clock Pessimism Removal (CPR):    0.499ns

    Location             Delay type                Incr(ns)  Path(ns)    Netlist Resource(s)
  -------------------------------------------------------------------    -------------------
                         (clock sys_clk rise edge)    0.000     0.000 r  
    W5                                                0.000     0.000 r  clk (IN)
                         net (fo=0)                   0.000     0.000    clk
    W5                   IBUF (Prop_ibuf_I_O)         0.226     0.226 r  clk_IBUF_inst/O
                         net (fo=1, routed)           0.631     0.858    clk_IBUF
    BUFGCTRL_X0Y0        BUFG (Prop_bufg_I_O)         0.026     0.884 r  clk_IBUF_BUFG_inst/O
                         net (fo=72, routed)          0.591     1.474    fsm/CLK
    SLICE_X6Y38          FDRE                                         r  fsm/init_done_reg/C
  -------------------------------------------------------------------    -------------------
    SLICE_X6Y38          FDRE (Prop_fdre_C_Q)         0.164     1.638 r  fsm/init_done_reg/Q
                         net (fo=42, routed)          0.363     2.001    RF/init_done
    SLICE_X6Y36          LUT2 (Prop_lut2_I1_O)        0.044     2.045 r  RF/regs[2][30]_i_1/O
                         net (fo=2, routed)           0.000     2.045    RF/regs[2][30]_i_1_n_0
    SLICE_X6Y36          FDRE                                         r  RF/regs_reg[2][30]/D
  -------------------------------------------------------------------    -------------------

                         (clock sys_clk rise edge)    0.000     0.000 r  
    W5                                                0.000     0.000 r  clk (IN)
                         net (fo=0)                   0.000     0.000    clk
    W5                   IBUF (Prop_ibuf_I_O)         0.414     0.414 r  clk_IBUF_inst/O
                         net (fo=1, routed)           0.685     1.099    clk_IBUF
    BUFGCTRL_X0Y0        BUFG (Prop_bufg_I_O)         0.029     1.128 r  clk_IBUF_BUFG_inst/O
                         net (fo=72, routed)          0.859     1.986    RF/CLK
    SLICE_X6Y36          FDRE                                         r  RF/regs_reg[2][30]/C
                         clock pessimism             -0.499     1.487    
    SLICE_X6Y36          FDRE (Hold_fdre_C_D)         0.123     1.610    RF/regs_reg[2][30]
  -------------------------------------------------------------------
                         required time                         -1.610    
                         arrival time                           2.045    
  -------------------------------------------------------------------
                         slack                                  0.435    

Slack (MET) :             0.437ns  (arrival time - required time)
  Source:                 fsm/FSM_onehot_state_reg[1]/C
                            (rising edge-triggered cell FDRE clocked by sys_clk  {rise@0.000ns fall@5.000ns period=10.000ns})
  Destination:            fsm/FSM_onehot_state_reg[0]/CE
                            (rising edge-triggered cell FDSE clocked by sys_clk  {rise@0.000ns fall@5.000ns period=10.000ns})
  Path Group:             sys_clk
  Path Type:              Hold (Min at Fast Process Corner)
  Requirement:            0.000ns  (sys_clk rise@0.000ns - sys_clk rise@0.000ns)
  Data Path Delay:        0.398ns  (logic 0.186ns (46.788%)  route 0.212ns (53.212%))
  Logic Levels:           1  (LUT4=1)
  Clock Path Skew:        0.000ns (DCD - SCD - CPR)
    Destination Clock Delay (DCD):    1.987ns
    Source Clock Delay      (SCD):    1.474ns
    Clock Pessimism Removal (CPR):    0.513ns

    Location             Delay type                Incr(ns)  Path(ns)    Netlist Resource(s)
  -------------------------------------------------------------------    -------------------
                         (clock sys_clk rise edge)    0.000     0.000 r  
    W5                                                0.000     0.000 r  clk (IN)
                         net (fo=0)                   0.000     0.000    clk
    W5                   IBUF (Prop_ibuf_I_O)         0.226     0.226 r  clk_IBUF_inst/O
                         net (fo=1, routed)           0.631     0.858    clk_IBUF
    BUFGCTRL_X0Y0        BUFG (Prop_bufg_I_O)         0.026     0.884 r  clk_IBUF_BUFG_inst/O
                         net (fo=72, routed)          0.591     1.474    fsm/CLK
    SLICE_X3Y34          FDRE                                         r  fsm/FSM_onehot_state_reg[1]/C
  -------------------------------------------------------------------    -------------------
    SLICE_X3Y34          FDRE (Prop_fdre_C_Q)         0.141     1.615 r  fsm/FSM_onehot_state_reg[1]/Q
                         net (fo=6, routed)           0.075     1.690    fsm/FSM_onehot_state_reg_n_0_[1]
    SLICE_X2Y34          LUT4 (Prop_lut4_I3_O)        0.045     1.735 r  fsm/__0/i_/O
                         net (fo=4, routed)           0.136     1.872    fsm/__0/i__n_0
    SLICE_X3Y34          FDSE                                         r  fsm/FSM_onehot_state_reg[0]/CE
  -------------------------------------------------------------------    -------------------

                         (clock sys_clk rise edge)    0.000     0.000 r  
    W5                                                0.000     0.000 r  clk (IN)
                         net (fo=0)                   0.000     0.000    clk
    W5                   IBUF (Prop_ibuf_I_O)         0.414     0.414 r  clk_IBUF_inst/O
                         net (fo=1, routed)           0.685     1.099    clk_IBUF
    BUFGCTRL_X0Y0        BUFG (Prop_bufg_I_O)         0.029     1.128 r  clk_IBUF_BUFG_inst/O
                         net (fo=72, routed)          0.860     1.987    fsm/CLK
    SLICE_X3Y34          FDSE                                         r  fsm/FSM_onehot_state_reg[0]/C
                         clock pessimism             -0.513     1.474    
    SLICE_X3Y34          FDSE (Hold_fdse_C_CE)       -0.039     1.435    fsm/FSM_onehot_state_reg[0]
  -------------------------------------------------------------------
                         required time                         -1.435    
                         arrival time                           1.872    
  -------------------------------------------------------------------
                         slack                                  0.437    

Slack (MET) :             0.437ns  (arrival time - required time)
  Source:                 fsm/FSM_onehot_state_reg[1]/C
                            (rising edge-triggered cell FDRE clocked by sys_clk  {rise@0.000ns fall@5.000ns period=10.000ns})
  Destination:            fsm/FSM_onehot_state_reg[1]/CE
                            (rising edge-triggered cell FDRE clocked by sys_clk  {rise@0.000ns fall@5.000ns period=10.000ns})
  Path Group:             sys_clk
  Path Type:              Hold (Min at Fast Process Corner)
  Requirement:            0.000ns  (sys_clk rise@0.000ns - sys_clk rise@0.000ns)
  Data Path Delay:        0.398ns  (logic 0.186ns (46.788%)  route 0.212ns (53.212%))
  Logic Levels:           1  (LUT4=1)
  Clock Path Skew:        0.000ns (DCD - SCD - CPR)
    Destination Clock Delay (DCD):    1.987ns
    Source Clock Delay      (SCD):    1.474ns
    Clock Pessimism Removal (CPR):    0.513ns

    Location             Delay type                Incr(ns)  Path(ns)    Netlist Resource(s)
  -------------------------------------------------------------------    -------------------
                         (clock sys_clk rise edge)    0.000     0.000 r  
    W5                                                0.000     0.000 r  clk (IN)
                         net (fo=0)                   0.000     0.000    clk
    W5                   IBUF (Prop_ibuf_I_O)         0.226     0.226 r  clk_IBUF_inst/O
                         net (fo=1, routed)           0.631     0.858    clk_IBUF
    BUFGCTRL_X0Y0        BUFG (Prop_bufg_I_O)         0.026     0.884 r  clk_IBUF_BUFG_inst/O
                         net (fo=72, routed)          0.591     1.474    fsm/CLK
    SLICE_X3Y34          FDRE                                         r  fsm/FSM_onehot_state_reg[1]/C
  -------------------------------------------------------------------    -------------------
    SLICE_X3Y34          FDRE (Prop_fdre_C_Q)         0.141     1.615 r  fsm/FSM_onehot_state_reg[1]/Q
                         net (fo=6, routed)           0.075     1.690    fsm/FSM_onehot_state_reg_n_0_[1]
    SLICE_X2Y34          LUT4 (Prop_lut4_I3_O)        0.045     1.735 r  fsm/__0/i_/O
                         net (fo=4, routed)           0.136     1.872    fsm/__0/i__n_0
    SLICE_X3Y34          FDRE                                         r  fsm/FSM_onehot_state_reg[1]/CE
  -------------------------------------------------------------------    -------------------

                         (clock sys_clk rise edge)    0.000     0.000 r  
    W5                                                0.000     0.000 r  clk (IN)
                         net (fo=0)                   0.000     0.000    clk
    W5                   IBUF (Prop_ibuf_I_O)         0.414     0.414 r  clk_IBUF_inst/O
                         net (fo=1, routed)           0.685     1.099    clk_IBUF
    BUFGCTRL_X0Y0        BUFG (Prop_bufg_I_O)         0.029     1.128 r  clk_IBUF_BUFG_inst/O
                         net (fo=72, routed)          0.860     1.987    fsm/CLK
    SLICE_X3Y34          FDRE                                         r  fsm/FSM_onehot_state_reg[1]/C
                         clock pessimism             -0.513     1.474    
    SLICE_X3Y34          FDRE (Hold_fdre_C_CE)       -0.039     1.435    fsm/FSM_onehot_state_reg[1]
  -------------------------------------------------------------------
                         required time                         -1.435    
                         arrival time                           1.872    
  -------------------------------------------------------------------
                         slack                                  0.437    

Slack (MET) :             0.437ns  (arrival time - required time)
  Source:                 fsm/FSM_onehot_state_reg[1]/C
                            (rising edge-triggered cell FDRE clocked by sys_clk  {rise@0.000ns fall@5.000ns period=10.000ns})
  Destination:            fsm/FSM_onehot_state_reg[2]/CE
                            (rising edge-triggered cell FDRE clocked by sys_clk  {rise@0.000ns fall@5.000ns period=10.000ns})
  Path Group:             sys_clk
  Path Type:              Hold (Min at Fast Process Corner)
  Requirement:            0.000ns  (sys_clk rise@0.000ns - sys_clk rise@0.000ns)
  Data Path Delay:        0.398ns  (logic 0.186ns (46.788%)  route 0.212ns (53.212%))
  Logic Levels:           1  (LUT4=1)
  Clock Path Skew:        0.000ns (DCD - SCD - CPR)
    Destination Clock Delay (DCD):    1.987ns
    Source Clock Delay      (SCD):    1.474ns
    Clock Pessimism Removal (CPR):    0.513ns

    Location             Delay type                Incr(ns)  Path(ns)    Netlist Resource(s)
  -------------------------------------------------------------------    -------------------
                         (clock sys_clk rise edge)    0.000     0.000 r  
    W5                                                0.000     0.000 r  clk (IN)
                         net (fo=0)                   0.000     0.000    clk
    W5                   IBUF (Prop_ibuf_I_O)         0.226     0.226 r  clk_IBUF_inst/O
                         net (fo=1, routed)           0.631     0.858    clk_IBUF
    BUFGCTRL_X0Y0        BUFG (Prop_bufg_I_O)         0.026     0.884 r  clk_IBUF_BUFG_inst/O
                         net (fo=72, routed)          0.591     1.474    fsm/CLK
    SLICE_X3Y34          FDRE                                         r  fsm/FSM_onehot_state_reg[1]/C
  -------------------------------------------------------------------    -------------------
    SLICE_X3Y34          FDRE (Prop_fdre_C_Q)         0.141     1.615 r  fsm/FSM_onehot_state_reg[1]/Q
                         net (fo=6, routed)           0.075     1.690    fsm/FSM_onehot_state_reg_n_0_[1]
    SLICE_X2Y34          LUT4 (Prop_lut4_I3_O)        0.045     1.735 r  fsm/__0/i_/O
                         net (fo=4, routed)           0.136     1.872    fsm/__0/i__n_0
    SLICE_X3Y34          FDRE                                         r  fsm/FSM_onehot_state_reg[2]/CE
  -------------------------------------------------------------------    -------------------

                         (clock sys_clk rise edge)    0.000     0.000 r  
    W5                                                0.000     0.000 r  clk (IN)
                         net (fo=0)                   0.000     0.000    clk
    W5                   IBUF (Prop_ibuf_I_O)         0.414     0.414 r  clk_IBUF_inst/O
                         net (fo=1, routed)           0.685     1.099    clk_IBUF
    BUFGCTRL_X0Y0        BUFG (Prop_bufg_I_O)         0.029     1.128 r  clk_IBUF_BUFG_inst/O
                         net (fo=72, routed)          0.860     1.987    fsm/CLK
    SLICE_X3Y34          FDRE                                         r  fsm/FSM_onehot_state_reg[2]/C
                         clock pessimism             -0.513     1.474    
    SLICE_X3Y34          FDRE (Hold_fdre_C_CE)       -0.039     1.435    fsm/FSM_onehot_state_reg[2]
  -------------------------------------------------------------------
                         required time                         -1.435    
                         arrival time                           1.872    
  -------------------------------------------------------------------
                         slack                                  0.437    

Slack (MET) :             0.437ns  (arrival time - required time)
  Source:                 fsm/FSM_onehot_state_reg[1]/C
                            (rising edge-triggered cell FDRE clocked by sys_clk  {rise@0.000ns fall@5.000ns period=10.000ns})
  Destination:            fsm/FSM_onehot_state_reg[3]/CE
                            (rising edge-triggered cell FDRE clocked by sys_clk  {rise@0.000ns fall@5.000ns period=10.000ns})
  Path Group:             sys_clk
  Path Type:              Hold (Min at Fast Process Corner)
  Requirement:            0.000ns  (sys_clk rise@0.000ns - sys_clk rise@0.000ns)
  Data Path Delay:        0.398ns  (logic 0.186ns (46.788%)  route 0.212ns (53.212%))
  Logic Levels:           1  (LUT4=1)
  Clock Path Skew:        0.000ns (DCD - SCD - CPR)
    Destination Clock Delay (DCD):    1.987ns
    Source Clock Delay      (SCD):    1.474ns
    Clock Pessimism Removal (CPR):    0.513ns

    Location             Delay type                Incr(ns)  Path(ns)    Netlist Resource(s)
  -------------------------------------------------------------------    -------------------
                         (clock sys_clk rise edge)    0.000     0.000 r  
    W5                                                0.000     0.000 r  clk (IN)
                         net (fo=0)                   0.000     0.000    clk
    W5                   IBUF (Prop_ibuf_I_O)         0.226     0.226 r  clk_IBUF_inst/O
                         net (fo=1, routed)           0.631     0.858    clk_IBUF
    BUFGCTRL_X0Y0        BUFG (Prop_bufg_I_O)         0.026     0.884 r  clk_IBUF_BUFG_inst/O
                         net (fo=72, routed)          0.591     1.474    fsm/CLK
    SLICE_X3Y34          FDRE                                         r  fsm/FSM_onehot_state_reg[1]/C
  -------------------------------------------------------------------    -------------------
    SLICE_X3Y34          FDRE (Prop_fdre_C_Q)         0.141     1.615 r  fsm/FSM_onehot_state_reg[1]/Q
                         net (fo=6, routed)           0.075     1.690    fsm/FSM_onehot_state_reg_n_0_[1]
    SLICE_X2Y34          LUT4 (Prop_lut4_I3_O)        0.045     1.735 r  fsm/__0/i_/O
                         net (fo=4, routed)           0.136     1.872    fsm/__0/i__n_0
    SLICE_X3Y34          FDRE                                         r  fsm/FSM_onehot_state_reg[3]/CE
  -------------------------------------------------------------------    -------------------

                         (clock sys_clk rise edge)    0.000     0.000 r  
    W5                                                0.000     0.000 r  clk (IN)
                         net (fo=0)                   0.000     0.000    clk
    W5                   IBUF (Prop_ibuf_I_O)         0.414     0.414 r  clk_IBUF_inst/O
                         net (fo=1, routed)           0.685     1.099    clk_IBUF
    BUFGCTRL_X0Y0        BUFG (Prop_bufg_I_O)         0.029     1.128 r  clk_IBUF_BUFG_inst/O
                         net (fo=72, routed)          0.860     1.987    fsm/CLK
    SLICE_X3Y34          FDRE                                         r  fsm/FSM_onehot_state_reg[3]/C
                         clock pessimism             -0.513     1.474    
    SLICE_X3Y34          FDRE (Hold_fdre_C_CE)       -0.039     1.435    fsm/FSM_onehot_state_reg[3]
  -------------------------------------------------------------------
                         required time                         -1.435    
                         arrival time                           1.872    
  -------------------------------------------------------------------
                         slack                                  0.437    





Pulse Width Checks
--------------------------------------------------------------------------------------
Clock Name:         sys_clk
Waveform(ns):       { 0.000 5.000 }
Period(ns):         10.000
Sources:            { clk }

Check Type        Corner  Lib Pin  Reference Pin  Required(ns)  Actual(ns)  Slack(ns)  Location       Pin
Min Period        n/a     BUFG/I   n/a            2.155         10.000      7.845      BUFGCTRL_X0Y0  clk_IBUF_BUFG_inst/I
Min Period        n/a     FDRE/C   n/a            1.000         10.000      9.000      SLICE_X5Y33    RF/regs_reg[1][16]/C
Min Period        n/a     FDRE/C   n/a            1.000         10.000      9.000      SLICE_X5Y33    RF/regs_reg[1][17]/C
Min Period        n/a     FDRE/C   n/a            1.000         10.000      9.000      SLICE_X4Y34    RF/regs_reg[1][18]/C
Min Period        n/a     FDRE/C   n/a            1.000         10.000      9.000      SLICE_X4Y34    RF/regs_reg[1][19]/C
Min Period        n/a     FDRE/C   n/a            1.000         10.000      9.000      SLICE_X5Y30    RF/regs_reg[1][1]/C
Min Period        n/a     FDRE/C   n/a            1.000         10.000      9.000      SLICE_X5Y35    RF/regs_reg[1][20]/C
Min Period        n/a     FDRE/C   n/a            1.000         10.000      9.000      SLICE_X7Y34    RF/regs_reg[1][21]/C
Min Period        n/a     FDRE/C   n/a            1.000         10.000      9.000      SLICE_X6Y35    RF/regs_reg[1][22]/C
Min Period        n/a     FDRE/C   n/a            1.000         10.000      9.000      SLICE_X5Y35    RF/regs_reg[1][23]/C
Low Pulse Width   Slow    FDRE/C   n/a            0.500         5.000       4.500      SLICE_X9Y36    RF/regs_reg[1][26]/C
Low Pulse Width   Slow    FDRE/C   n/a            0.500         5.000       4.500      SLICE_X9Y36    RF/regs_reg[1][27]/C
Low Pulse Width   Slow    FDRE/C   n/a            0.500         5.000       4.500      SLICE_X9Y35    RF/regs_reg[2][26]/C
Low Pulse Width   Slow    FDRE/C   n/a            0.500         5.000       4.500      SLICE_X8Y36    RF/regs_reg[2][27]/C
Low Pulse Width   Slow    FDRE/C   n/a            0.500         5.000       4.500      SLICE_X5Y33    RF/regs_reg[1][16]/C
Low Pulse Width   Slow    FDRE/C   n/a            0.500         5.000       4.500      SLICE_X5Y33    RF/regs_reg[1][17]/C
Low Pulse Width   Slow    FDRE/C   n/a            0.500         5.000       4.500      SLICE_X4Y34    RF/regs_reg[1][18]/C
Low Pulse Width   Slow    FDRE/C   n/a            0.500         5.000       4.500      SLICE_X4Y34    RF/regs_reg[1][19]/C
Low Pulse Width   Slow    FDRE/C   n/a            0.500         5.000       4.500      SLICE_X5Y30    RF/regs_reg[1][1]/C
Low Pulse Width   Slow    FDRE/C   n/a            0.500         5.000       4.500      SLICE_X7Y34    RF/regs_reg[1][21]/C
High Pulse Width  Fast    FDRE/C   n/a            0.500         5.000       4.500      SLICE_X4Y34    RF/regs_reg[1][18]/C
High Pulse Width  Fast    FDRE/C   n/a            0.500         5.000       4.500      SLICE_X4Y34    RF/regs_reg[1][19]/C
High Pulse Width  Slow    FDRE/C   n/a            0.500         5.000       4.500      SLICE_X5Y35    RF/regs_reg[1][20]/C
High Pulse Width  Fast    FDRE/C   n/a            0.500         5.000       4.500      SLICE_X7Y34    RF/regs_reg[1][21]/C
High Pulse Width  Slow    FDRE/C   n/a            0.500         5.000       4.500      SLICE_X6Y35    RF/regs_reg[1][22]/C
High Pulse Width  Slow    FDRE/C   n/a            0.500         5.000       4.500      SLICE_X5Y35    RF/regs_reg[1][23]/C
High Pulse Width  Slow    FDRE/C   n/a            0.500         5.000       4.500      SLICE_X4Y35    RF/regs_reg[1][24]/C
High Pulse Width  Slow    FDRE/C   n/a            0.500         5.000       4.500      SLICE_X6Y35    RF/regs_reg[1][25]/C
High Pulse Width  Slow    FDRE/C   n/a            0.500         5.000       4.500      SLICE_X5Y36    RF/regs_reg[1][28]/C
High Pulse Width  Slow    FDRE/C   n/a            0.500         5.000       4.500      SLICE_X5Y36    RF/regs_reg[1][29]/C



