Copyright 1986-2020 Xilinx, Inc. All Rights Reserved.
------------------------------------------------------------------------------------
| Tool Version : Vivado v.2020.1 (win64) Build 2902540 Wed May 27 19:54:49 MDT 2020
| Date         : Tue Mar 10 11:34:32 2026
| Host         : HU-DOPX-ML05 running 64-bit major release  (build 9200)
| Command      : report_control_sets -verbose -file top_control_sets_placed.rpt
| Design       : top
| Device       : xc7a35t
------------------------------------------------------------------------------------

Control Set Information

Table of Contents
-----------------
1. Summary
2. Histogram
3. Flip-Flop Distribution
4. Detailed Control Set Information

1. Summary
----------

+----------------------------------------------------------+-------+
|                          Status                          | Count |
+----------------------------------------------------------+-------+
| Total control sets                                       |     8 |
|    Minimum number of control sets                        |     8 |
|    Addition due to synthesis replication                 |     0 |
|    Addition due to physical synthesis replication        |     0 |
| Unused register locations in slices containing registers |    15 |
+----------------------------------------------------------+-------+
* Control sets can be merged at opt_design using control_set_merge or merge_equivalent_drivers
** Run report_qor_suggestions for automated merging and remapping suggestions


2. Histogram
------------

+--------------------+-------+
|       Fanout       | Count |
+--------------------+-------+
| Total control sets |     8 |
| >= 0 to < 4        |     1 |
| >= 4 to < 6        |     0 |
| >= 6 to < 8        |     1 |
| >= 8 to < 10       |     0 |
| >= 10 to < 12      |     0 |
| >= 12 to < 14      |     0 |
| >= 14 to < 16      |     0 |
| >= 16              |     6 |
+--------------------+-------+
* Control sets can be remapped at either synth_design or opt_design


3. Flip-Flop Distribution
-------------------------

+--------------+-----------------------+------------------------+-----------------+--------------+
| Clock Enable | Synchronous Set/Reset | Asynchronous Set/Reset | Total Registers | Total Slices |
+--------------+-----------------------+------------------------+-----------------+--------------+
| No           | No                    | No                     |               2 |            2 |
| No           | No                    | Yes                    |               5 |            4 |
| No           | Yes                   | No                     |              36 |           15 |
| Yes          | No                    | No                     |               0 |            0 |
| Yes          | No                    | Yes                    |              38 |           11 |
| Yes          | Yes                   | No                     |              32 |           17 |
+--------------+-----------------------+------------------------+-----------------+--------------+


4. Detailed Control Set Information
-----------------------------------

+----------------+----------------------------------+------------------+------------------+----------------+--------------+
|  Clock Signal  |           Enable Signal          | Set/Reset Signal | Slice Load Count | Bel Load Count | Bels / Slice |
+----------------+----------------------------------+------------------+------------------+----------------+--------------+
|  clk_IBUF_BUFG |                                  |                  |                2 |              2 |         1.00 |
|  clk_IBUF_BUFG | address[9]_i_1_n_0               | db/AR[0]         |                2 |              6 |         3.00 |
|  clk_IBUF_BUFG | readEnable_reg_n_0               | db/AR[0]         |                5 |             16 |         3.20 |
|  clk_IBUF_BUFG | writeEnable_i_1_n_0              | db/AR[0]         |                4 |             16 |         4.00 |
|  clk_IBUF_BUFG |                                  | db/p_0_in        |                6 |             20 |         3.33 |
|  clk_IBUF_BUFG |                                  | db/AR[0]         |               13 |             21 |         1.62 |
|  clk_IBUF_BUFG | adt/led_periph/LEDWrite          | db/AR[0]         |               17 |             32 |         1.88 |
|  clk_IBUF_BUFG | adt/dm/mem_reg_0_255_0_0_i_1_n_0 |                  |               16 |             64 |         4.00 |
+----------------+----------------------------------+------------------+------------------+----------------+--------------+


