#-----------------------------------------------------------
# Vivado v2020.1 (64-bit)
# SW Build 2902540 on Wed May 27 19:54:49 MDT 2020
# IP Build 2902112 on Wed May 27 22:43:36 MDT 2020
# Start of session at: Fri Apr 10 10:51:18 2026
# Process ID: 44160
# Current directory: C:/Users/fs09911/Desktop/CA-Labs/Project/Part C
# Command line: vivado.exe -gui_launcher_event rodinguilauncherevent93456 C:\Users\fs09911\Desktop\CA-Labs\Project\Part C\Project_Verilog.xpr
# Log file: C:/Users/fs09911/Desktop/CA-Labs/Project/Part C/vivado.log
# Journal file: C:/Users/fs09911/Desktop/CA-Labs/Project/Part C\vivado.jou
#-----------------------------------------------------------
start_gui
open_project {C:/Users/fs09911/Desktop/CA-Labs/Project/Part C/Project_Verilog.xpr}
INFO: [Project 1-313] Project file moved from 'C:/Users/fs09911/Desktop/CA-Labs/Project/Project_Verilog' since last save.
Scanning sources...
Finished scanning sources
INFO: [IP_Flow 19-234] Refreshing IP repositories
INFO: [IP_Flow 19-1704] No user IP repositories specified
INFO: [IP_Flow 19-2313] Loaded Vivado IP repository 'C:/Xilinx/Vivado/2020.1/data/ip'.
open_project: Time (s): cpu = 00:00:10 ; elapsed = 00:00:06 . Memory (MB): peak = 1027.859 ; gain = 0.000
update_compile_order -fileset sources_1
exit
INFO: [Common 17-206] Exiting Vivado at Fri Apr 10 10:58:16 2026...
