Copyright 1986-2020 Xilinx, Inc. All Rights Reserved.
-------------------------------------------------------------------------------------------------------------------------------------------------------------------------
| Tool Version     : Vivado v.2020.1 (win64) Build 2902540 Wed May 27 19:54:49 MDT 2020
| Date             : Tue Mar 24 13:08:20 2026
| Host             : HU-DOPX-ML05 running 64-bit major release  (build 9200)
| Command          : report_power -file TopLevelProcessor_power_routed.rpt -pb TopLevelProcessor_power_summary_routed.pb -rpx TopLevelProcessor_power_routed.rpx
| Design           : TopLevelProcessor
| Device           : xc7a35tcpg236-1
| Design State     : routed
| Grade            : commercial
| Process          : typical
| Characterization : Production
-------------------------------------------------------------------------------------------------------------------------------------------------------------------------

Power Report

Table of Contents
-----------------
1. Summary
1.1 On-Chip Components
1.2 Power Supply Summary
1.3 Confidence Level
2. Settings
2.1 Environment
2.2 Clock Constraints
3. Detailed Reports
3.1 By Hierarchy

1. Summary
----------

+--------------------------+----------------------------------+
| Total On-Chip Power (W)  | 43.322 (Junction temp exceeded!) |
| Design Power Budget (W)  | Unspecified*                     |
| Power Budget Margin (W)  | NA                               |
| Dynamic (W)              | 42.838                           |
| Device Static (W)        | 0.485                            |
| Effective TJA (C/W)      | 5.0                              |
| Max Ambient (C)          | 0.0                              |
| Junction Temperature (C) | 125.0                            |
| Confidence Level         | Low                              |
| Setting File             | ---                              |
| Simulation Activity File | ---                              |
| Design Nets Matched      | NA                               |
+--------------------------+----------------------------------+
* Specify Design Power Budget using, set_operating_conditions -design_power_budget <value in Watts>


1.1 On-Chip Components
----------------------

+--------------------------+-----------+----------+-----------+-----------------+
| On-Chip                  | Power (W) | Used     | Available | Utilization (%) |
+--------------------------+-----------+----------+-----------+-----------------+
| Slice Logic              |    17.420 |     3059 |       --- |             --- |
|   LUT as Logic           |    15.400 |     1257 |     20800 |            6.04 |
|   LUT as Distributed RAM |     1.294 |      256 |      9600 |            2.67 |
|   F7/F8 Muxes            |     0.490 |      326 |     32600 |            1.00 |
|   CARRY4                 |     0.200 |       32 |      8150 |            0.39 |
|   Register               |     0.031 |     1040 |     41600 |            2.50 |
|   BUFG                   |     0.006 |        1 |        32 |            3.13 |
|   Others                 |     0.000 |        5 |       --- |             --- |
| Signals                  |    25.322 |     2407 |       --- |             --- |
| I/O                      |     0.096 |       34 |       106 |           32.08 |
| Static Power             |     0.485 |          |           |                 |
| Total                    |    43.322 |          |           |                 |
+--------------------------+-----------+----------+-----------+-----------------+


1.2 Power Supply Summary
------------------------

+-----------+-------------+-----------+-------------+------------+-------------+-------------+------------+
| Source    | Voltage (V) | Total (A) | Dynamic (A) | Static (A) | Powerup (A) | Budget (A)  | Margin (A) |
+-----------+-------------+-----------+-------------+------------+-------------+-------------+------------+
| Vccint    |       1.000 |    43.150 |      42.810 |      0.341 |       NA    | Unspecified | NA         |
| Vccaux    |       1.800 |     0.056 |       0.002 |      0.053 |       NA    | Unspecified | NA         |
| Vcco33    |       3.300 |     0.000 |       0.000 |      0.000 |       NA    | Unspecified | NA         |
| Vcco25    |       2.500 |     0.000 |       0.000 |      0.000 |       NA    | Unspecified | NA         |
| Vcco18    |       1.800 |     0.014 |       0.013 |      0.001 |       NA    | Unspecified | NA         |
| Vcco15    |       1.500 |     0.000 |       0.000 |      0.000 |       NA    | Unspecified | NA         |
| Vcco135   |       1.350 |     0.000 |       0.000 |      0.000 |       NA    | Unspecified | NA         |
| Vcco12    |       1.200 |     0.000 |       0.000 |      0.000 |       NA    | Unspecified | NA         |
| Vccaux_io |       1.800 |     0.000 |       0.000 |      0.000 |       NA    | Unspecified | NA         |
| Vccbram   |       1.000 |     0.010 |       0.000 |      0.010 |       NA    | Unspecified | NA         |
| MGTAVcc   |       1.000 |     0.000 |       0.000 |      0.000 |       NA    | Unspecified | NA         |
| MGTAVtt   |       1.200 |     0.000 |       0.000 |      0.000 |       NA    | Unspecified | NA         |
| Vccadc    |       1.800 |     0.020 |       0.000 |      0.020 |       NA    | Unspecified | NA         |
+-----------+-------------+-----------+-------------+------------+-------------+-------------+------------+


1.3 Confidence Level
--------------------

+-----------------------------+------------+--------------------------------------------------------+--------------------------------------------------------------------------------------------------------------------+
| User Input Data             | Confidence | Details                                                | Action                                                                                                             |
+-----------------------------+------------+--------------------------------------------------------+--------------------------------------------------------------------------------------------------------------------+
| Design implementation state | High       | Design is routed                                       |                                                                                                                    |
| Clock nodes activity        | Low        | User specified less than 75% of clocks                 | Provide missing clock activity with a constraint file, simulation results or by editing the "By Clock Domain" view |
| I/O nodes activity          | Low        | More than 75% of inputs are missing user specification | Provide missing input activity with simulation results or by editing the "By Resource Type -> I/Os" view           |
| Internal nodes activity     | Medium     | User specified less than 25% of internal nodes         | Provide missing internal nodes activity with simulation results or by editing the "By Resource Type" views         |
| Device models               | High       | Device models are Production                           |                                                                                                                    |
|                             |            |                                                        |                                                                                                                    |
| Overall confidence level    | Low        |                                                        |                                                                                                                    |
+-----------------------------+------------+--------------------------------------------------------+--------------------------------------------------------------------------------------------------------------------+


2. Settings
-----------

2.1 Environment
---------------

+-----------------------+--------------------------+
| Ambient Temp (C)      | 25.0                     |
| ThetaJA (C/W)         | 5.0                      |
| Airflow (LFM)         | 250                      |
| Heat Sink             | medium (Medium Profile)  |
| ThetaSA (C/W)         | 4.6                      |
| Board Selection       | medium (10"x10")         |
| # of Board Layers     | 12to15 (12 to 15 Layers) |
| Board Temperature (C) | 25.0                     |
+-----------------------+--------------------------+


2.2 Clock Constraints
---------------------

+-------+--------+-----------------+
| Clock | Domain | Constraint (ns) |
+-------+--------+-----------------+


3. Detailed Reports
-------------------

3.1 By Hierarchy
----------------

+---------------------------+-----------+
| Name                      | Power (W) |
+---------------------------+-----------+
| TopLevelProcessor         |    42.838 |
|   a                       |     0.265 |
|   ba                      |     0.227 |
|   dm                      |     2.512 |
|     mem_reg_0_255_0_0     |     0.033 |
|     mem_reg_0_255_10_10   |     0.032 |
|     mem_reg_0_255_11_11   |     0.042 |
|     mem_reg_0_255_12_12   |     0.028 |
|     mem_reg_0_255_13_13   |     0.032 |
|     mem_reg_0_255_14_14   |     0.030 |
|     mem_reg_0_255_15_15   |     0.031 |
|     mem_reg_0_255_16_16   |     0.028 |
|     mem_reg_0_255_17_17   |     0.030 |
|     mem_reg_0_255_18_18   |     0.031 |
|     mem_reg_0_255_19_19   |     0.031 |
|     mem_reg_0_255_1_1     |     0.028 |
|     mem_reg_0_255_20_20   |     0.033 |
|     mem_reg_0_255_21_21   |     0.033 |
|     mem_reg_0_255_22_22   |     0.035 |
|     mem_reg_0_255_23_23   |     0.032 |
|     mem_reg_0_255_24_24   |     0.030 |
|     mem_reg_0_255_25_25   |     0.028 |
|     mem_reg_0_255_26_26   |     0.034 |
|     mem_reg_0_255_27_27   |     0.029 |
|     mem_reg_0_255_28_28   |     0.033 |
|     mem_reg_0_255_29_29   |     0.028 |
|     mem_reg_0_255_2_2     |     0.030 |
|     mem_reg_0_255_30_30   |     0.028 |
|     mem_reg_0_255_31_31   |     0.029 |
|     mem_reg_0_255_3_3     |     0.029 |
|     mem_reg_0_255_4_4     |     0.027 |
|     mem_reg_0_255_5_5     |     0.032 |
|     mem_reg_0_255_6_6     |     0.028 |
|     mem_reg_0_255_7_7     |     0.028 |
|     mem_reg_0_255_8_8     |     0.027 |
|     mem_reg_0_255_9_9     |     0.031 |
|     mem_reg_256_511_0_0   |     0.026 |
|     mem_reg_256_511_10_10 |     0.032 |
|     mem_reg_256_511_11_11 |     0.033 |
|     mem_reg_256_511_12_12 |     0.029 |
|     mem_reg_256_511_13_13 |     0.032 |
|     mem_reg_256_511_14_14 |     0.031 |
|     mem_reg_256_511_15_15 |     0.030 |
|     mem_reg_256_511_16_16 |     0.029 |
|     mem_reg_256_511_17_17 |     0.034 |
|     mem_reg_256_511_18_18 |     0.029 |
|     mem_reg_256_511_19_19 |     0.028 |
|     mem_reg_256_511_1_1   |     0.029 |
|     mem_reg_256_511_20_20 |     0.033 |
|     mem_reg_256_511_21_21 |     0.028 |
|     mem_reg_256_511_22_22 |     0.030 |
|     mem_reg_256_511_23_23 |     0.031 |
|     mem_reg_256_511_24_24 |     0.031 |
|     mem_reg_256_511_25_25 |     0.029 |
|     mem_reg_256_511_26_26 |     0.032 |
|     mem_reg_256_511_27_27 |     0.029 |
|     mem_reg_256_511_28_28 |     0.030 |
|     mem_reg_256_511_29_29 |     0.029 |
|     mem_reg_256_511_2_2   |     0.039 |
|     mem_reg_256_511_30_30 |     0.033 |
|     mem_reg_256_511_31_31 |     0.031 |
|     mem_reg_256_511_3_3   |     0.031 |
|     mem_reg_256_511_4_4   |     0.029 |
|     mem_reg_256_511_5_5   |     0.030 |
|     mem_reg_256_511_6_6   |     0.031 |
|     mem_reg_256_511_7_7   |     0.033 |
|     mem_reg_256_511_8_8   |     0.029 |
|     mem_reg_256_511_9_9   |     0.032 |
|   pa                      |     0.265 |
|   pc                      |    23.767 |
|   rf                      |    15.554 |
+---------------------------+-----------+


