Copyright 1986-2020 Xilinx, Inc. All Rights Reserved.
--------------------------------------------------------------------------------------------------------------------------------------------------------------------------------
| Tool Version : Vivado v.2020.1 (win64) Build 2902540 Wed May 27 19:54:49 MDT 2020
| Date         : Tue Mar 17 11:40:42 2026
| Host         : HU-DOPX-ML05 running 64-bit major release  (build 9200)
| Command      : report_timing_summary -max_paths 10 -file top_timing_summary_routed.rpt -pb top_timing_summary_routed.pb -rpx top_timing_summary_routed.rpx -warn_on_violation
| Design       : top
| Device       : 7a35t-cpg236
| Speed File   : -1  PRODUCTION 1.23 2018-06-13
--------------------------------------------------------------------------------------------------------------------------------------------------------------------------------

Timing Summary Report

------------------------------------------------------------------------------------------------
| Timer Settings
| --------------
------------------------------------------------------------------------------------------------

  Enable Multi Corner Analysis               :  Yes
  Enable Pessimism Removal                   :  Yes
  Pessimism Removal Resolution               :  Nearest Common Node
  Enable Input Delay Default Clock           :  No
  Enable Preset / Clear Arcs                 :  No
  Disable Flight Delays                      :  No
  Ignore I/O Paths                           :  No
  Timing Early Launch at Borrowing Latches   :  No
  Borrow Time for Max Delay Exceptions       :  Yes
  Merge Timing Exceptions                    :  Yes

  Corner  Analyze    Analyze    
  Name    Max Paths  Min Paths  
  ------  ---------  ---------  
  Slow    Yes        Yes        
  Fast    Yes        Yes        



check_timing report

Table of Contents
-----------------
1. checking no_clock (0)
2. checking constant_clock (0)
3. checking pulse_width_clock (0)
4. checking unconstrained_internal_endpoints (0)
5. checking no_input_delay (9)
6. checking no_output_delay (15)
7. checking multiple_clock (0)
8. checking generated_clocks (0)
9. checking loops (0)
10. checking partial_input_delay (0)
11. checking partial_output_delay (0)
12. checking latch_loops (0)

1. checking no_clock (0)
------------------------
 There are 0 register/latch pins with no clock.


2. checking constant_clock (0)
------------------------------
 There are 0 register/latch pins with constant_clock.


3. checking pulse_width_clock (0)
---------------------------------
 There are 0 register/latch pins which need pulse_width check


4. checking unconstrained_internal_endpoints (0)
------------------------------------------------
 There are 0 pins that are not constrained for maximum delay.

 There are 0 pins that are not constrained for maximum delay due to constant clock.


5. checking no_input_delay (9)
------------------------------
 There are 9 input ports with no input delay specified. (HIGH)

 There are 0 input ports with no input delay but user has a false path constraint.


6. checking no_output_delay (15)
--------------------------------
 There are 15 ports with no output delay specified. (HIGH)

 There are 0 ports with no output delay but user has a false path constraint

 There are 0 ports with no output delay but with a timing clock defined on it or propagating through it


7. checking multiple_clock (0)
------------------------------
 There are 0 register/latch pins with multiple clocks.


8. checking generated_clocks (0)
--------------------------------
 There are 0 generated clocks that are not connected to a clock source.


9. checking loops (0)
---------------------
 There are 0 combinational loops in the design.


10. checking partial_input_delay (0)
------------------------------------
 There are 0 input ports with partial input delay specified.


11. checking partial_output_delay (0)
-------------------------------------
 There are 0 ports with partial output delay specified.


12. checking latch_loops (0)
----------------------------
 There are 0 combinational latch loops in the design through latch input



------------------------------------------------------------------------------------------------
| Design Timing Summary
| ---------------------
------------------------------------------------------------------------------------------------

    WNS(ns)      TNS(ns)  TNS Failing Endpoints  TNS Total Endpoints      WHS(ns)      THS(ns)  THS Failing Endpoints  THS Total Endpoints     WPWS(ns)     TPWS(ns)  TPWS Failing Endpoints  TPWS Total Endpoints  
    -------      -------  ---------------------  -------------------      -------      -------  ---------------------  -------------------     --------     --------  ----------------------  --------------------  
      5.914        0.000                      0                   67        0.234        0.000                      0                   67        4.500        0.000                       0                    45  


All user specified timing constraints are met.


------------------------------------------------------------------------------------------------
| Clock Summary
| -------------
------------------------------------------------------------------------------------------------

Clock        Waveform(ns)       Period(ns)      Frequency(MHz)
-----        ------------       ----------      --------------
sys_clk_pin  {0.000 5.000}      10.000          100.000         


------------------------------------------------------------------------------------------------
| Intra Clock Table
| -----------------
------------------------------------------------------------------------------------------------

Clock             WNS(ns)      TNS(ns)  TNS Failing Endpoints  TNS Total Endpoints      WHS(ns)      THS(ns)  THS Failing Endpoints  THS Total Endpoints     WPWS(ns)     TPWS(ns)  TPWS Failing Endpoints  TPWS Total Endpoints  
-----             -------      -------  ---------------------  -------------------      -------      -------  ---------------------  -------------------     --------     --------  ----------------------  --------------------  
sys_clk_pin         5.914        0.000                      0                   67        0.234        0.000                      0                   67        4.500        0.000                       0                    45  


------------------------------------------------------------------------------------------------
| Inter Clock Table
| -----------------
------------------------------------------------------------------------------------------------

From Clock    To Clock          WNS(ns)      TNS(ns)  TNS Failing Endpoints  TNS Total Endpoints      WHS(ns)      THS(ns)  THS Failing Endpoints  THS Total Endpoints  
----------    --------          -------      -------  ---------------------  -------------------      -------      -------  ---------------------  -------------------  


------------------------------------------------------------------------------------------------
| Other Path Groups Table
| -----------------------
------------------------------------------------------------------------------------------------

Path Group    From Clock    To Clock          WNS(ns)      TNS(ns)  TNS Failing Endpoints  TNS Total Endpoints      WHS(ns)      THS(ns)  THS Failing Endpoints  THS Total Endpoints  
----------    ----------    --------          -------      -------  ---------------------  -------------------      -------      -------  ---------------------  -------------------  


------------------------------------------------------------------------------------------------
| Timing Details
| --------------
------------------------------------------------------------------------------------------------


---------------------------------------------------------------------------------------------------
From Clock:  sys_clk_pin
  To Clock:  sys_clk_pin

Setup :            0  Failing Endpoints,  Worst Slack        5.914ns,  Total Violation        0.000ns
Hold  :            0  Failing Endpoints,  Worst Slack        0.234ns,  Total Violation        0.000ns
PW    :            0  Failing Endpoints,  Worst Slack        4.500ns,  Total Violation        0.000ns
---------------------------------------------------------------------------------------------------


Max Delay Paths
--------------------------------------------------------------------------------------
Slack (MET) :             5.914ns  (required time - arrival time)
  Source:                 d1/cnt_reg[0]/C
                            (rising edge-triggered cell FDRE clocked by sys_clk_pin  {rise@0.000ns fall@5.000ns period=10.000ns})
  Destination:            d1/pbout_reg/D
                            (rising edge-triggered cell FDRE clocked by sys_clk_pin  {rise@0.000ns fall@5.000ns period=10.000ns})
  Path Group:             sys_clk_pin
  Path Type:              Setup (Max at Slow Process Corner)
  Requirement:            10.000ns  (sys_clk_pin rise@10.000ns - sys_clk_pin rise@0.000ns)
  Data Path Delay:        3.762ns  (logic 0.822ns (21.848%)  route 2.940ns (78.152%))
  Logic Levels:           3  (LUT3=1 LUT4=1 LUT6=1)
  Clock Path Skew:        -0.019ns (DCD - SCD + CPR)
    Destination Clock Delay (DCD):    4.838ns = ( 14.838 - 10.000 ) 
    Source Clock Delay      (SCD):    5.129ns
    Clock Pessimism Removal (CPR):    0.272ns
  Clock Uncertainty:      0.035ns  ((TSJ^2 + TIJ^2)^1/2 + DJ) / 2 + PE
    Total System Jitter     (TSJ):    0.071ns
    Total Input Jitter      (TIJ):    0.000ns
    Discrete Jitter          (DJ):    0.000ns
    Phase Error              (PE):    0.000ns

    Location             Delay type                Incr(ns)  Path(ns)    Netlist Resource(s)
  -------------------------------------------------------------------    -------------------
                         (clock sys_clk_pin rise edge)
                                                      0.000     0.000 r  
    W5                                                0.000     0.000 r  clk (IN)
                         net (fo=0)                   0.000     0.000    clk
    W5                   IBUF (Prop_ibuf_I_O)         1.458     1.458 r  clk_IBUF_inst/O
                         net (fo=1, routed)           1.967     3.425    clk_IBUF
    BUFGCTRL_X0Y0        BUFG (Prop_bufg_I_O)         0.096     3.521 r  clk_IBUF_BUFG_inst/O
                         net (fo=44, routed)          1.608     5.129    d1/CLK
    SLICE_X65Y73         FDRE                                         r  d1/cnt_reg[0]/C
  -------------------------------------------------------------------    -------------------
    SLICE_X65Y73         FDRE (Prop_fdre_C_Q)         0.456     5.585 f  d1/cnt_reg[0]/Q
                         net (fo=3, routed)           0.829     6.414    d1/cnt[0]
    SLICE_X65Y73         LUT4 (Prop_lut4_I3_O)        0.124     6.538 r  d1/cnt[19]_i_7/O
                         net (fo=1, routed)           0.807     7.345    d1/cnt[19]_i_7_n_0
    SLICE_X65Y74         LUT6 (Prop_lut6_I3_O)        0.124     7.469 r  d1/cnt[19]_i_3/O
                         net (fo=20, routed)          0.820     8.289    d1/cnt[19]_i_3_n_0
    SLICE_X63Y72         LUT3 (Prop_lut3_I0_O)        0.118     8.407 r  d1/pbout_i_1/O
                         net (fo=1, routed)           0.484     8.891    d1/pbout_i_1_n_0
    SLICE_X63Y71         FDRE                                         r  d1/pbout_reg/D
  -------------------------------------------------------------------    -------------------

                         (clock sys_clk_pin rise edge)
                                                     10.000    10.000 r  
    W5                                                0.000    10.000 r  clk (IN)
                         net (fo=0)                   0.000    10.000    clk
    W5                   IBUF (Prop_ibuf_I_O)         1.388    11.388 r  clk_IBUF_inst/O
                         net (fo=1, routed)           1.862    13.250    clk_IBUF
    BUFGCTRL_X0Y0        BUFG (Prop_bufg_I_O)         0.091    13.341 r  clk_IBUF_BUFG_inst/O
                         net (fo=44, routed)          1.497    14.838    d1/CLK
    SLICE_X63Y71         FDRE                                         r  d1/pbout_reg/C
                         clock pessimism              0.272    15.110    
                         clock uncertainty           -0.035    15.075    
    SLICE_X63Y71         FDRE (Setup_fdre_C_D)       -0.269    14.806    d1/pbout_reg
  -------------------------------------------------------------------
                         required time                         14.806    
                         arrival time                          -8.891    
  -------------------------------------------------------------------
                         slack                                  5.914    

Slack (MET) :             5.959ns  (required time - arrival time)
  Source:                 d1/cnt_reg[1]/C
                            (rising edge-triggered cell FDRE clocked by sys_clk_pin  {rise@0.000ns fall@5.000ns period=10.000ns})
  Destination:            d1/cnt_reg[17]/D
                            (rising edge-triggered cell FDRE clocked by sys_clk_pin  {rise@0.000ns fall@5.000ns period=10.000ns})
  Path Group:             sys_clk_pin
  Path Type:              Setup (Max at Slow Process Corner)
  Requirement:            10.000ns  (sys_clk_pin rise@10.000ns - sys_clk_pin rise@0.000ns)
  Data Path Delay:        4.045ns  (logic 1.986ns (49.097%)  route 2.059ns (50.903%))
  Logic Levels:           6  (CARRY4=5 LUT2=1)
  Clock Path Skew:        -0.036ns (DCD - SCD + CPR)
    Destination Clock Delay (DCD):    4.835ns = ( 14.835 - 10.000 ) 
    Source Clock Delay      (SCD):    5.129ns
    Clock Pessimism Removal (CPR):    0.258ns
  Clock Uncertainty:      0.035ns  ((TSJ^2 + TIJ^2)^1/2 + DJ) / 2 + PE
    Total System Jitter     (TSJ):    0.071ns
    Total Input Jitter      (TIJ):    0.000ns
    Discrete Jitter          (DJ):    0.000ns
    Phase Error              (PE):    0.000ns

    Location             Delay type                Incr(ns)  Path(ns)    Netlist Resource(s)
  -------------------------------------------------------------------    -------------------
                         (clock sys_clk_pin rise edge)
                                                      0.000     0.000 r  
    W5                                                0.000     0.000 r  clk (IN)
                         net (fo=0)                   0.000     0.000    clk
    W5                   IBUF (Prop_ibuf_I_O)         1.458     1.458 r  clk_IBUF_inst/O
                         net (fo=1, routed)           1.967     3.425    clk_IBUF
    BUFGCTRL_X0Y0        BUFG (Prop_bufg_I_O)         0.096     3.521 r  clk_IBUF_BUFG_inst/O
                         net (fo=44, routed)          1.608     5.129    d1/CLK
    SLICE_X65Y73         FDRE                                         r  d1/cnt_reg[1]/C
  -------------------------------------------------------------------    -------------------
    SLICE_X65Y73         FDRE (Prop_fdre_C_Q)         0.456     5.585 r  d1/cnt_reg[1]/Q
                         net (fo=2, routed)           1.051     6.636    d1/cnt[1]
    SLICE_X64Y73         CARRY4 (Prop_carry4_S[0]_CO[3])
                                                      0.637     7.273 r  d1/cnt0_carry/CO[3]
                         net (fo=1, routed)           0.000     7.273    d1/cnt0_carry_n_0
    SLICE_X64Y74         CARRY4 (Prop_carry4_CI_CO[3])
                                                      0.117     7.390 r  d1/cnt0_carry__0/CO[3]
                         net (fo=1, routed)           0.009     7.399    d1/cnt0_carry__0_n_0
    SLICE_X64Y75         CARRY4 (Prop_carry4_CI_CO[3])
                                                      0.117     7.516 r  d1/cnt0_carry__1/CO[3]
                         net (fo=1, routed)           0.000     7.516    d1/cnt0_carry__1_n_0
    SLICE_X64Y76         CARRY4 (Prop_carry4_CI_CO[3])
                                                      0.117     7.633 r  d1/cnt0_carry__2/CO[3]
                         net (fo=1, routed)           0.000     7.633    d1/cnt0_carry__2_n_0
    SLICE_X64Y77         CARRY4 (Prop_carry4_CI_O[0])
                                                      0.219     7.852 r  d1/cnt0_carry__3/O[0]
                         net (fo=1, routed)           0.999     8.851    d1/data0[17]
    SLICE_X65Y76         LUT2 (Prop_lut2_I1_O)        0.323     9.174 r  d1/cnt[17]_i_1/O
                         net (fo=1, routed)           0.000     9.174    d1/cnt_0[17]
    SLICE_X65Y76         FDRE                                         r  d1/cnt_reg[17]/D
  -------------------------------------------------------------------    -------------------

                         (clock sys_clk_pin rise edge)
                                                     10.000    10.000 r  
    W5                                                0.000    10.000 r  clk (IN)
                         net (fo=0)                   0.000    10.000    clk
    W5                   IBUF (Prop_ibuf_I_O)         1.388    11.388 r  clk_IBUF_inst/O
                         net (fo=1, routed)           1.862    13.250    clk_IBUF
    BUFGCTRL_X0Y0        BUFG (Prop_bufg_I_O)         0.091    13.341 r  clk_IBUF_BUFG_inst/O
                         net (fo=44, routed)          1.494    14.835    d1/CLK
    SLICE_X65Y76         FDRE                                         r  d1/cnt_reg[17]/C
                         clock pessimism              0.258    15.093    
                         clock uncertainty           -0.035    15.058    
    SLICE_X65Y76         FDRE (Setup_fdre_C_D)        0.075    15.133    d1/cnt_reg[17]
  -------------------------------------------------------------------
                         required time                         15.133    
                         arrival time                          -9.174    
  -------------------------------------------------------------------
                         slack                                  5.959    

Slack (MET) :             6.074ns  (required time - arrival time)
  Source:                 d1/cnt_reg[1]/C
                            (rising edge-triggered cell FDRE clocked by sys_clk_pin  {rise@0.000ns fall@5.000ns period=10.000ns})
  Destination:            d1/cnt_reg[13]/D
                            (rising edge-triggered cell FDRE clocked by sys_clk_pin  {rise@0.000ns fall@5.000ns period=10.000ns})
  Path Group:             sys_clk_pin
  Path Type:              Setup (Max at Slow Process Corner)
  Requirement:            10.000ns  (sys_clk_pin rise@10.000ns - sys_clk_pin rise@0.000ns)
  Data Path Delay:        3.928ns  (logic 1.869ns (47.581%)  route 2.059ns (52.419%))
  Logic Levels:           5  (CARRY4=4 LUT2=1)
  Clock Path Skew:        -0.038ns (DCD - SCD + CPR)
    Destination Clock Delay (DCD):    4.833ns = ( 14.833 - 10.000 ) 
    Source Clock Delay      (SCD):    5.129ns
    Clock Pessimism Removal (CPR):    0.258ns
  Clock Uncertainty:      0.035ns  ((TSJ^2 + TIJ^2)^1/2 + DJ) / 2 + PE
    Total System Jitter     (TSJ):    0.071ns
    Total Input Jitter      (TIJ):    0.000ns
    Discrete Jitter          (DJ):    0.000ns
    Phase Error              (PE):    0.000ns

    Location             Delay type                Incr(ns)  Path(ns)    Netlist Resource(s)
  -------------------------------------------------------------------    -------------------
                         (clock sys_clk_pin rise edge)
                                                      0.000     0.000 r  
    W5                                                0.000     0.000 r  clk (IN)
                         net (fo=0)                   0.000     0.000    clk
    W5                   IBUF (Prop_ibuf_I_O)         1.458     1.458 r  clk_IBUF_inst/O
                         net (fo=1, routed)           1.967     3.425    clk_IBUF
    BUFGCTRL_X0Y0        BUFG (Prop_bufg_I_O)         0.096     3.521 r  clk_IBUF_BUFG_inst/O
                         net (fo=44, routed)          1.608     5.129    d1/CLK
    SLICE_X65Y73         FDRE                                         r  d1/cnt_reg[1]/C
  -------------------------------------------------------------------    -------------------
    SLICE_X65Y73         FDRE (Prop_fdre_C_Q)         0.456     5.585 r  d1/cnt_reg[1]/Q
                         net (fo=2, routed)           1.051     6.636    d1/cnt[1]
    SLICE_X64Y73         CARRY4 (Prop_carry4_S[0]_CO[3])
                                                      0.637     7.273 r  d1/cnt0_carry/CO[3]
                         net (fo=1, routed)           0.000     7.273    d1/cnt0_carry_n_0
    SLICE_X64Y74         CARRY4 (Prop_carry4_CI_CO[3])
                                                      0.117     7.390 r  d1/cnt0_carry__0/CO[3]
                         net (fo=1, routed)           0.009     7.399    d1/cnt0_carry__0_n_0
    SLICE_X64Y75         CARRY4 (Prop_carry4_CI_CO[3])
                                                      0.117     7.516 r  d1/cnt0_carry__1/CO[3]
                         net (fo=1, routed)           0.000     7.516    d1/cnt0_carry__1_n_0
    SLICE_X64Y76         CARRY4 (Prop_carry4_CI_O[0])
                                                      0.219     7.735 r  d1/cnt0_carry__2/O[0]
                         net (fo=1, routed)           0.999     8.734    d1/data0[13]
    SLICE_X65Y75         LUT2 (Prop_lut2_I1_O)        0.323     9.057 r  d1/cnt[13]_i_1/O
                         net (fo=1, routed)           0.000     9.057    d1/cnt_0[13]
    SLICE_X65Y75         FDRE                                         r  d1/cnt_reg[13]/D
  -------------------------------------------------------------------    -------------------

                         (clock sys_clk_pin rise edge)
                                                     10.000    10.000 r  
    W5                                                0.000    10.000 r  clk (IN)
                         net (fo=0)                   0.000    10.000    clk
    W5                   IBUF (Prop_ibuf_I_O)         1.388    11.388 r  clk_IBUF_inst/O
                         net (fo=1, routed)           1.862    13.250    clk_IBUF
    BUFGCTRL_X0Y0        BUFG (Prop_bufg_I_O)         0.091    13.341 r  clk_IBUF_BUFG_inst/O
                         net (fo=44, routed)          1.492    14.833    d1/CLK
    SLICE_X65Y75         FDRE                                         r  d1/cnt_reg[13]/C
                         clock pessimism              0.258    15.091    
                         clock uncertainty           -0.035    15.056    
    SLICE_X65Y75         FDRE (Setup_fdre_C_D)        0.075    15.131    d1/cnt_reg[13]
  -------------------------------------------------------------------
                         required time                         15.131    
                         arrival time                          -9.057    
  -------------------------------------------------------------------
                         slack                                  6.074    

Slack (MET) :             6.128ns  (required time - arrival time)
  Source:                 d1/cnt_reg[1]/C
                            (rising edge-triggered cell FDRE clocked by sys_clk_pin  {rise@0.000ns fall@5.000ns period=10.000ns})
  Destination:            d1/cnt_reg[19]/D
                            (rising edge-triggered cell FDRE clocked by sys_clk_pin  {rise@0.000ns fall@5.000ns period=10.000ns})
  Path Group:             sys_clk_pin
  Path Type:              Setup (Max at Slow Process Corner)
  Requirement:            10.000ns  (sys_clk_pin rise@10.000ns - sys_clk_pin rise@0.000ns)
  Data Path Delay:        3.876ns  (logic 2.014ns (51.964%)  route 1.862ns (48.036%))
  Logic Levels:           6  (CARRY4=5 LUT2=1)
  Clock Path Skew:        -0.036ns (DCD - SCD + CPR)
    Destination Clock Delay (DCD):    4.835ns = ( 14.835 - 10.000 ) 
    Source Clock Delay      (SCD):    5.129ns
    Clock Pessimism Removal (CPR):    0.258ns
  Clock Uncertainty:      0.035ns  ((TSJ^2 + TIJ^2)^1/2 + DJ) / 2 + PE
    Total System Jitter     (TSJ):    0.071ns
    Total Input Jitter      (TIJ):    0.000ns
    Discrete Jitter          (DJ):    0.000ns
    Phase Error              (PE):    0.000ns

    Location             Delay type                Incr(ns)  Path(ns)    Netlist Resource(s)
  -------------------------------------------------------------------    -------------------
                         (clock sys_clk_pin rise edge)
                                                      0.000     0.000 r  
    W5                                                0.000     0.000 r  clk (IN)
                         net (fo=0)                   0.000     0.000    clk
    W5                   IBUF (Prop_ibuf_I_O)         1.458     1.458 r  clk_IBUF_inst/O
                         net (fo=1, routed)           1.967     3.425    clk_IBUF
    BUFGCTRL_X0Y0        BUFG (Prop_bufg_I_O)         0.096     3.521 r  clk_IBUF_BUFG_inst/O
                         net (fo=44, routed)          1.608     5.129    d1/CLK
    SLICE_X65Y73         FDRE                                         r  d1/cnt_reg[1]/C
  -------------------------------------------------------------------    -------------------
    SLICE_X65Y73         FDRE (Prop_fdre_C_Q)         0.456     5.585 r  d1/cnt_reg[1]/Q
                         net (fo=2, routed)           1.051     6.636    d1/cnt[1]
    SLICE_X64Y73         CARRY4 (Prop_carry4_S[0]_CO[3])
                                                      0.637     7.273 r  d1/cnt0_carry/CO[3]
                         net (fo=1, routed)           0.000     7.273    d1/cnt0_carry_n_0
    SLICE_X64Y74         CARRY4 (Prop_carry4_CI_CO[3])
                                                      0.117     7.390 r  d1/cnt0_carry__0/CO[3]
                         net (fo=1, routed)           0.009     7.399    d1/cnt0_carry__0_n_0
    SLICE_X64Y75         CARRY4 (Prop_carry4_CI_CO[3])
                                                      0.117     7.516 r  d1/cnt0_carry__1/CO[3]
                         net (fo=1, routed)           0.000     7.516    d1/cnt0_carry__1_n_0
    SLICE_X64Y76         CARRY4 (Prop_carry4_CI_CO[3])
                                                      0.117     7.633 r  d1/cnt0_carry__2/CO[3]
                         net (fo=1, routed)           0.000     7.633    d1/cnt0_carry__2_n_0
    SLICE_X64Y77         CARRY4 (Prop_carry4_CI_O[2])
                                                      0.239     7.872 r  d1/cnt0_carry__3/O[2]
                         net (fo=1, routed)           0.802     8.674    d1/data0[19]
    SLICE_X65Y76         LUT2 (Prop_lut2_I1_O)        0.331     9.005 r  d1/cnt[19]_i_2/O
                         net (fo=1, routed)           0.000     9.005    d1/cnt_0[19]
    SLICE_X65Y76         FDRE                                         r  d1/cnt_reg[19]/D
  -------------------------------------------------------------------    -------------------

                         (clock sys_clk_pin rise edge)
                                                     10.000    10.000 r  
    W5                                                0.000    10.000 r  clk (IN)
                         net (fo=0)                   0.000    10.000    clk
    W5                   IBUF (Prop_ibuf_I_O)         1.388    11.388 r  clk_IBUF_inst/O
                         net (fo=1, routed)           1.862    13.250    clk_IBUF
    BUFGCTRL_X0Y0        BUFG (Prop_bufg_I_O)         0.091    13.341 r  clk_IBUF_BUFG_inst/O
                         net (fo=44, routed)          1.494    14.835    d1/CLK
    SLICE_X65Y76         FDRE                                         r  d1/cnt_reg[19]/C
                         clock pessimism              0.258    15.093    
                         clock uncertainty           -0.035    15.058    
    SLICE_X65Y76         FDRE (Setup_fdre_C_D)        0.075    15.133    d1/cnt_reg[19]
  -------------------------------------------------------------------
                         required time                         15.133    
                         arrival time                          -9.005    
  -------------------------------------------------------------------
                         slack                                  6.128    

Slack (MET) :             6.218ns  (required time - arrival time)
  Source:                 d1/cnt_reg[0]/C
                            (rising edge-triggered cell FDRE clocked by sys_clk_pin  {rise@0.000ns fall@5.000ns period=10.000ns})
  Destination:            d1/cnt_reg[18]/D
                            (rising edge-triggered cell FDRE clocked by sys_clk_pin  {rise@0.000ns fall@5.000ns period=10.000ns})
  Path Group:             sys_clk_pin
  Path Type:              Setup (Max at Slow Process Corner)
  Requirement:            10.000ns  (sys_clk_pin rise@10.000ns - sys_clk_pin rise@0.000ns)
  Data Path Delay:        3.742ns  (logic 0.828ns (22.129%)  route 2.914ns (77.871%))
  Logic Levels:           3  (LUT2=1 LUT4=1 LUT6=1)
  Clock Path Skew:        -0.036ns (DCD - SCD + CPR)
    Destination Clock Delay (DCD):    4.835ns = ( 14.835 - 10.000 ) 
    Source Clock Delay      (SCD):    5.129ns
    Clock Pessimism Removal (CPR):    0.258ns
  Clock Uncertainty:      0.035ns  ((TSJ^2 + TIJ^2)^1/2 + DJ) / 2 + PE
    Total System Jitter     (TSJ):    0.071ns
    Total Input Jitter      (TIJ):    0.000ns
    Discrete Jitter          (DJ):    0.000ns
    Phase Error              (PE):    0.000ns

    Location             Delay type                Incr(ns)  Path(ns)    Netlist Resource(s)
  -------------------------------------------------------------------    -------------------
                         (clock sys_clk_pin rise edge)
                                                      0.000     0.000 r  
    W5                                                0.000     0.000 r  clk (IN)
                         net (fo=0)                   0.000     0.000    clk
    W5                   IBUF (Prop_ibuf_I_O)         1.458     1.458 r  clk_IBUF_inst/O
                         net (fo=1, routed)           1.967     3.425    clk_IBUF
    BUFGCTRL_X0Y0        BUFG (Prop_bufg_I_O)         0.096     3.521 r  clk_IBUF_BUFG_inst/O
                         net (fo=44, routed)          1.608     5.129    d1/CLK
    SLICE_X65Y73         FDRE                                         r  d1/cnt_reg[0]/C
  -------------------------------------------------------------------    -------------------
    SLICE_X65Y73         FDRE (Prop_fdre_C_Q)         0.456     5.585 f  d1/cnt_reg[0]/Q
                         net (fo=3, routed)           0.829     6.414    d1/cnt[0]
    SLICE_X65Y73         LUT4 (Prop_lut4_I3_O)        0.124     6.538 r  d1/cnt[19]_i_7/O
                         net (fo=1, routed)           0.807     7.345    d1/cnt[19]_i_7_n_0
    SLICE_X65Y74         LUT6 (Prop_lut6_I3_O)        0.124     7.469 r  d1/cnt[19]_i_3/O
                         net (fo=20, routed)          1.278     8.747    d1/cnt[19]_i_3_n_0
    SLICE_X65Y76         LUT2 (Prop_lut2_I0_O)        0.124     8.871 r  d1/cnt[18]_i_1/O
                         net (fo=1, routed)           0.000     8.871    d1/cnt_0[18]
    SLICE_X65Y76         FDRE                                         r  d1/cnt_reg[18]/D
  -------------------------------------------------------------------    -------------------

                         (clock sys_clk_pin rise edge)
                                                     10.000    10.000 r  
    W5                                                0.000    10.000 r  clk (IN)
                         net (fo=0)                   0.000    10.000    clk
    W5                   IBUF (Prop_ibuf_I_O)         1.388    11.388 r  clk_IBUF_inst/O
                         net (fo=1, routed)           1.862    13.250    clk_IBUF
    BUFGCTRL_X0Y0        BUFG (Prop_bufg_I_O)         0.091    13.341 r  clk_IBUF_BUFG_inst/O
                         net (fo=44, routed)          1.494    14.835    d1/CLK
    SLICE_X65Y76         FDRE                                         r  d1/cnt_reg[18]/C
                         clock pessimism              0.258    15.093    
                         clock uncertainty           -0.035    15.058    
    SLICE_X65Y76         FDRE (Setup_fdre_C_D)        0.031    15.089    d1/cnt_reg[18]
  -------------------------------------------------------------------
                         required time                         15.089    
                         arrival time                          -8.871    
  -------------------------------------------------------------------
                         slack                                  6.218    

Slack (MET) :             6.308ns  (required time - arrival time)
  Source:                 d1/cnt_reg[1]/C
                            (rising edge-triggered cell FDRE clocked by sys_clk_pin  {rise@0.000ns fall@5.000ns period=10.000ns})
  Destination:            d1/cnt_reg[16]/D
                            (rising edge-triggered cell FDRE clocked by sys_clk_pin  {rise@0.000ns fall@5.000ns period=10.000ns})
  Path Group:             sys_clk_pin
  Path Type:              Setup (Max at Slow Process Corner)
  Requirement:            10.000ns  (sys_clk_pin rise@10.000ns - sys_clk_pin rise@0.000ns)
  Data Path Delay:        3.696ns  (logic 1.977ns (53.496%)  route 1.719ns (46.504%))
  Logic Levels:           5  (CARRY4=4 LUT2=1)
  Clock Path Skew:        -0.036ns (DCD - SCD + CPR)
    Destination Clock Delay (DCD):    4.835ns = ( 14.835 - 10.000 ) 
    Source Clock Delay      (SCD):    5.129ns
    Clock Pessimism Removal (CPR):    0.258ns
  Clock Uncertainty:      0.035ns  ((TSJ^2 + TIJ^2)^1/2 + DJ) / 2 + PE
    Total System Jitter     (TSJ):    0.071ns
    Total Input Jitter      (TIJ):    0.000ns
    Discrete Jitter          (DJ):    0.000ns
    Phase Error              (PE):    0.000ns

    Location             Delay type                Incr(ns)  Path(ns)    Netlist Resource(s)
  -------------------------------------------------------------------    -------------------
                         (clock sys_clk_pin rise edge)
                                                      0.000     0.000 r  
    W5                                                0.000     0.000 r  clk (IN)
                         net (fo=0)                   0.000     0.000    clk
    W5                   IBUF (Prop_ibuf_I_O)         1.458     1.458 r  clk_IBUF_inst/O
                         net (fo=1, routed)           1.967     3.425    clk_IBUF
    BUFGCTRL_X0Y0        BUFG (Prop_bufg_I_O)         0.096     3.521 r  clk_IBUF_BUFG_inst/O
                         net (fo=44, routed)          1.608     5.129    d1/CLK
    SLICE_X65Y73         FDRE                                         r  d1/cnt_reg[1]/C
  -------------------------------------------------------------------    -------------------
    SLICE_X65Y73         FDRE (Prop_fdre_C_Q)         0.456     5.585 r  d1/cnt_reg[1]/Q
                         net (fo=2, routed)           1.051     6.636    d1/cnt[1]
    SLICE_X64Y73         CARRY4 (Prop_carry4_S[0]_CO[3])
                                                      0.637     7.273 r  d1/cnt0_carry/CO[3]
                         net (fo=1, routed)           0.000     7.273    d1/cnt0_carry_n_0
    SLICE_X64Y74         CARRY4 (Prop_carry4_CI_CO[3])
                                                      0.117     7.390 r  d1/cnt0_carry__0/CO[3]
                         net (fo=1, routed)           0.009     7.399    d1/cnt0_carry__0_n_0
    SLICE_X64Y75         CARRY4 (Prop_carry4_CI_CO[3])
                                                      0.117     7.516 r  d1/cnt0_carry__1/CO[3]
                         net (fo=1, routed)           0.000     7.516    d1/cnt0_carry__1_n_0
    SLICE_X64Y76         CARRY4 (Prop_carry4_CI_O[3])
                                                      0.315     7.831 r  d1/cnt0_carry__2/O[3]
                         net (fo=1, routed)           0.658     8.489    d1/data0[16]
    SLICE_X65Y76         LUT2 (Prop_lut2_I1_O)        0.335     8.824 r  d1/cnt[16]_i_1/O
                         net (fo=1, routed)           0.000     8.824    d1/cnt_0[16]
    SLICE_X65Y76         FDRE                                         r  d1/cnt_reg[16]/D
  -------------------------------------------------------------------    -------------------

                         (clock sys_clk_pin rise edge)
                                                     10.000    10.000 r  
    W5                                                0.000    10.000 r  clk (IN)
                         net (fo=0)                   0.000    10.000    clk
    W5                   IBUF (Prop_ibuf_I_O)         1.388    11.388 r  clk_IBUF_inst/O
                         net (fo=1, routed)           1.862    13.250    clk_IBUF
    BUFGCTRL_X0Y0        BUFG (Prop_bufg_I_O)         0.091    13.341 r  clk_IBUF_BUFG_inst/O
                         net (fo=44, routed)          1.494    14.835    d1/CLK
    SLICE_X65Y76         FDRE                                         r  d1/cnt_reg[16]/C
                         clock pessimism              0.258    15.093    
                         clock uncertainty           -0.035    15.058    
    SLICE_X65Y76         FDRE (Setup_fdre_C_D)        0.075    15.133    d1/cnt_reg[16]
  -------------------------------------------------------------------
                         required time                         15.133    
                         arrival time                          -8.824    
  -------------------------------------------------------------------
                         slack                                  6.308    

Slack (MET) :             6.375ns  (required time - arrival time)
  Source:                 d1/cnt_reg[0]/C
                            (rising edge-triggered cell FDRE clocked by sys_clk_pin  {rise@0.000ns fall@5.000ns period=10.000ns})
  Destination:            d1/cnt_reg[6]/D
                            (rising edge-triggered cell FDRE clocked by sys_clk_pin  {rise@0.000ns fall@5.000ns period=10.000ns})
  Path Group:             sys_clk_pin
  Path Type:              Setup (Max at Slow Process Corner)
  Requirement:            10.000ns  (sys_clk_pin rise@10.000ns - sys_clk_pin rise@0.000ns)
  Data Path Delay:        3.583ns  (logic 0.828ns (23.112%)  route 2.755ns (76.888%))
  Logic Levels:           3  (LUT2=1 LUT4=1 LUT6=1)
  Clock Path Skew:        -0.038ns (DCD - SCD + CPR)
    Destination Clock Delay (DCD):    4.833ns = ( 14.833 - 10.000 ) 
    Source Clock Delay      (SCD):    5.129ns
    Clock Pessimism Removal (CPR):    0.258ns
  Clock Uncertainty:      0.035ns  ((TSJ^2 + TIJ^2)^1/2 + DJ) / 2 + PE
    Total System Jitter     (TSJ):    0.071ns
    Total Input Jitter      (TIJ):    0.000ns
    Discrete Jitter          (DJ):    0.000ns
    Phase Error              (PE):    0.000ns

    Location             Delay type                Incr(ns)  Path(ns)    Netlist Resource(s)
  -------------------------------------------------------------------    -------------------
                         (clock sys_clk_pin rise edge)
                                                      0.000     0.000 r  
    W5                                                0.000     0.000 r  clk (IN)
                         net (fo=0)                   0.000     0.000    clk
    W5                   IBUF (Prop_ibuf_I_O)         1.458     1.458 r  clk_IBUF_inst/O
                         net (fo=1, routed)           1.967     3.425    clk_IBUF
    BUFGCTRL_X0Y0        BUFG (Prop_bufg_I_O)         0.096     3.521 r  clk_IBUF_BUFG_inst/O
                         net (fo=44, routed)          1.608     5.129    d1/CLK
    SLICE_X65Y73         FDRE                                         r  d1/cnt_reg[0]/C
  -------------------------------------------------------------------    -------------------
    SLICE_X65Y73         FDRE (Prop_fdre_C_Q)         0.456     5.585 f  d1/cnt_reg[0]/Q
                         net (fo=3, routed)           0.829     6.414    d1/cnt[0]
    SLICE_X65Y73         LUT4 (Prop_lut4_I3_O)        0.124     6.538 r  d1/cnt[19]_i_7/O
                         net (fo=1, routed)           0.807     7.345    d1/cnt[19]_i_7_n_0
    SLICE_X65Y74         LUT6 (Prop_lut6_I3_O)        0.124     7.469 r  d1/cnt[19]_i_3/O
                         net (fo=20, routed)          1.118     8.587    d1/cnt[19]_i_3_n_0
    SLICE_X65Y75         LUT2 (Prop_lut2_I0_O)        0.124     8.711 r  d1/cnt[6]_i_1/O
                         net (fo=1, routed)           0.000     8.711    d1/cnt_0[6]
    SLICE_X65Y75         FDRE                                         r  d1/cnt_reg[6]/D
  -------------------------------------------------------------------    -------------------

                         (clock sys_clk_pin rise edge)
                                                     10.000    10.000 r  
    W5                                                0.000    10.000 r  clk (IN)
                         net (fo=0)                   0.000    10.000    clk
    W5                   IBUF (Prop_ibuf_I_O)         1.388    11.388 r  clk_IBUF_inst/O
                         net (fo=1, routed)           1.862    13.250    clk_IBUF
    BUFGCTRL_X0Y0        BUFG (Prop_bufg_I_O)         0.091    13.341 r  clk_IBUF_BUFG_inst/O
                         net (fo=44, routed)          1.492    14.833    d1/CLK
    SLICE_X65Y75         FDRE                                         r  d1/cnt_reg[6]/C
                         clock pessimism              0.258    15.091    
                         clock uncertainty           -0.035    15.056    
    SLICE_X65Y75         FDRE (Setup_fdre_C_D)        0.031    15.087    d1/cnt_reg[6]
  -------------------------------------------------------------------
                         required time                         15.087    
                         arrival time                          -8.711    
  -------------------------------------------------------------------
                         slack                                  6.375    

Slack (MET) :             6.389ns  (required time - arrival time)
  Source:                 d1/cnt_reg[0]/C
                            (rising edge-triggered cell FDRE clocked by sys_clk_pin  {rise@0.000ns fall@5.000ns period=10.000ns})
  Destination:            d1/cnt_reg[14]/D
                            (rising edge-triggered cell FDRE clocked by sys_clk_pin  {rise@0.000ns fall@5.000ns period=10.000ns})
  Path Group:             sys_clk_pin
  Path Type:              Setup (Max at Slow Process Corner)
  Requirement:            10.000ns  (sys_clk_pin rise@10.000ns - sys_clk_pin rise@0.000ns)
  Data Path Delay:        3.569ns  (logic 0.828ns (23.201%)  route 2.741ns (76.799%))
  Logic Levels:           3  (LUT2=1 LUT4=1 LUT6=1)
  Clock Path Skew:        -0.036ns (DCD - SCD + CPR)
    Destination Clock Delay (DCD):    4.835ns = ( 14.835 - 10.000 ) 
    Source Clock Delay      (SCD):    5.129ns
    Clock Pessimism Removal (CPR):    0.258ns
  Clock Uncertainty:      0.035ns  ((TSJ^2 + TIJ^2)^1/2 + DJ) / 2 + PE
    Total System Jitter     (TSJ):    0.071ns
    Total Input Jitter      (TIJ):    0.000ns
    Discrete Jitter          (DJ):    0.000ns
    Phase Error              (PE):    0.000ns

    Location             Delay type                Incr(ns)  Path(ns)    Netlist Resource(s)
  -------------------------------------------------------------------    -------------------
                         (clock sys_clk_pin rise edge)
                                                      0.000     0.000 r  
    W5                                                0.000     0.000 r  clk (IN)
                         net (fo=0)                   0.000     0.000    clk
    W5                   IBUF (Prop_ibuf_I_O)         1.458     1.458 r  clk_IBUF_inst/O
                         net (fo=1, routed)           1.967     3.425    clk_IBUF
    BUFGCTRL_X0Y0        BUFG (Prop_bufg_I_O)         0.096     3.521 r  clk_IBUF_BUFG_inst/O
                         net (fo=44, routed)          1.608     5.129    d1/CLK
    SLICE_X65Y73         FDRE                                         r  d1/cnt_reg[0]/C
  -------------------------------------------------------------------    -------------------
    SLICE_X65Y73         FDRE (Prop_fdre_C_Q)         0.456     5.585 f  d1/cnt_reg[0]/Q
                         net (fo=3, routed)           0.829     6.414    d1/cnt[0]
    SLICE_X65Y73         LUT4 (Prop_lut4_I3_O)        0.124     6.538 r  d1/cnt[19]_i_7/O
                         net (fo=1, routed)           0.807     7.345    d1/cnt[19]_i_7_n_0
    SLICE_X65Y74         LUT6 (Prop_lut6_I3_O)        0.124     7.469 r  d1/cnt[19]_i_3/O
                         net (fo=20, routed)          1.105     8.574    d1/cnt[19]_i_3_n_0
    SLICE_X65Y76         LUT2 (Prop_lut2_I0_O)        0.124     8.698 r  d1/cnt[14]_i_1/O
                         net (fo=1, routed)           0.000     8.698    d1/cnt_0[14]
    SLICE_X65Y76         FDRE                                         r  d1/cnt_reg[14]/D
  -------------------------------------------------------------------    -------------------

                         (clock sys_clk_pin rise edge)
                                                     10.000    10.000 r  
    W5                                                0.000    10.000 r  clk (IN)
                         net (fo=0)                   0.000    10.000    clk
    W5                   IBUF (Prop_ibuf_I_O)         1.388    11.388 r  clk_IBUF_inst/O
                         net (fo=1, routed)           1.862    13.250    clk_IBUF
    BUFGCTRL_X0Y0        BUFG (Prop_bufg_I_O)         0.091    13.341 r  clk_IBUF_BUFG_inst/O
                         net (fo=44, routed)          1.494    14.835    d1/CLK
    SLICE_X65Y76         FDRE                                         r  d1/cnt_reg[14]/C
                         clock pessimism              0.258    15.093    
                         clock uncertainty           -0.035    15.058    
    SLICE_X65Y76         FDRE (Setup_fdre_C_D)        0.029    15.087    d1/cnt_reg[14]
  -------------------------------------------------------------------
                         required time                         15.087    
                         arrival time                          -8.698    
  -------------------------------------------------------------------
                         slack                                  6.389    

Slack (MET) :             6.389ns  (required time - arrival time)
  Source:                 d1/cnt_reg[0]/C
                            (rising edge-triggered cell FDRE clocked by sys_clk_pin  {rise@0.000ns fall@5.000ns period=10.000ns})
  Destination:            d1/cnt_reg[9]/D
                            (rising edge-triggered cell FDRE clocked by sys_clk_pin  {rise@0.000ns fall@5.000ns period=10.000ns})
  Path Group:             sys_clk_pin
  Path Type:              Setup (Max at Slow Process Corner)
  Requirement:            10.000ns  (sys_clk_pin rise@10.000ns - sys_clk_pin rise@0.000ns)
  Data Path Delay:        3.613ns  (logic 0.858ns (23.750%)  route 2.755ns (76.250%))
  Logic Levels:           3  (LUT2=1 LUT4=1 LUT6=1)
  Clock Path Skew:        -0.038ns (DCD - SCD + CPR)
    Destination Clock Delay (DCD):    4.833ns = ( 14.833 - 10.000 ) 
    Source Clock Delay      (SCD):    5.129ns
    Clock Pessimism Removal (CPR):    0.258ns
  Clock Uncertainty:      0.035ns  ((TSJ^2 + TIJ^2)^1/2 + DJ) / 2 + PE
    Total System Jitter     (TSJ):    0.071ns
    Total Input Jitter      (TIJ):    0.000ns
    Discrete Jitter          (DJ):    0.000ns
    Phase Error              (PE):    0.000ns

    Location             Delay type                Incr(ns)  Path(ns)    Netlist Resource(s)
  -------------------------------------------------------------------    -------------------
                         (clock sys_clk_pin rise edge)
                                                      0.000     0.000 r  
    W5                                                0.000     0.000 r  clk (IN)
                         net (fo=0)                   0.000     0.000    clk
    W5                   IBUF (Prop_ibuf_I_O)         1.458     1.458 r  clk_IBUF_inst/O
                         net (fo=1, routed)           1.967     3.425    clk_IBUF
    BUFGCTRL_X0Y0        BUFG (Prop_bufg_I_O)         0.096     3.521 r  clk_IBUF_BUFG_inst/O
                         net (fo=44, routed)          1.608     5.129    d1/CLK
    SLICE_X65Y73         FDRE                                         r  d1/cnt_reg[0]/C
  -------------------------------------------------------------------    -------------------
    SLICE_X65Y73         FDRE (Prop_fdre_C_Q)         0.456     5.585 f  d1/cnt_reg[0]/Q
                         net (fo=3, routed)           0.829     6.414    d1/cnt[0]
    SLICE_X65Y73         LUT4 (Prop_lut4_I3_O)        0.124     6.538 r  d1/cnt[19]_i_7/O
                         net (fo=1, routed)           0.807     7.345    d1/cnt[19]_i_7_n_0
    SLICE_X65Y74         LUT6 (Prop_lut6_I3_O)        0.124     7.469 r  d1/cnt[19]_i_3/O
                         net (fo=20, routed)          1.118     8.587    d1/cnt[19]_i_3_n_0
    SLICE_X65Y75         LUT2 (Prop_lut2_I0_O)        0.154     8.741 r  d1/cnt[9]_i_1/O
                         net (fo=1, routed)           0.000     8.741    d1/cnt_0[9]
    SLICE_X65Y75         FDRE                                         r  d1/cnt_reg[9]/D
  -------------------------------------------------------------------    -------------------

                         (clock sys_clk_pin rise edge)
                                                     10.000    10.000 r  
    W5                                                0.000    10.000 r  clk (IN)
                         net (fo=0)                   0.000    10.000    clk
    W5                   IBUF (Prop_ibuf_I_O)         1.388    11.388 r  clk_IBUF_inst/O
                         net (fo=1, routed)           1.862    13.250    clk_IBUF
    BUFGCTRL_X0Y0        BUFG (Prop_bufg_I_O)         0.091    13.341 r  clk_IBUF_BUFG_inst/O
                         net (fo=44, routed)          1.492    14.833    d1/CLK
    SLICE_X65Y75         FDRE                                         r  d1/cnt_reg[9]/C
                         clock pessimism              0.258    15.091    
                         clock uncertainty           -0.035    15.056    
    SLICE_X65Y75         FDRE (Setup_fdre_C_D)        0.075    15.131    d1/cnt_reg[9]
  -------------------------------------------------------------------
                         required time                         15.131    
                         arrival time                          -8.741    
  -------------------------------------------------------------------
                         slack                                  6.389    

Slack (MET) :             6.423ns  (required time - arrival time)
  Source:                 d1/cnt_reg[1]/C
                            (rising edge-triggered cell FDRE clocked by sys_clk_pin  {rise@0.000ns fall@5.000ns period=10.000ns})
  Destination:            d1/cnt_reg[12]/D
                            (rising edge-triggered cell FDRE clocked by sys_clk_pin  {rise@0.000ns fall@5.000ns period=10.000ns})
  Path Group:             sys_clk_pin
  Path Type:              Setup (Max at Slow Process Corner)
  Requirement:            10.000ns  (sys_clk_pin rise@10.000ns - sys_clk_pin rise@0.000ns)
  Data Path Delay:        3.579ns  (logic 1.860ns (51.976%)  route 1.719ns (48.024%))
  Logic Levels:           4  (CARRY4=3 LUT2=1)
  Clock Path Skew:        -0.038ns (DCD - SCD + CPR)
    Destination Clock Delay (DCD):    4.833ns = ( 14.833 - 10.000 ) 
    Source Clock Delay      (SCD):    5.129ns
    Clock Pessimism Removal (CPR):    0.258ns
  Clock Uncertainty:      0.035ns  ((TSJ^2 + TIJ^2)^1/2 + DJ) / 2 + PE
    Total System Jitter     (TSJ):    0.071ns
    Total Input Jitter      (TIJ):    0.000ns
    Discrete Jitter          (DJ):    0.000ns
    Phase Error              (PE):    0.000ns

    Location             Delay type                Incr(ns)  Path(ns)    Netlist Resource(s)
  -------------------------------------------------------------------    -------------------
                         (clock sys_clk_pin rise edge)
                                                      0.000     0.000 r  
    W5                                                0.000     0.000 r  clk (IN)
                         net (fo=0)                   0.000     0.000    clk
    W5                   IBUF (Prop_ibuf_I_O)         1.458     1.458 r  clk_IBUF_inst/O
                         net (fo=1, routed)           1.967     3.425    clk_IBUF
    BUFGCTRL_X0Y0        BUFG (Prop_bufg_I_O)         0.096     3.521 r  clk_IBUF_BUFG_inst/O
                         net (fo=44, routed)          1.608     5.129    d1/CLK
    SLICE_X65Y73         FDRE                                         r  d1/cnt_reg[1]/C
  -------------------------------------------------------------------    -------------------
    SLICE_X65Y73         FDRE (Prop_fdre_C_Q)         0.456     5.585 r  d1/cnt_reg[1]/Q
                         net (fo=2, routed)           1.051     6.636    d1/cnt[1]
    SLICE_X64Y73         CARRY4 (Prop_carry4_S[0]_CO[3])
                                                      0.637     7.273 r  d1/cnt0_carry/CO[3]
                         net (fo=1, routed)           0.000     7.273    d1/cnt0_carry_n_0
    SLICE_X64Y74         CARRY4 (Prop_carry4_CI_CO[3])
                                                      0.117     7.390 r  d1/cnt0_carry__0/CO[3]
                         net (fo=1, routed)           0.009     7.399    d1/cnt0_carry__0_n_0
    SLICE_X64Y75         CARRY4 (Prop_carry4_CI_O[3])
                                                      0.315     7.714 r  d1/cnt0_carry__1/O[3]
                         net (fo=1, routed)           0.658     8.372    d1/data0[12]
    SLICE_X65Y75         LUT2 (Prop_lut2_I1_O)        0.335     8.707 r  d1/cnt[12]_i_1/O
                         net (fo=1, routed)           0.000     8.707    d1/cnt_0[12]
    SLICE_X65Y75         FDRE                                         r  d1/cnt_reg[12]/D
  -------------------------------------------------------------------    -------------------

                         (clock sys_clk_pin rise edge)
                                                     10.000    10.000 r  
    W5                                                0.000    10.000 r  clk (IN)
                         net (fo=0)                   0.000    10.000    clk
    W5                   IBUF (Prop_ibuf_I_O)         1.388    11.388 r  clk_IBUF_inst/O
                         net (fo=1, routed)           1.862    13.250    clk_IBUF
    BUFGCTRL_X0Y0        BUFG (Prop_bufg_I_O)         0.091    13.341 r  clk_IBUF_BUFG_inst/O
                         net (fo=44, routed)          1.492    14.833    d1/CLK
    SLICE_X65Y75         FDRE                                         r  d1/cnt_reg[12]/C
                         clock pessimism              0.258    15.091    
                         clock uncertainty           -0.035    15.056    
    SLICE_X65Y75         FDRE (Setup_fdre_C_D)        0.075    15.131    d1/cnt_reg[12]
  -------------------------------------------------------------------
                         required time                         15.131    
                         arrival time                          -8.707    
  -------------------------------------------------------------------
                         slack                                  6.423    





Min Delay Paths
--------------------------------------------------------------------------------------
Slack (MET) :             0.234ns  (arrival time - required time)
  Source:                 FSM_onehot_state_reg[1]/C
                            (rising edge-triggered cell FDRE clocked by sys_clk_pin  {rise@0.000ns fall@5.000ns period=10.000ns})
  Destination:            FSM_onehot_state_reg[2]/D
                            (rising edge-triggered cell FDRE clocked by sys_clk_pin  {rise@0.000ns fall@5.000ns period=10.000ns})
  Path Group:             sys_clk_pin
  Path Type:              Hold (Min at Fast Process Corner)
  Requirement:            0.000ns  (sys_clk_pin rise@0.000ns - sys_clk_pin rise@0.000ns)
  Data Path Delay:        0.315ns  (logic 0.141ns (44.809%)  route 0.174ns (55.191%))
  Logic Levels:           0  
  Clock Path Skew:        0.011ns (DCD - SCD - CPR)
    Destination Clock Delay (DCD):    1.976ns
    Source Clock Delay      (SCD):    1.466ns
    Clock Pessimism Removal (CPR):    0.499ns

    Location             Delay type                Incr(ns)  Path(ns)    Netlist Resource(s)
  -------------------------------------------------------------------    -------------------
                         (clock sys_clk_pin rise edge)
                                                      0.000     0.000 r  
    W5                                                0.000     0.000 r  clk (IN)
                         net (fo=0)                   0.000     0.000    clk
    W5                   IBUF (Prop_ibuf_I_O)         0.226     0.226 r  clk_IBUF_inst/O
                         net (fo=1, routed)           0.631     0.858    clk_IBUF
    BUFGCTRL_X0Y0        BUFG (Prop_bufg_I_O)         0.026     0.884 r  clk_IBUF_BUFG_inst/O
                         net (fo=44, routed)          0.583     1.466    clk_IBUF_BUFG
    SLICE_X62Y71         FDRE                                         r  FSM_onehot_state_reg[1]/C
  -------------------------------------------------------------------    -------------------
    SLICE_X62Y71         FDRE (Prop_fdre_C_Q)         0.141     1.607 r  FSM_onehot_state_reg[1]/Q
                         net (fo=6, routed)           0.174     1.781    led_OBUF[13]
    SLICE_X62Y73         FDRE                                         r  FSM_onehot_state_reg[2]/D
  -------------------------------------------------------------------    -------------------

                         (clock sys_clk_pin rise edge)
                                                      0.000     0.000 r  
    W5                                                0.000     0.000 r  clk (IN)
                         net (fo=0)                   0.000     0.000    clk
    W5                   IBUF (Prop_ibuf_I_O)         0.414     0.414 r  clk_IBUF_inst/O
                         net (fo=1, routed)           0.685     1.099    clk_IBUF
    BUFGCTRL_X0Y0        BUFG (Prop_bufg_I_O)         0.029     1.128 r  clk_IBUF_BUFG_inst/O
                         net (fo=44, routed)          0.848     1.976    clk_IBUF_BUFG
    SLICE_X62Y73         FDRE                                         r  FSM_onehot_state_reg[2]/C
                         clock pessimism             -0.499     1.477    
    SLICE_X62Y73         FDRE (Hold_fdre_C_D)         0.070     1.547    FSM_onehot_state_reg[2]
  -------------------------------------------------------------------
                         required time                         -1.547    
                         arrival time                           1.781    
  -------------------------------------------------------------------
                         slack                                  0.234    

Slack (MET) :             0.273ns  (arrival time - required time)
  Source:                 FSM_onehot_state_reg[2]/C
                            (rising edge-triggered cell FDRE clocked by sys_clk_pin  {rise@0.000ns fall@5.000ns period=10.000ns})
  Destination:            FSM_onehot_state_reg[3]/D
                            (rising edge-triggered cell FDRE clocked by sys_clk_pin  {rise@0.000ns fall@5.000ns period=10.000ns})
  Path Group:             sys_clk_pin
  Path Type:              Hold (Min at Fast Process Corner)
  Requirement:            0.000ns  (sys_clk_pin rise@0.000ns - sys_clk_pin rise@0.000ns)
  Data Path Delay:        0.339ns  (logic 0.141ns (41.563%)  route 0.198ns (58.437%))
  Logic Levels:           0  
  Clock Path Skew:        0.000ns (DCD - SCD - CPR)
    Destination Clock Delay (DCD):    1.976ns
    Source Clock Delay      (SCD):    1.464ns
    Clock Pessimism Removal (CPR):    0.512ns

    Location             Delay type                Incr(ns)  Path(ns)    Netlist Resource(s)
  -------------------------------------------------------------------    -------------------
                         (clock sys_clk_pin rise edge)
                                                      0.000     0.000 r  
    W5                                                0.000     0.000 r  clk (IN)
                         net (fo=0)                   0.000     0.000    clk
    W5                   IBUF (Prop_ibuf_I_O)         0.226     0.226 r  clk_IBUF_inst/O
                         net (fo=1, routed)           0.631     0.858    clk_IBUF
    BUFGCTRL_X0Y0        BUFG (Prop_bufg_I_O)         0.026     0.884 r  clk_IBUF_BUFG_inst/O
                         net (fo=44, routed)          0.581     1.464    clk_IBUF_BUFG
    SLICE_X62Y73         FDRE                                         r  FSM_onehot_state_reg[2]/C
  -------------------------------------------------------------------    -------------------
    SLICE_X62Y73         FDRE (Prop_fdre_C_Q)         0.141     1.605 r  FSM_onehot_state_reg[2]/Q
                         net (fo=8, routed)           0.198     1.803    led_OBUF[14]
    SLICE_X62Y73         FDRE                                         r  FSM_onehot_state_reg[3]/D
  -------------------------------------------------------------------    -------------------

                         (clock sys_clk_pin rise edge)
                                                      0.000     0.000 r  
    W5                                                0.000     0.000 r  clk (IN)
                         net (fo=0)                   0.000     0.000    clk
    W5                   IBUF (Prop_ibuf_I_O)         0.414     0.414 r  clk_IBUF_inst/O
                         net (fo=1, routed)           0.685     1.099    clk_IBUF
    BUFGCTRL_X0Y0        BUFG (Prop_bufg_I_O)         0.029     1.128 r  clk_IBUF_BUFG_inst/O
                         net (fo=44, routed)          0.848     1.976    clk_IBUF_BUFG
    SLICE_X62Y73         FDRE                                         r  FSM_onehot_state_reg[3]/C
                         clock pessimism             -0.512     1.464    
    SLICE_X62Y73         FDRE (Hold_fdre_C_D)         0.066     1.530    FSM_onehot_state_reg[3]
  -------------------------------------------------------------------
                         required time                         -1.530    
                         arrival time                           1.803    
  -------------------------------------------------------------------
                         slack                                  0.273    

Slack (MET) :             0.330ns  (arrival time - required time)
  Source:                 FSM_onehot_state_reg[3]/C
                            (rising edge-triggered cell FDRE clocked by sys_clk_pin  {rise@0.000ns fall@5.000ns period=10.000ns})
  Destination:            FSM_onehot_state_reg[0]/D
                            (rising edge-triggered cell FDSE clocked by sys_clk_pin  {rise@0.000ns fall@5.000ns period=10.000ns})
  Path Group:             sys_clk_pin
  Path Type:              Hold (Min at Fast Process Corner)
  Requirement:            0.000ns  (sys_clk_pin rise@0.000ns - sys_clk_pin rise@0.000ns)
  Data Path Delay:        0.416ns  (logic 0.141ns (33.909%)  route 0.275ns (66.091%))
  Logic Levels:           0  
  Clock Path Skew:        0.016ns (DCD - SCD - CPR)
    Destination Clock Delay (DCD):    1.979ns
    Source Clock Delay      (SCD):    1.464ns
    Clock Pessimism Removal (CPR):    0.499ns

    Location             Delay type                Incr(ns)  Path(ns)    Netlist Resource(s)
  -------------------------------------------------------------------    -------------------
                         (clock sys_clk_pin rise edge)
                                                      0.000     0.000 r  
    W5                                                0.000     0.000 r  clk (IN)
                         net (fo=0)                   0.000     0.000    clk
    W5                   IBUF (Prop_ibuf_I_O)         0.226     0.226 r  clk_IBUF_inst/O
                         net (fo=1, routed)           0.631     0.858    clk_IBUF
    BUFGCTRL_X0Y0        BUFG (Prop_bufg_I_O)         0.026     0.884 r  clk_IBUF_BUFG_inst/O
                         net (fo=44, routed)          0.581     1.464    clk_IBUF_BUFG
    SLICE_X62Y73         FDRE                                         r  FSM_onehot_state_reg[3]/C
  -------------------------------------------------------------------    -------------------
    SLICE_X62Y73         FDRE (Prop_fdre_C_Q)         0.141     1.605 r  FSM_onehot_state_reg[3]/Q
                         net (fo=6, routed)           0.275     1.880    led_OBUF[15]
    SLICE_X62Y71         FDSE                                         r  FSM_onehot_state_reg[0]/D
  -------------------------------------------------------------------    -------------------

                         (clock sys_clk_pin rise edge)
                                                      0.000     0.000 r  
    W5                                                0.000     0.000 r  clk (IN)
                         net (fo=0)                   0.000     0.000    clk
    W5                   IBUF (Prop_ibuf_I_O)         0.414     0.414 r  clk_IBUF_inst/O
                         net (fo=1, routed)           0.685     1.099    clk_IBUF
    BUFGCTRL_X0Y0        BUFG (Prop_bufg_I_O)         0.029     1.128 r  clk_IBUF_BUFG_inst/O
                         net (fo=44, routed)          0.851     1.979    clk_IBUF_BUFG
    SLICE_X62Y71         FDSE                                         r  FSM_onehot_state_reg[0]/C
                         clock pessimism             -0.499     1.480    
    SLICE_X62Y71         FDSE (Hold_fdse_C_D)         0.070     1.550    FSM_onehot_state_reg[0]
  -------------------------------------------------------------------
                         required time                         -1.550    
                         arrival time                           1.880    
  -------------------------------------------------------------------
                         slack                                  0.330    

Slack (MET) :             0.333ns  (arrival time - required time)
  Source:                 d1/pbout_reg/C
                            (rising edge-triggered cell FDRE clocked by sys_clk_pin  {rise@0.000ns fall@5.000ns period=10.000ns})
  Destination:            dbtn_d_reg/D
                            (rising edge-triggered cell FDRE clocked by sys_clk_pin  {rise@0.000ns fall@5.000ns period=10.000ns})
  Path Group:             sys_clk_pin
  Path Type:              Hold (Min at Fast Process Corner)
  Requirement:            0.000ns  (sys_clk_pin rise@0.000ns - sys_clk_pin rise@0.000ns)
  Data Path Delay:        0.403ns  (logic 0.141ns (34.966%)  route 0.262ns (65.034%))
  Logic Levels:           0  
  Clock Path Skew:        0.000ns (DCD - SCD - CPR)
    Destination Clock Delay (DCD):    1.979ns
    Source Clock Delay      (SCD):    1.466ns
    Clock Pessimism Removal (CPR):    0.513ns

    Location             Delay type                Incr(ns)  Path(ns)    Netlist Resource(s)
  -------------------------------------------------------------------    -------------------
                         (clock sys_clk_pin rise edge)
                                                      0.000     0.000 r  
    W5                                                0.000     0.000 r  clk (IN)
                         net (fo=0)                   0.000     0.000    clk
    W5                   IBUF (Prop_ibuf_I_O)         0.226     0.226 r  clk_IBUF_inst/O
                         net (fo=1, routed)           0.631     0.858    clk_IBUF
    BUFGCTRL_X0Y0        BUFG (Prop_bufg_I_O)         0.026     0.884 r  clk_IBUF_BUFG_inst/O
                         net (fo=44, routed)          0.583     1.466    d1/CLK
    SLICE_X63Y71         FDRE                                         r  d1/pbout_reg/C
  -------------------------------------------------------------------    -------------------
    SLICE_X63Y71         FDRE (Prop_fdre_C_Q)         0.141     1.607 r  d1/pbout_reg/Q
                         net (fo=7, routed)           0.262     1.869    dbtn
    SLICE_X63Y71         FDRE                                         r  dbtn_d_reg/D
  -------------------------------------------------------------------    -------------------

                         (clock sys_clk_pin rise edge)
                                                      0.000     0.000 r  
    W5                                                0.000     0.000 r  clk (IN)
                         net (fo=0)                   0.000     0.000    clk
    W5                   IBUF (Prop_ibuf_I_O)         0.414     0.414 r  clk_IBUF_inst/O
                         net (fo=1, routed)           0.685     1.099    clk_IBUF
    BUFGCTRL_X0Y0        BUFG (Prop_bufg_I_O)         0.029     1.128 r  clk_IBUF_BUFG_inst/O
                         net (fo=44, routed)          0.851     1.979    clk_IBUF_BUFG
    SLICE_X63Y71         FDRE                                         r  dbtn_d_reg/C
                         clock pessimism             -0.513     1.466    
    SLICE_X63Y71         FDRE (Hold_fdre_C_D)         0.070     1.536    dbtn_d_reg
  -------------------------------------------------------------------
                         required time                         -1.536    
                         arrival time                           1.869    
  -------------------------------------------------------------------
                         slack                                  0.333    

Slack (MET) :             0.347ns  (arrival time - required time)
  Source:                 d1/cnt_reg[0]/C
                            (rising edge-triggered cell FDRE clocked by sys_clk_pin  {rise@0.000ns fall@5.000ns period=10.000ns})
  Destination:            d1/cnt_reg[0]/D
                            (rising edge-triggered cell FDRE clocked by sys_clk_pin  {rise@0.000ns fall@5.000ns period=10.000ns})
  Path Group:             sys_clk_pin
  Path Type:              Hold (Min at Fast Process Corner)
  Requirement:            0.000ns  (sys_clk_pin rise@0.000ns - sys_clk_pin rise@0.000ns)
  Data Path Delay:        0.452ns  (logic 0.189ns (41.822%)  route 0.263ns (58.178%))
  Logic Levels:           1  (LUT1=1)
  Clock Path Skew:        0.000ns (DCD - SCD - CPR)
    Destination Clock Delay (DCD):    1.976ns
    Source Clock Delay      (SCD):    1.464ns
    Clock Pessimism Removal (CPR):    0.512ns

    Location             Delay type                Incr(ns)  Path(ns)    Netlist Resource(s)
  -------------------------------------------------------------------    -------------------
                         (clock sys_clk_pin rise edge)
                                                      0.000     0.000 r  
    W5                                                0.000     0.000 r  clk (IN)
                         net (fo=0)                   0.000     0.000    clk
    W5                   IBUF (Prop_ibuf_I_O)         0.226     0.226 r  clk_IBUF_inst/O
                         net (fo=1, routed)           0.631     0.858    clk_IBUF
    BUFGCTRL_X0Y0        BUFG (Prop_bufg_I_O)         0.026     0.884 r  clk_IBUF_BUFG_inst/O
                         net (fo=44, routed)          0.581     1.464    d1/CLK
    SLICE_X65Y73         FDRE                                         r  d1/cnt_reg[0]/C
  -------------------------------------------------------------------    -------------------
    SLICE_X65Y73         FDRE (Prop_fdre_C_Q)         0.141     1.605 f  d1/cnt_reg[0]/Q
                         net (fo=3, routed)           0.263     1.868    d1/cnt[0]
    SLICE_X65Y73         LUT1 (Prop_lut1_I0_O)        0.048     1.916 r  d1/cnt[0]_i_1/O
                         net (fo=1, routed)           0.000     1.916    d1/cnt_0[0]
    SLICE_X65Y73         FDRE                                         r  d1/cnt_reg[0]/D
  -------------------------------------------------------------------    -------------------

                         (clock sys_clk_pin rise edge)
                                                      0.000     0.000 r  
    W5                                                0.000     0.000 r  clk (IN)
                         net (fo=0)                   0.000     0.000    clk
    W5                   IBUF (Prop_ibuf_I_O)         0.414     0.414 r  clk_IBUF_inst/O
                         net (fo=1, routed)           0.685     1.099    clk_IBUF
    BUFGCTRL_X0Y0        BUFG (Prop_bufg_I_O)         0.029     1.128 r  clk_IBUF_BUFG_inst/O
                         net (fo=44, routed)          0.848     1.976    d1/CLK
    SLICE_X65Y73         FDRE                                         r  d1/cnt_reg[0]/C
                         clock pessimism             -0.512     1.464    
    SLICE_X65Y73         FDRE (Hold_fdre_C_D)         0.105     1.569    d1/cnt_reg[0]
  -------------------------------------------------------------------
                         required time                         -1.569    
                         arrival time                           1.916    
  -------------------------------------------------------------------
                         slack                                  0.347    

Slack (MET) :             0.355ns  (arrival time - required time)
  Source:                 FSM_onehot_state_reg[0]/C
                            (rising edge-triggered cell FDSE clocked by sys_clk_pin  {rise@0.000ns fall@5.000ns period=10.000ns})
  Destination:            FSM_onehot_state_reg[1]/D
                            (rising edge-triggered cell FDRE clocked by sys_clk_pin  {rise@0.000ns fall@5.000ns period=10.000ns})
  Path Group:             sys_clk_pin
  Path Type:              Hold (Min at Fast Process Corner)
  Requirement:            0.000ns  (sys_clk_pin rise@0.000ns - sys_clk_pin rise@0.000ns)
  Data Path Delay:        0.421ns  (logic 0.141ns (33.499%)  route 0.280ns (66.501%))
  Logic Levels:           0  
  Clock Path Skew:        0.000ns (DCD - SCD - CPR)
    Destination Clock Delay (DCD):    1.979ns
    Source Clock Delay      (SCD):    1.466ns
    Clock Pessimism Removal (CPR):    0.513ns

    Location             Delay type                Incr(ns)  Path(ns)    Netlist Resource(s)
  -------------------------------------------------------------------    -------------------
                         (clock sys_clk_pin rise edge)
                                                      0.000     0.000 r  
    W5                                                0.000     0.000 r  clk (IN)
                         net (fo=0)                   0.000     0.000    clk
    W5                   IBUF (Prop_ibuf_I_O)         0.226     0.226 r  clk_IBUF_inst/O
                         net (fo=1, routed)           0.631     0.858    clk_IBUF
    BUFGCTRL_X0Y0        BUFG (Prop_bufg_I_O)         0.026     0.884 r  clk_IBUF_BUFG_inst/O
                         net (fo=44, routed)          0.583     1.466    clk_IBUF_BUFG
    SLICE_X62Y71         FDSE                                         r  FSM_onehot_state_reg[0]/C
  -------------------------------------------------------------------    -------------------
    SLICE_X62Y71         FDSE (Prop_fdse_C_Q)         0.141     1.607 r  FSM_onehot_state_reg[0]/Q
                         net (fo=8, routed)           0.280     1.887    led_OBUF[12]
    SLICE_X62Y71         FDRE                                         r  FSM_onehot_state_reg[1]/D
  -------------------------------------------------------------------    -------------------

                         (clock sys_clk_pin rise edge)
                                                      0.000     0.000 r  
    W5                                                0.000     0.000 r  clk (IN)
                         net (fo=0)                   0.000     0.000    clk
    W5                   IBUF (Prop_ibuf_I_O)         0.414     0.414 r  clk_IBUF_inst/O
                         net (fo=1, routed)           0.685     1.099    clk_IBUF
    BUFGCTRL_X0Y0        BUFG (Prop_bufg_I_O)         0.029     1.128 r  clk_IBUF_BUFG_inst/O
                         net (fo=44, routed)          0.851     1.979    clk_IBUF_BUFG
    SLICE_X62Y71         FDRE                                         r  FSM_onehot_state_reg[1]/C
                         clock pessimism             -0.513     1.466    
    SLICE_X62Y71         FDRE (Hold_fdre_C_D)         0.066     1.532    FSM_onehot_state_reg[1]
  -------------------------------------------------------------------
                         required time                         -1.532    
                         arrival time                           1.887    
  -------------------------------------------------------------------
                         slack                                  0.355    

Slack (MET) :             0.467ns  (arrival time - required time)
  Source:                 d1/pbout_reg/C
                            (rising edge-triggered cell FDRE clocked by sys_clk_pin  {rise@0.000ns fall@5.000ns period=10.000ns})
  Destination:            funct7_reg_reg[4]/CE
                            (rising edge-triggered cell FDRE clocked by sys_clk_pin  {rise@0.000ns fall@5.000ns period=10.000ns})
  Path Group:             sys_clk_pin
  Path Type:              Hold (Min at Fast Process Corner)
  Requirement:            0.000ns  (sys_clk_pin rise@0.000ns - sys_clk_pin rise@0.000ns)
  Data Path Delay:        0.465ns  (logic 0.186ns (39.973%)  route 0.279ns (60.027%))
  Logic Levels:           1  (LUT3=1)
  Clock Path Skew:        0.014ns (DCD - SCD - CPR)
    Destination Clock Delay (DCD):    1.979ns
    Source Clock Delay      (SCD):    1.466ns
    Clock Pessimism Removal (CPR):    0.499ns

    Location             Delay type                Incr(ns)  Path(ns)    Netlist Resource(s)
  -------------------------------------------------------------------    -------------------
                         (clock sys_clk_pin rise edge)
                                                      0.000     0.000 r  
    W5                                                0.000     0.000 r  clk (IN)
                         net (fo=0)                   0.000     0.000    clk
    W5                   IBUF (Prop_ibuf_I_O)         0.226     0.226 r  clk_IBUF_inst/O
                         net (fo=1, routed)           0.631     0.858    clk_IBUF
    BUFGCTRL_X0Y0        BUFG (Prop_bufg_I_O)         0.026     0.884 r  clk_IBUF_BUFG_inst/O
                         net (fo=44, routed)          0.583     1.466    d1/CLK
    SLICE_X63Y71         FDRE                                         r  d1/pbout_reg/C
  -------------------------------------------------------------------    -------------------
    SLICE_X63Y71         FDRE (Prop_fdre_C_Q)         0.141     1.607 r  d1/pbout_reg/Q
                         net (fo=7, routed)           0.168     1.776    d1/dbtn
    SLICE_X63Y71         LUT3 (Prop_lut3_I1_O)        0.045     1.821 r  d1/funct7_reg[6]_i_1/O
                         net (fo=7, routed)           0.111     1.932    d1_n_3
    SLICE_X64Y71         FDRE                                         r  funct7_reg_reg[4]/CE
  -------------------------------------------------------------------    -------------------

                         (clock sys_clk_pin rise edge)
                                                      0.000     0.000 r  
    W5                                                0.000     0.000 r  clk (IN)
                         net (fo=0)                   0.000     0.000    clk
    W5                   IBUF (Prop_ibuf_I_O)         0.414     0.414 r  clk_IBUF_inst/O
                         net (fo=1, routed)           0.685     1.099    clk_IBUF
    BUFGCTRL_X0Y0        BUFG (Prop_bufg_I_O)         0.029     1.128 r  clk_IBUF_BUFG_inst/O
                         net (fo=44, routed)          0.851     1.979    clk_IBUF_BUFG
    SLICE_X64Y71         FDRE                                         r  funct7_reg_reg[4]/C
                         clock pessimism             -0.499     1.480    
    SLICE_X64Y71         FDRE (Hold_fdre_C_CE)       -0.016     1.464    funct7_reg_reg[4]
  -------------------------------------------------------------------
                         required time                         -1.464    
                         arrival time                           1.932    
  -------------------------------------------------------------------
                         slack                                  0.467    

Slack (MET) :             0.467ns  (arrival time - required time)
  Source:                 d1/pbout_reg/C
                            (rising edge-triggered cell FDRE clocked by sys_clk_pin  {rise@0.000ns fall@5.000ns period=10.000ns})
  Destination:            funct7_reg_reg[5]/CE
                            (rising edge-triggered cell FDRE clocked by sys_clk_pin  {rise@0.000ns fall@5.000ns period=10.000ns})
  Path Group:             sys_clk_pin
  Path Type:              Hold (Min at Fast Process Corner)
  Requirement:            0.000ns  (sys_clk_pin rise@0.000ns - sys_clk_pin rise@0.000ns)
  Data Path Delay:        0.465ns  (logic 0.186ns (39.973%)  route 0.279ns (60.027%))
  Logic Levels:           1  (LUT3=1)
  Clock Path Skew:        0.014ns (DCD - SCD - CPR)
    Destination Clock Delay (DCD):    1.979ns
    Source Clock Delay      (SCD):    1.466ns
    Clock Pessimism Removal (CPR):    0.499ns

    Location             Delay type                Incr(ns)  Path(ns)    Netlist Resource(s)
  -------------------------------------------------------------------    -------------------
                         (clock sys_clk_pin rise edge)
                                                      0.000     0.000 r  
    W5                                                0.000     0.000 r  clk (IN)
                         net (fo=0)                   0.000     0.000    clk
    W5                   IBUF (Prop_ibuf_I_O)         0.226     0.226 r  clk_IBUF_inst/O
                         net (fo=1, routed)           0.631     0.858    clk_IBUF
    BUFGCTRL_X0Y0        BUFG (Prop_bufg_I_O)         0.026     0.884 r  clk_IBUF_BUFG_inst/O
                         net (fo=44, routed)          0.583     1.466    d1/CLK
    SLICE_X63Y71         FDRE                                         r  d1/pbout_reg/C
  -------------------------------------------------------------------    -------------------
    SLICE_X63Y71         FDRE (Prop_fdre_C_Q)         0.141     1.607 r  d1/pbout_reg/Q
                         net (fo=7, routed)           0.168     1.776    d1/dbtn
    SLICE_X63Y71         LUT3 (Prop_lut3_I1_O)        0.045     1.821 r  d1/funct7_reg[6]_i_1/O
                         net (fo=7, routed)           0.111     1.932    d1_n_3
    SLICE_X64Y71         FDRE                                         r  funct7_reg_reg[5]/CE
  -------------------------------------------------------------------    -------------------

                         (clock sys_clk_pin rise edge)
                                                      0.000     0.000 r  
    W5                                                0.000     0.000 r  clk (IN)
                         net (fo=0)                   0.000     0.000    clk
    W5                   IBUF (Prop_ibuf_I_O)         0.414     0.414 r  clk_IBUF_inst/O
                         net (fo=1, routed)           0.685     1.099    clk_IBUF
    BUFGCTRL_X0Y0        BUFG (Prop_bufg_I_O)         0.029     1.128 r  clk_IBUF_BUFG_inst/O
                         net (fo=44, routed)          0.851     1.979    clk_IBUF_BUFG
    SLICE_X64Y71         FDRE                                         r  funct7_reg_reg[5]/C
                         clock pessimism             -0.499     1.480    
    SLICE_X64Y71         FDRE (Hold_fdre_C_CE)       -0.016     1.464    funct7_reg_reg[5]
  -------------------------------------------------------------------
                         required time                         -1.464    
                         arrival time                           1.932    
  -------------------------------------------------------------------
                         slack                                  0.467    

Slack (MET) :             0.467ns  (arrival time - required time)
  Source:                 d1/pbout_reg/C
                            (rising edge-triggered cell FDRE clocked by sys_clk_pin  {rise@0.000ns fall@5.000ns period=10.000ns})
  Destination:            funct7_reg_reg[6]/CE
                            (rising edge-triggered cell FDRE clocked by sys_clk_pin  {rise@0.000ns fall@5.000ns period=10.000ns})
  Path Group:             sys_clk_pin
  Path Type:              Hold (Min at Fast Process Corner)
  Requirement:            0.000ns  (sys_clk_pin rise@0.000ns - sys_clk_pin rise@0.000ns)
  Data Path Delay:        0.465ns  (logic 0.186ns (39.973%)  route 0.279ns (60.027%))
  Logic Levels:           1  (LUT3=1)
  Clock Path Skew:        0.014ns (DCD - SCD - CPR)
    Destination Clock Delay (DCD):    1.979ns
    Source Clock Delay      (SCD):    1.466ns
    Clock Pessimism Removal (CPR):    0.499ns

    Location             Delay type                Incr(ns)  Path(ns)    Netlist Resource(s)
  -------------------------------------------------------------------    -------------------
                         (clock sys_clk_pin rise edge)
                                                      0.000     0.000 r  
    W5                                                0.000     0.000 r  clk (IN)
                         net (fo=0)                   0.000     0.000    clk
    W5                   IBUF (Prop_ibuf_I_O)         0.226     0.226 r  clk_IBUF_inst/O
                         net (fo=1, routed)           0.631     0.858    clk_IBUF
    BUFGCTRL_X0Y0        BUFG (Prop_bufg_I_O)         0.026     0.884 r  clk_IBUF_BUFG_inst/O
                         net (fo=44, routed)          0.583     1.466    d1/CLK
    SLICE_X63Y71         FDRE                                         r  d1/pbout_reg/C
  -------------------------------------------------------------------    -------------------
    SLICE_X63Y71         FDRE (Prop_fdre_C_Q)         0.141     1.607 r  d1/pbout_reg/Q
                         net (fo=7, routed)           0.168     1.776    d1/dbtn
    SLICE_X63Y71         LUT3 (Prop_lut3_I1_O)        0.045     1.821 r  d1/funct7_reg[6]_i_1/O
                         net (fo=7, routed)           0.111     1.932    d1_n_3
    SLICE_X64Y71         FDRE                                         r  funct7_reg_reg[6]/CE
  -------------------------------------------------------------------    -------------------

                         (clock sys_clk_pin rise edge)
                                                      0.000     0.000 r  
    W5                                                0.000     0.000 r  clk (IN)
                         net (fo=0)                   0.000     0.000    clk
    W5                   IBUF (Prop_ibuf_I_O)         0.414     0.414 r  clk_IBUF_inst/O
                         net (fo=1, routed)           0.685     1.099    clk_IBUF
    BUFGCTRL_X0Y0        BUFG (Prop_bufg_I_O)         0.029     1.128 r  clk_IBUF_BUFG_inst/O
                         net (fo=44, routed)          0.851     1.979    clk_IBUF_BUFG
    SLICE_X64Y71         FDRE                                         r  funct7_reg_reg[6]/C
                         clock pessimism             -0.499     1.480    
    SLICE_X64Y71         FDRE (Hold_fdre_C_CE)       -0.016     1.464    funct7_reg_reg[6]
  -------------------------------------------------------------------
                         required time                         -1.464    
                         arrival time                           1.932    
  -------------------------------------------------------------------
                         slack                                  0.467    

Slack (MET) :             0.493ns  (arrival time - required time)
  Source:                 d1/cnt_reg[7]/C
                            (rising edge-triggered cell FDRE clocked by sys_clk_pin  {rise@0.000ns fall@5.000ns period=10.000ns})
  Destination:            d1/cnt_reg[7]/D
                            (rising edge-triggered cell FDRE clocked by sys_clk_pin  {rise@0.000ns fall@5.000ns period=10.000ns})
  Path Group:             sys_clk_pin
  Path Type:              Hold (Min at Fast Process Corner)
  Requirement:            0.000ns  (sys_clk_pin rise@0.000ns - sys_clk_pin rise@0.000ns)
  Data Path Delay:        0.585ns  (logic 0.359ns (61.340%)  route 0.226ns (38.660%))
  Logic Levels:           2  (CARRY4=1 LUT2=1)
  Clock Path Skew:        0.000ns (DCD - SCD - CPR)
    Destination Clock Delay (DCD):    1.975ns
    Source Clock Delay      (SCD):    1.463ns
    Clock Pessimism Removal (CPR):    0.512ns

    Location             Delay type                Incr(ns)  Path(ns)    Netlist Resource(s)
  -------------------------------------------------------------------    -------------------
                         (clock sys_clk_pin rise edge)
                                                      0.000     0.000 r  
    W5                                                0.000     0.000 r  clk (IN)
                         net (fo=0)                   0.000     0.000    clk
    W5                   IBUF (Prop_ibuf_I_O)         0.226     0.226 r  clk_IBUF_inst/O
                         net (fo=1, routed)           0.631     0.858    clk_IBUF
    BUFGCTRL_X0Y0        BUFG (Prop_bufg_I_O)         0.026     0.884 r  clk_IBUF_BUFG_inst/O
                         net (fo=44, routed)          0.580     1.463    d1/CLK
    SLICE_X65Y74         FDRE                                         r  d1/cnt_reg[7]/C
  -------------------------------------------------------------------    -------------------
    SLICE_X65Y74         FDRE (Prop_fdre_C_Q)         0.141     1.604 r  d1/cnt_reg[7]/Q
                         net (fo=2, routed)           0.065     1.669    d1/cnt[7]
    SLICE_X64Y74         CARRY4 (Prop_carry4_S[2]_O[2])
                                                      0.110     1.779 r  d1/cnt0_carry__0/O[2]
                         net (fo=1, routed)           0.161     1.940    d1/data0[7]
    SLICE_X65Y74         LUT2 (Prop_lut2_I1_O)        0.108     2.048 r  d1/cnt[7]_i_1/O
                         net (fo=1, routed)           0.000     2.048    d1/cnt_0[7]
    SLICE_X65Y74         FDRE                                         r  d1/cnt_reg[7]/D
  -------------------------------------------------------------------    -------------------

                         (clock sys_clk_pin rise edge)
                                                      0.000     0.000 r  
    W5                                                0.000     0.000 r  clk (IN)
                         net (fo=0)                   0.000     0.000    clk
    W5                   IBUF (Prop_ibuf_I_O)         0.414     0.414 r  clk_IBUF_inst/O
                         net (fo=1, routed)           0.685     1.099    clk_IBUF
    BUFGCTRL_X0Y0        BUFG (Prop_bufg_I_O)         0.029     1.128 r  clk_IBUF_BUFG_inst/O
                         net (fo=44, routed)          0.847     1.975    d1/CLK
    SLICE_X65Y74         FDRE                                         r  d1/cnt_reg[7]/C
                         clock pessimism             -0.512     1.463    
    SLICE_X65Y74         FDRE (Hold_fdre_C_D)         0.092     1.555    d1/cnt_reg[7]
  -------------------------------------------------------------------
                         required time                         -1.555    
                         arrival time                           2.048    
  -------------------------------------------------------------------
                         slack                                  0.493    





Pulse Width Checks
--------------------------------------------------------------------------------------
Clock Name:         sys_clk_pin
Waveform(ns):       { 0.000 5.000 }
Period(ns):         10.000
Sources:            { clk }

Check Type        Corner  Lib Pin  Reference Pin  Required(ns)  Actual(ns)  Slack(ns)  Location       Pin
Min Period        n/a     BUFG/I   n/a            2.155         10.000      7.845      BUFGCTRL_X0Y0  clk_IBUF_BUFG_inst/I
Min Period        n/a     FDSE/C   n/a            1.000         10.000      9.000      SLICE_X62Y71   FSM_onehot_state_reg[0]/C
Min Period        n/a     FDRE/C   n/a            1.000         10.000      9.000      SLICE_X62Y71   FSM_onehot_state_reg[1]/C
Min Period        n/a     FDRE/C   n/a            1.000         10.000      9.000      SLICE_X62Y73   FSM_onehot_state_reg[2]/C
Min Period        n/a     FDRE/C   n/a            1.000         10.000      9.000      SLICE_X62Y73   FSM_onehot_state_reg[3]/C
Min Period        n/a     FDRE/C   n/a            1.000         10.000      9.000      SLICE_X65Y73   d1/cnt_reg[0]/C
Min Period        n/a     FDRE/C   n/a            1.000         10.000      9.000      SLICE_X65Y75   d1/cnt_reg[10]/C
Min Period        n/a     FDRE/C   n/a            1.000         10.000      9.000      SLICE_X65Y75   d1/cnt_reg[11]/C
Min Period        n/a     FDRE/C   n/a            1.000         10.000      9.000      SLICE_X65Y75   d1/cnt_reg[12]/C
Min Period        n/a     FDRE/C   n/a            1.000         10.000      9.000      SLICE_X65Y75   d1/cnt_reg[13]/C
Low Pulse Width   Slow    FDSE/C   n/a            0.500         5.000       4.500      SLICE_X62Y71   FSM_onehot_state_reg[0]/C
Low Pulse Width   Slow    FDRE/C   n/a            0.500         5.000       4.500      SLICE_X62Y71   FSM_onehot_state_reg[1]/C
Low Pulse Width   Slow    FDRE/C   n/a            0.500         5.000       4.500      SLICE_X63Y71   d1/pbout_reg/C
Low Pulse Width   Slow    FDRE/C   n/a            0.500         5.000       4.500      SLICE_X63Y71   d1/sync_reg/C
Low Pulse Width   Slow    FDRE/C   n/a            0.500         5.000       4.500      SLICE_X63Y71   dbtn_d_reg/C
Low Pulse Width   Slow    FDRE/C   n/a            0.500         5.000       4.500      SLICE_X64Y71   funct7_reg_reg[4]/C
Low Pulse Width   Slow    FDRE/C   n/a            0.500         5.000       4.500      SLICE_X64Y71   funct7_reg_reg[5]/C
Low Pulse Width   Slow    FDRE/C   n/a            0.500         5.000       4.500      SLICE_X64Y71   funct7_reg_reg[6]/C
Low Pulse Width   Fast    FDRE/C   n/a            0.500         5.000       4.500      SLICE_X62Y73   FSM_onehot_state_reg[2]/C
Low Pulse Width   Fast    FDRE/C   n/a            0.500         5.000       4.500      SLICE_X62Y73   FSM_onehot_state_reg[3]/C
High Pulse Width  Slow    FDRE/C   n/a            0.500         5.000       4.500      SLICE_X65Y75   d1/cnt_reg[10]/C
High Pulse Width  Slow    FDRE/C   n/a            0.500         5.000       4.500      SLICE_X65Y75   d1/cnt_reg[11]/C
High Pulse Width  Slow    FDRE/C   n/a            0.500         5.000       4.500      SLICE_X65Y75   d1/cnt_reg[12]/C
High Pulse Width  Slow    FDRE/C   n/a            0.500         5.000       4.500      SLICE_X65Y75   d1/cnt_reg[13]/C
High Pulse Width  Slow    FDRE/C   n/a            0.500         5.000       4.500      SLICE_X65Y74   d1/cnt_reg[4]/C
High Pulse Width  Slow    FDRE/C   n/a            0.500         5.000       4.500      SLICE_X65Y74   d1/cnt_reg[5]/C
High Pulse Width  Slow    FDRE/C   n/a            0.500         5.000       4.500      SLICE_X65Y75   d1/cnt_reg[6]/C
High Pulse Width  Slow    FDRE/C   n/a            0.500         5.000       4.500      SLICE_X65Y74   d1/cnt_reg[7]/C
High Pulse Width  Slow    FDRE/C   n/a            0.500         5.000       4.500      SLICE_X65Y74   d1/cnt_reg[8]/C
High Pulse Width  Slow    FDRE/C   n/a            0.500         5.000       4.500      SLICE_X65Y75   d1/cnt_reg[9]/C



