#-----------------------------------------------------------
# Vivado v2020.1 (64-bit)
# SW Build 2902540 on Wed May 27 19:54:49 MDT 2020
# IP Build 2902112 on Wed May 27 22:43:36 MDT 2020
# Start of session at: Fri Apr 10 10:41:44 2026
# Process ID: 92816
# Current directory: C:/Users/fs09911/Desktop/CA-Labs/Project/Part A
# Command line: vivado.exe -gui_launcher_event rodinguilauncherevent79532 C:\Users\fs09911\Desktop\CA-Labs\Project\Part A\Project_Verilog.xpr
# Log file: C:/Users/fs09911/Desktop/CA-Labs/Project/Part A/vivado.log
# Journal file: C:/Users/fs09911/Desktop/CA-Labs/Project/Part A\vivado.jou
#-----------------------------------------------------------
start_gui
open_project {C:/Users/fs09911/Desktop/CA-Labs/Project/Part A/Project_Verilog.xpr}
INFO: [Project 1-313] Project file moved from 'C:/Users/fs09911/Desktop/CA-Labs/Project/Project_Verilog' since last save.
Scanning sources...
Finished scanning sources
INFO: [IP_Flow 19-234] Refreshing IP repositories
INFO: [IP_Flow 19-1704] No user IP repositories specified
INFO: [IP_Flow 19-2313] Loaded Vivado IP repository 'C:/Xilinx/Vivado/2020.1/data/ip'.
update_compile_order -fileset sources_1
exit
INFO: [Common 17-206] Exiting Vivado at Fri Apr 10 10:42:44 2026...
