Vivado Simulator 2020.1
Copyright 1986-1999, 2001-2020 Xilinx, Inc. All Rights Reserved.
Running: C:/Xilinx/Vivado/2020.1/bin/unwrapped/win64.o/xelab.exe -wto af7f599d3d3045d89c41126c00be7a76 --incr --debug typical --relax --mt 2 -L xil_defaultlib -L unisims_ver -L unimacro_ver -L secureip --snapshot MemorySystem_tb_behav xil_defaultlib.MemorySystem_tb xil_defaultlib.glbl -log elaborate.log 
Using 2 slave threads.
Starting static elaboration
Pass Through NonSizing Optimizer
Completed static elaboration
Starting simulation data flow analysis
WARNING: [XSIM 43-4099] "C:/Users/fs09911/Desktop/CA-Labs/Lab08/Lab08_Verilog/Lab08_Verilog.srcs/sources_1/new/AddressDecoder.v" Line 1. Module AddressDecoder doesn't have a timescale but at least one module in design has a timescale.
WARNING: [XSIM 43-4099] "C:/Users/fs09911/Desktop/CA-Labs/Lab08/Lab08_Verilog/Lab08_Verilog.srcs/sources_1/new/AddressDecoder.v" Line 1. Module AddressDecoder doesn't have a timescale but at least one module in design has a timescale.
Completed simulation data flow analysis
Time Resolution for simulation is 1ps
Compiling module xil_defaultlib.AddressDecoder
Compiling module xil_defaultlib.DataMemory
Compiling module xil_defaultlib.switches
Compiling module xil_defaultlib.leds
Compiling module xil_defaultlib.addressDecoderTop
Compiling module xil_defaultlib.MemorySystem_tb
Compiling module xil_defaultlib.glbl
Built simulation snapshot MemorySystem_tb_behav
